{"/home/felipemarques/projects/boyzera/apps/backend/src/app.controller.ts": {"path":"/home/felipemarques/projects/boyzera/apps/backend/src/app.controller.ts","statementMap":{"0":{"start":{"line":1,"column":0},"end":{"line":1,"column":49}},"1":{"start":{"line":2,"column":0},"end":{"line":2,"column":43}},"2":{"start":{"line":5,"column":7},"end":{"line":12,"column":null}},"3":{"start":{"line":6,"column":31},"end":{"line":6,"column":43}},"4":{"start":{"line":10,"column":4},"end":{"line":10,"column":38}},"5":{"start":{"line":5,"column":13},"end":{"line":5,"column":26}},"6":{"start":{"line":9,"column":2},"end":{"line":11,"column":null}},"7":{"start":{"line":5,"column":13},"end":{"line":12,"column":null}}},"fnMap":{"0":{"name":"(anonymous_2)","decl":{"start":{"line":6,"column":2},"end":{"line":6,"column":31}},"loc":{"start":{"line":6,"column":53},"end":{"line":6,"column":57}}},"1":{"name":"(anonymous_3)","decl":{"start":{"line":9,"column":2},"end":{"line":9,"column":10}},"loc":{"start":{"line":9,"column":10},"end":{"line":11,"column":3}}}},"branchMap":{"0":{"loc":{"start":{"line":6,"column":43},"end":{"line":6,"column":56}},"type":"cond-expr","locations":[{"start":{"line":6,"column":53},"end":{"line":6,"column":56}},{"start":{"line":6,"column":53},"end":{"line":6,"column":56}}]},"1":{"loc":{"start":{"line":6,"column":43},"end":{"line":6,"column":53}},"type":"binary-expr","locations":[{"start":{"line":6,"column":43},"end":{"line":6,"column":56}},{"start":{"line":6,"column":43},"end":{"line":6,"column":53}}]}},"s":{"0":1,"1":1,"2":1,"3":1,"4":1,"5":1,"6":1,"7":1},"f":{"0":1,"1":1},"b":{"0":[1,0],"1":[1,1]}}
,"/home/felipemarques/projects/boyzera/apps/backend/src/app.module.ts": {"path":"/home/felipemarques/projects/boyzera/apps/backend/src/app.module.ts","statementMap":{"0":{"start":{"line":1,"column":0},"end":{"line":1,"column":40}},"1":{"start":{"line":2,"column":0},"end":{"line":2,"column":46}},"2":{"start":{"line":3,"column":0},"end":{"line":3,"column":59}},"3":{"start":{"line":4,"column":0},"end":{"line":4,"column":52}},"4":{"start":{"line":5,"column":0},"end":{"line":5,"column":49}},"5":{"start":{"line":6,"column":0},"end":{"line":6,"column":43}},"6":{"start":{"line":7,"column":0},"end":{"line":7,"column":75}},"7":{"start":{"line":8,"column":0},"end":{"line":8,"column":63}},"8":{"start":{"line":9,"column":0},"end":{"line":9,"column":63}},"9":{"start":{"line":10,"column":0},"end":{"line":10,"column":66}},"10":{"start":{"line":11,"column":0},"end":{"line":11,"column":72}},"11":{"start":{"line":12,"column":0},"end":{"line":12,"column":75}},"12":{"start":{"line":13,"column":0},"end":{"line":13,"column":87}},"13":{"start":{"line":14,"column":0},"end":{"line":14,"column":69}},"14":{"start":{"line":15,"column":0},"end":{"line":15,"column":84}},"15":{"start":{"line":16,"column":0},"end":{"line":16,"column":78}},"16":{"start":{"line":17,"column":0},"end":{"line":17,"column":75}},"17":{"start":{"line":18,"column":0},"end":{"line":18,"column":63}},"18":{"start":{"line":19,"column":0},"end":{"line":19,"column":81}},"19":{"start":{"line":48,"column":7},"end":{"line":48,"column":null}},"20":{"start":{"line":48,"column":13},"end":{"line":48,"column":22}},"21":{"start":{"line":48,"column":13},"end":{"line":48,"column":null}}},"fnMap":{},"branchMap":{},"s":{"0":0,"1":0,"2":0,"3":0,"4":0,"5":0,"6":0,"7":0,"8":0,"9":0,"10":0,"11":0,"12":0,"13":0,"14":0,"15":0,"16":0,"17":0,"18":0,"19":0,"20":0,"21":0},"f":{},"b":{}}
,"/home/felipemarques/projects/boyzera/apps/backend/src/app.service.ts": {"path":"/home/felipemarques/projects/boyzera/apps/backend/src/app.service.ts","statementMap":{"0":{"start":{"line":1,"column":0},"end":{"line":1,"column":44}},"1":{"start":{"line":4,"column":7},"end":{"line":8,"column":null}},"2":{"start":{"line":6,"column":4},"end":{"line":6,"column":26}},"3":{"start":{"line":4,"column":13},"end":{"line":4,"column":23}},"4":{"start":{"line":4,"column":13},"end":{"line":8,"column":null}}},"fnMap":{"0":{"name":"(anonymous_1)","decl":{"start":{"line":5,"column":2},"end":{"line":5,"column":10}},"loc":{"start":{"line":5,"column":10},"end":{"line":7,"column":3}}}},"branchMap":{},"s":{"0":1,"1":1,"2":1,"3":1,"4":1},"f":{"0":1},"b":{}}
,"/home/felipemarques/projects/boyzera/apps/backend/src/main.ts": {"path":"/home/felipemarques/projects/boyzera/apps/backend/src/main.ts","statementMap":{"0":{"start":{"line":1,"column":0},"end":{"line":1,"column":16}},"1":{"start":{"line":2,"column":0},"end":{"line":2,"column":43}},"2":{"start":{"line":3,"column":0},"end":{"line":3,"column":41}},"3":{"start":{"line":6,"column":0},"end":{"line":8,"column":1}},"4":{"start":{"line":7,"column":2},"end":{"line":7,"column":36}},"5":{"start":{"line":11,"column":14},"end":{"line":11,"column":49}},"6":{"start":{"line":12,"column":2},"end":{"line":12,"column":45}},"7":{"start":{"line":14,"column":0},"end":{"line":14,"column":12}}},"fnMap":{"0":{"name":"bootstrap","decl":{"start":{"line":10,"column":15},"end":{"line":10,"column":24}},"loc":{"start":{"line":10,"column":24},"end":{"line":13,"column":1}}}},"branchMap":{"0":{"loc":{"start":{"line":6,"column":0},"end":{"line":8,"column":1}},"type":"if","locations":[{"start":{"line":6,"column":0},"end":{"line":8,"column":1}},{"start":{},"end":{}}]},"1":{"loc":{"start":{"line":12,"column":19},"end":{"line":12,"column":43}},"type":"binary-expr","locations":[{"start":{"line":12,"column":19},"end":{"line":12,"column":35}},{"start":{"line":12,"column":39},"end":{"line":12,"column":43}}]}},"s":{"0":0,"1":0,"2":0,"3":0,"4":0,"5":0,"6":0,"7":0},"f":{"0":0},"b":{"0":[0,0],"1":[0,0]}}
,"/home/felipemarques/projects/boyzera/apps/backend/src/shim.ts": {"path":"/home/felipemarques/projects/boyzera/apps/backend/src/shim.ts","statementMap":{"0":{"start":{"line":1,"column":0},"end":{"line":1,"column":33}},"1":{"start":{"line":3,"column":0},"end":{"line":6,"column":1}},"2":{"start":{"line":5,"column":2},"end":{"line":5,"column":25}}},"fnMap":{},"branchMap":{"0":{"loc":{"start":{"line":3,"column":0},"end":{"line":6,"column":1}},"type":"if","locations":[{"start":{"line":3,"column":0},"end":{"line":6,"column":1}},{"start":{},"end":{}}]}},"s":{"0":0,"1":0,"2":0},"f":{},"b":{"0":[0,0]}}
,"/home/felipemarques/projects/boyzera/apps/backend/src/domain/entities/challenge.entity.ts": {"path":"/home/felipemarques/projects/boyzera/apps/backend/src/domain/entities/challenge.entity.ts","statementMap":{"0":{"start":{"line":1,"column":0},"end":{"line":1,"column":null}},"1":{"start":{"line":11,"column":0},"end":{"line":11,"column":37}},"2":{"start":{"line":13,"column":0},"end":{"line":13,"column":null}},"3":{"start":{"line":14,"column":2},"end":{"line":14,"column":null}},"4":{"start":{"line":15,"column":2},"end":{"line":15,"column":null}},"5":{"start":{"line":16,"column":2},"end":{"line":16,"column":null}},"6":{"start":{"line":17,"column":2},"end":{"line":17,"column":null}},"7":{"start":{"line":18,"column":2},"end":{"line":18,"column":null}},"8":{"start":{"line":21,"column":0},"end":{"line":21,"column":null}},"9":{"start":{"line":22,"column":2},"end":{"line":22,"column":null}},"10":{"start":{"line":23,"column":2},"end":{"line":23,"column":null}},"11":{"start":{"line":24,"column":2},"end":{"line":24,"column":null}},"12":{"start":{"line":25,"column":2},"end":{"line":25,"column":null}},"13":{"start":{"line":26,"column":2},"end":{"line":26,"column":null}},"14":{"start":{"line":27,"column":2},"end":{"line":27,"column":null}},"15":{"start":{"line":49,"column":7},"end":{"line":171,"column":null}},"16":{"start":{"line":140,"column":4},"end":{"line":140,"column":51}},"17":{"start":{"line":144,"column":4},"end":{"line":144,"column":51}},"18":{"start":{"line":148,"column":4},"end":{"line":148,"column":53}},"19":{"start":{"line":152,"column":4},"end":{"line":152,"column":62}},"20":{"start":{"line":152,"column":49},"end":{"line":152,"column":62}},"21":{"start":{"line":153,"column":4},"end":{"line":153,"column":68}},"22":{"start":{"line":153,"column":55},"end":{"line":153,"column":68}},"23":{"start":{"line":154,"column":4},"end":{"line":154,"column":16}},"24":{"start":{"line":158,"column":4},"end":{"line":158,"column":34}},"25":{"start":{"line":158,"column":22},"end":{"line":158,"column":34}},"26":{"start":{"line":159,"column":4},"end":{"line":159,"column":32}},"27":{"start":{"line":163,"column":4},"end":{"line":163,"column":70}},"28":{"start":{"line":167,"column":4},"end":{"line":167,"column":61}},"29":{"start":{"line":167,"column":38},"end":{"line":167,"column":61}},"30":{"start":{"line":168,"column":4},"end":{"line":168,"column":61}},"31":{"start":{"line":168,"column":36},"end":{"line":168,"column":61}},"32":{"start":{"line":169,"column":4},"end":{"line":169,"column":16}},"33":{"start":{"line":49,"column":13},"end":{"line":49,"column":22}},"34":{"start":{"line":51,"column":2},"end":{"line":51,"column":null}},"35":{"start":{"line":58,"column":2},"end":{"line":58,"column":null}},"36":{"start":{"line":66,"column":2},"end":{"line":66,"column":null}},"37":{"start":{"line":71,"column":2},"end":{"line":71,"column":null}},"38":{"start":{"line":75,"column":2},"end":{"line":75,"column":null}},"39":{"start":{"line":73,"column":19},"end":{"line":73,"column":23}},"40":{"start":{"line":80,"column":2},"end":{"line":80,"column":null}},"41":{"start":{"line":84,"column":2},"end":{"line":84,"column":null}},"42":{"start":{"line":82,"column":19},"end":{"line":82,"column":23}},"43":{"start":{"line":97,"column":2},"end":{"line":97,"column":null}},"44":{"start":{"line":93,"column":38},"end":{"line":93,"column":55}},"45":{"start":{"line":94,"column":32},"end":{"line":94,"column":65}},"46":{"start":{"line":101,"column":2},"end":{"line":101,"column":null}},"47":{"start":{"line":105,"column":2},"end":{"line":105,"column":null}},"48":{"start":{"line":118,"column":2},"end":{"line":118,"column":null}},"49":{"start":{"line":114,"column":38},"end":{"line":114,"column":55}},"50":{"start":{"line":115,"column":32},"end":{"line":115,"column":65}},"51":{"start":{"line":122,"column":2},"end":{"line":122,"column":null}},"52":{"start":{"line":126,"column":2},"end":{"line":126,"column":null}},"53":{"start":{"line":130,"column":2},"end":{"line":130,"column":null}},"54":{"start":{"line":133,"column":2},"end":{"line":133,"column":null}},"55":{"start":{"line":136,"column":2},"end":{"line":136,"column":null}},"56":{"start":{"line":49,"column":13},"end":{"line":171,"column":null}}},"fnMap":{"0":{"name":"(anonymous_2)","decl":{"start":{"line":13,"column":0},"end":{"line":13,"column":12}},"loc":{"start":{"line":13,"column":25},"end":{"line":19,"column":1}}},"1":{"name":"(anonymous_3)","decl":{"start":{"line":21,"column":0},"end":{"line":21,"column":12}},"loc":{"start":{"line":21,"column":27},"end":{"line":28,"column":1}}},"2":{"name":"(anonymous_4)","decl":{"start":{"line":139,"column":2},"end":{"line":139,"column":11}},"loc":{"start":{"line":139,"column":11},"end":{"line":141,"column":3}}},"3":{"name":"(anonymous_5)","decl":{"start":{"line":143,"column":2},"end":{"line":143,"column":11}},"loc":{"start":{"line":143,"column":11},"end":{"line":145,"column":3}}},"4":{"name":"(anonymous_6)","decl":{"start":{"line":147,"column":2},"end":{"line":147,"column":13}},"loc":{"start":{"line":147,"column":13},"end":{"line":149,"column":3}}},"5":{"name":"(anonymous_7)","decl":{"start":{"line":151,"column":2},"end":{"line":151,"column":11}},"loc":{"start":{"line":151,"column":11},"end":{"line":155,"column":3}}},"6":{"name":"(anonymous_8)","decl":{"start":{"line":157,"column":2},"end":{"line":157,"column":13}},"loc":{"start":{"line":157,"column":13},"end":{"line":160,"column":3}}},"7":{"name":"(anonymous_9)","decl":{"start":{"line":162,"column":2},"end":{"line":162,"column":15}},"loc":{"start":{"line":162,"column":30},"end":{"line":164,"column":3}}},"8":{"name":"(anonymous_10)","decl":{"start":{"line":166,"column":2},"end":{"line":166,"column":16}},"loc":{"start":{"line":166,"column":31},"end":{"line":170,"column":3}}},"9":{"name":"(anonymous_11)","decl":{"start":{"line":73,"column":13},"end":{"line":73,"column":16}},"loc":{"start":{"line":73,"column":19},"end":{"line":73,"column":23}}},"10":{"name":"(anonymous_12)","decl":{"start":{"line":82,"column":13},"end":{"line":82,"column":16}},"loc":{"start":{"line":82,"column":19},"end":{"line":82,"column":23}}},"11":{"name":"(anonymous_13)","decl":{"start":{"line":93,"column":10},"end":{"line":93,"column":11}},"loc":{"start":{"line":93,"column":38},"end":{"line":93,"column":55}}},"12":{"name":"(anonymous_14)","decl":{"start":{"line":94,"column":12},"end":{"line":94,"column":13}},"loc":{"start":{"line":94,"column":32},"end":{"line":94,"column":65}}},"13":{"name":"(anonymous_15)","decl":{"start":{"line":114,"column":10},"end":{"line":114,"column":11}},"loc":{"start":{"line":114,"column":38},"end":{"line":114,"column":55}}},"14":{"name":"(anonymous_16)","decl":{"start":{"line":115,"column":12},"end":{"line":115,"column":13}},"loc":{"start":{"line":115,"column":32},"end":{"line":115,"column":65}}}},"branchMap":{"0":{"loc":{"start":{"line":13,"column":12},"end":{"line":13,"column":null}},"type":"binary-expr","locations":[{"start":{"line":13,"column":12},"end":{"line":13,"column":25}},{"start":{"line":13,"column":25},"end":{"line":13,"column":null}}]},"1":{"loc":{"start":{"line":21,"column":12},"end":{"line":21,"column":null}},"type":"binary-expr","locations":[{"start":{"line":21,"column":12},"end":{"line":21,"column":27}},{"start":{"line":21,"column":27},"end":{"line":21,"column":null}}]},"2":{"loc":{"start":{"line":152,"column":4},"end":{"line":152,"column":62}},"type":"if","locations":[{"start":{"line":152,"column":4},"end":{"line":152,"column":62}},{"start":{},"end":{}}]},"3":{"loc":{"start":{"line":153,"column":4},"end":{"line":153,"column":68}},"type":"if","locations":[{"start":{"line":153,"column":4},"end":{"line":153,"column":68}},{"start":{},"end":{}}]},"4":{"loc":{"start":{"line":153,"column":8},"end":{"line":153,"column":53}},"type":"binary-expr","locations":[{"start":{"line":153,"column":8},"end":{"line":153,"column":22}},{"start":{"line":153,"column":26},"end":{"line":153,"column":53}}]},"5":{"loc":{"start":{"line":158,"column":4},"end":{"line":158,"column":34}},"type":"if","locations":[{"start":{"line":158,"column":4},"end":{"line":158,"column":34}},{"start":{},"end":{}}]},"6":{"loc":{"start":{"line":163,"column":11},"end":{"line":163,"column":69}},"type":"binary-expr","locations":[{"start":{"line":163,"column":11},"end":{"line":163,"column":39}},{"start":{"line":163,"column":43},"end":{"line":163,"column":69}}]},"7":{"loc":{"start":{"line":167,"column":4},"end":{"line":167,"column":61}},"type":"if","locations":[{"start":{"line":167,"column":4},"end":{"line":167,"column":61}},{"start":{},"end":{}}]},"8":{"loc":{"start":{"line":168,"column":4},"end":{"line":168,"column":61}},"type":"if","locations":[{"start":{"line":168,"column":4},"end":{"line":168,"column":61}},{"start":{},"end":{}}]},"9":{"loc":{"start":{"line":75,"column":14},"end":{"line":75,"column":19}},"type":"cond-expr","locations":[{"start":{"line":75,"column":18},"end":{"line":75,"column":19}},{"start":{"line":75,"column":18},"end":{"line":75,"column":19}}]},"10":{"loc":{"start":{"line":75,"column":14},"end":{"line":75,"column":18}},"type":"binary-expr","locations":[{"start":{"line":75,"column":14},"end":{"line":75,"column":19}},{"start":{"line":75,"column":14},"end":{"line":75,"column":18}}]},"11":{"loc":{"start":{"line":84,"column":12},"end":{"line":84,"column":17}},"type":"cond-expr","locations":[{"start":{"line":84,"column":16},"end":{"line":84,"column":17}},{"start":{"line":84,"column":16},"end":{"line":84,"column":17}}]},"12":{"loc":{"start":{"line":84,"column":12},"end":{"line":84,"column":16}},"type":"binary-expr","locations":[{"start":{"line":84,"column":12},"end":{"line":84,"column":17}},{"start":{"line":84,"column":12},"end":{"line":84,"column":16}}]},"13":{"loc":{"start":{"line":94,"column":32},"end":{"line":94,"column":65}},"type":"cond-expr","locations":[{"start":{"line":94,"column":40},"end":{"line":94,"column":53}},{"start":{"line":94,"column":56},"end":{"line":94,"column":65}}]},"14":{"loc":{"start":{"line":115,"column":32},"end":{"line":115,"column":65}},"type":"cond-expr","locations":[{"start":{"line":115,"column":40},"end":{"line":115,"column":53}},{"start":{"line":115,"column":56},"end":{"line":115,"column":65}}]},"15":{"loc":{"start":{"line":122,"column":13},"end":{"line":122,"column":18}},"type":"cond-expr","locations":[{"start":{"line":122,"column":17},"end":{"line":122,"column":18}},{"start":{"line":122,"column":17},"end":{"line":122,"column":18}}]},"16":{"loc":{"start":{"line":122,"column":13},"end":{"line":122,"column":17}},"type":"binary-expr","locations":[{"start":{"line":122,"column":13},"end":{"line":122,"column":18}},{"start":{"line":122,"column":13},"end":{"line":122,"column":17}}]},"17":{"loc":{"start":{"line":126,"column":13},"end":{"line":126,"column":18}},"type":"cond-expr","locations":[{"start":{"line":126,"column":17},"end":{"line":126,"column":18}},{"start":{"line":126,"column":17},"end":{"line":126,"column":18}}]},"18":{"loc":{"start":{"line":126,"column":13},"end":{"line":126,"column":17}},"type":"binary-expr","locations":[{"start":{"line":126,"column":13},"end":{"line":126,"column":18}},{"start":{"line":126,"column":13},"end":{"line":126,"column":17}}]},"19":{"loc":{"start":{"line":130,"column":11},"end":{"line":130,"column":16}},"type":"cond-expr","locations":[{"start":{"line":130,"column":15},"end":{"line":130,"column":16}},{"start":{"line":130,"column":15},"end":{"line":130,"column":16}}]},"20":{"loc":{"start":{"line":130,"column":11},"end":{"line":130,"column":15}},"type":"binary-expr","locations":[{"start":{"line":130,"column":11},"end":{"line":130,"column":16}},{"start":{"line":130,"column":11},"end":{"line":130,"column":15}}]},"21":{"loc":{"start":{"line":133,"column":13},"end":{"line":133,"column":18}},"type":"cond-expr","locations":[{"start":{"line":133,"column":17},"end":{"line":133,"column":18}},{"start":{"line":133,"column":17},"end":{"line":133,"column":18}}]},"22":{"loc":{"start":{"line":133,"column":13},"end":{"line":133,"column":17}},"type":"binary-expr","locations":[{"start":{"line":133,"column":13},"end":{"line":133,"column":18}},{"start":{"line":133,"column":13},"end":{"line":133,"column":17}}]},"23":{"loc":{"start":{"line":136,"column":13},"end":{"line":136,"column":18}},"type":"cond-expr","locations":[{"start":{"line":136,"column":17},"end":{"line":136,"column":18}},{"start":{"line":136,"column":17},"end":{"line":136,"column":18}}]},"24":{"loc":{"start":{"line":136,"column":13},"end":{"line":136,"column":17}},"type":"binary-expr","locations":[{"start":{"line":136,"column":13},"end":{"line":136,"column":18}},{"start":{"line":136,"column":13},"end":{"line":136,"column":17}}]}},"s":{"0":1,"1":1,"2":1,"3":1,"4":1,"5":1,"6":1,"7":1,"8":1,"9":1,"10":1,"11":1,"12":1,"13":1,"14":1,"15":1,"16":0,"17":0,"18":0,"19":0,"20":0,"21":0,"22":0,"23":0,"24":0,"25":0,"26":0,"27":0,"28":0,"29":0,"30":0,"31":0,"32":0,"33":1,"34":1,"35":1,"36":1,"37":1,"38":1,"39":0,"40":1,"41":1,"42":0,"43":1,"44":0,"45":0,"46":1,"47":1,"48":1,"49":0,"50":0,"51":1,"52":1,"53":1,"54":1,"55":1,"56":1},"f":{"0":1,"1":1,"2":0,"3":0,"4":0,"5":0,"6":0,"7":0,"8":0,"9":0,"10":0,"11":0,"12":0,"13":0,"14":0},"b":{"0":[1,1],"1":[1,1],"2":[0,0],"3":[0,0],"4":[0,0],"5":[0,0],"6":[0,0],"7":[0,0],"8":[0,0],"9":[1,0],"10":[1,1],"11":[1,0],"12":[1,1],"13":[0,0],"14":[0,0],"15":[1,0],"16":[1,1],"17":[1,0],"18":[1,1],"19":[1,0],"20":[1,1],"21":[1,0],"22":[1,1],"23":[1,0],"24":[1,1]}}
,"/home/felipemarques/projects/boyzera/apps/backend/src/domain/entities/level.entity.ts": {"path":"/home/felipemarques/projects/boyzera/apps/backend/src/domain/entities/level.entity.ts","statementMap":{"0":{"start":{"line":1,"column":0},"end":{"line":1,"column":56}},"1":{"start":{"line":2,"column":0},"end":{"line":2,"column":74}},"2":{"start":{"line":5,"column":7},"end":{"line":42,"column":null}},"3":{"start":{"line":5,"column":13},"end":{"line":5,"column":18}},"4":{"start":{"line":7,"column":2},"end":{"line":7,"column":null}},"5":{"start":{"line":10,"column":2},"end":{"line":10,"column":null}},"6":{"start":{"line":16,"column":2},"end":{"line":16,"column":null}},"7":{"start":{"line":19,"column":2},"end":{"line":19,"column":null}},"8":{"start":{"line":22,"column":2},"end":{"line":22,"column":null}},"9":{"start":{"line":25,"column":2},"end":{"line":25,"column":null}},"10":{"start":{"line":28,"column":2},"end":{"line":28,"column":null}},"11":{"start":{"line":35,"column":2},"end":{"line":35,"column":null}},"12":{"start":{"line":38,"column":2},"end":{"line":38,"column":null}},"13":{"start":{"line":41,"column":2},"end":{"line":41,"column":null}},"14":{"start":{"line":5,"column":13},"end":{"line":42,"column":null}}},"fnMap":{},"branchMap":{},"s":{"0":1,"1":1,"2":1,"3":1,"4":1,"5":1,"6":1,"7":1,"8":1,"9":1,"10":1,"11":1,"12":1,"13":1,"14":1},"f":{},"b":{}}
,"/home/felipemarques/projects/boyzera/apps/backend/src/domain/entities/minigame-score.entity.ts": {"path":"/home/felipemarques/projects/boyzera/apps/backend/src/domain/entities/minigame-score.entity.ts","statementMap":{"0":{"start":{"line":1,"column":0},"end":{"line":1,"column":null}},"1":{"start":{"line":10,"column":0},"end":{"line":10,"column":37}},"2":{"start":{"line":12,"column":0},"end":{"line":12,"column":null}},"3":{"start":{"line":13,"column":2},"end":{"line":13,"column":null}},"4":{"start":{"line":14,"column":2},"end":{"line":14,"column":null}},"5":{"start":{"line":15,"column":2},"end":{"line":15,"column":null}},"6":{"start":{"line":16,"column":2},"end":{"line":16,"column":null}},"7":{"start":{"line":17,"column":2},"end":{"line":17,"column":null}},"8":{"start":{"line":20,"column":0},"end":{"line":20,"column":null}},"9":{"start":{"line":21,"column":2},"end":{"line":21,"column":null}},"10":{"start":{"line":22,"column":2},"end":{"line":22,"column":null}},"11":{"start":{"line":23,"column":2},"end":{"line":23,"column":null}},"12":{"start":{"line":38,"column":7},"end":{"line":108,"column":null}},"13":{"start":{"line":101,"column":4},"end":{"line":101,"column":39}},"14":{"start":{"line":105,"column":4},"end":{"line":105,"column":45}},"15":{"start":{"line":105,"column":36},"end":{"line":105,"column":45}},"16":{"start":{"line":106,"column":4},"end":{"line":106,"column":45}},"17":{"start":{"line":38,"column":13},"end":{"line":38,"column":26}},"18":{"start":{"line":40,"column":2},"end":{"line":40,"column":null}},"19":{"start":{"line":44,"column":2},"end":{"line":44,"column":null}},"20":{"start":{"line":48,"column":2},"end":{"line":48,"column":null}},"21":{"start":{"line":46,"column":19},"end":{"line":46,"column":23}},"22":{"start":{"line":55,"column":2},"end":{"line":55,"column":null}},"23":{"start":{"line":62,"column":2},"end":{"line":62,"column":null}},"24":{"start":{"line":65,"column":2},"end":{"line":65,"column":null}},"25":{"start":{"line":68,"column":2},"end":{"line":68,"column":null}},"26":{"start":{"line":81,"column":2},"end":{"line":81,"column":null}},"27":{"start":{"line":77,"column":38},"end":{"line":77,"column":55}},"28":{"start":{"line":78,"column":32},"end":{"line":78,"column":65}},"29":{"start":{"line":85,"column":2},"end":{"line":85,"column":null}},"30":{"start":{"line":89,"column":2},"end":{"line":89,"column":null}},"31":{"start":{"line":93,"column":2},"end":{"line":93,"column":null}},"32":{"start":{"line":97,"column":2},"end":{"line":97,"column":null}},"33":{"start":{"line":38,"column":13},"end":{"line":108,"column":null}}},"fnMap":{"0":{"name":"(anonymous_2)","decl":{"start":{"line":12,"column":0},"end":{"line":12,"column":12}},"loc":{"start":{"line":12,"column":24},"end":{"line":18,"column":1}}},"1":{"name":"(anonymous_3)","decl":{"start":{"line":20,"column":0},"end":{"line":20,"column":12}},"loc":{"start":{"line":20,"column":30},"end":{"line":24,"column":1}}},"2":{"name":"(anonymous_4)","decl":{"start":{"line":100,"column":2},"end":{"line":100,"column":13}},"loc":{"start":{"line":100,"column":13},"end":{"line":102,"column":3}}},"3":{"name":"(anonymous_5)","decl":{"start":{"line":104,"column":2},"end":{"line":104,"column":19}},"loc":{"start":{"line":104,"column":19},"end":{"line":107,"column":3}}},"4":{"name":"(anonymous_6)","decl":{"start":{"line":46,"column":13},"end":{"line":46,"column":16}},"loc":{"start":{"line":46,"column":19},"end":{"line":46,"column":23}}},"5":{"name":"(anonymous_7)","decl":{"start":{"line":77,"column":10},"end":{"line":77,"column":11}},"loc":{"start":{"line":77,"column":38},"end":{"line":77,"column":55}}},"6":{"name":"(anonymous_8)","decl":{"start":{"line":78,"column":12},"end":{"line":78,"column":13}},"loc":{"start":{"line":78,"column":32},"end":{"line":78,"column":65}}}},"branchMap":{"0":{"loc":{"start":{"line":12,"column":12},"end":{"line":12,"column":null}},"type":"binary-expr","locations":[{"start":{"line":12,"column":12},"end":{"line":12,"column":24}},{"start":{"line":12,"column":24},"end":{"line":12,"column":null}}]},"1":{"loc":{"start":{"line":20,"column":12},"end":{"line":20,"column":null}},"type":"binary-expr","locations":[{"start":{"line":20,"column":12},"end":{"line":20,"column":30}},{"start":{"line":20,"column":30},"end":{"line":20,"column":null}}]},"2":{"loc":{"start":{"line":105,"column":4},"end":{"line":105,"column":45}},"type":"if","locations":[{"start":{"line":105,"column":4},"end":{"line":105,"column":45}},{"start":{},"end":{}}]},"3":{"loc":{"start":{"line":48,"column":8},"end":{"line":48,"column":13}},"type":"cond-expr","locations":[{"start":{"line":48,"column":12},"end":{"line":48,"column":13}},{"start":{"line":48,"column":12},"end":{"line":48,"column":13}}]},"4":{"loc":{"start":{"line":48,"column":8},"end":{"line":48,"column":12}},"type":"binary-expr","locations":[{"start":{"line":48,"column":8},"end":{"line":48,"column":13}},{"start":{"line":48,"column":8},"end":{"line":48,"column":12}}]},"5":{"loc":{"start":{"line":78,"column":32},"end":{"line":78,"column":65}},"type":"cond-expr","locations":[{"start":{"line":78,"column":40},"end":{"line":78,"column":53}},{"start":{"line":78,"column":56},"end":{"line":78,"column":65}}]},"6":{"loc":{"start":{"line":97,"column":13},"end":{"line":97,"column":18}},"type":"cond-expr","locations":[{"start":{"line":97,"column":17},"end":{"line":97,"column":18}},{"start":{"line":97,"column":17},"end":{"line":97,"column":18}}]},"7":{"loc":{"start":{"line":97,"column":13},"end":{"line":97,"column":17}},"type":"binary-expr","locations":[{"start":{"line":97,"column":13},"end":{"line":97,"column":18}},{"start":{"line":97,"column":13},"end":{"line":97,"column":17}}]}},"s":{"0":1,"1":1,"2":1,"3":1,"4":1,"5":1,"6":1,"7":1,"8":1,"9":1,"10":1,"11":1,"12":1,"13":0,"14":0,"15":0,"16":0,"17":1,"18":1,"19":1,"20":1,"21":0,"22":1,"23":1,"24":1,"25":1,"26":1,"27":0,"28":0,"29":1,"30":1,"31":1,"32":1,"33":1},"f":{"0":1,"1":1,"2":0,"3":0,"4":0,"5":0,"6":0},"b":{"0":[1,1],"1":[1,1],"2":[0,0],"3":[1,0],"4":[1,1],"5":[0,0],"6":[1,0],"7":[1,1]}}
,"/home/felipemarques/projects/boyzera/apps/backend/src/domain/entities/mission.entity.ts": {"path":"/home/felipemarques/projects/boyzera/apps/backend/src/domain/entities/mission.entity.ts","statementMap":{"0":{"start":{"line":1,"column":0},"end":{"line":1,"column":null}},"1":{"start":{"line":11,"column":0},"end":{"line":11,"column":null}},"2":{"start":{"line":12,"column":2},"end":{"line":12,"column":null}},"3":{"start":{"line":13,"column":2},"end":{"line":13,"column":null}},"4":{"start":{"line":14,"column":2},"end":{"line":14,"column":null}},"5":{"start":{"line":17,"column":0},"end":{"line":17,"column":null}},"6":{"start":{"line":18,"column":2},"end":{"line":18,"column":null}},"7":{"start":{"line":19,"column":2},"end":{"line":19,"column":null}},"8":{"start":{"line":20,"column":2},"end":{"line":20,"column":null}},"9":{"start":{"line":21,"column":2},"end":{"line":21,"column":null}},"10":{"start":{"line":22,"column":2},"end":{"line":22,"column":null}},"11":{"start":{"line":23,"column":2},"end":{"line":23,"column":null}},"12":{"start":{"line":24,"column":2},"end":{"line":24,"column":null}},"13":{"start":{"line":25,"column":2},"end":{"line":25,"column":null}},"14":{"start":{"line":26,"column":2},"end":{"line":26,"column":null}},"15":{"start":{"line":27,"column":2},"end":{"line":27,"column":null}},"16":{"start":{"line":46,"column":7},"end":{"line":88,"column":null}},"17":{"start":{"line":46,"column":13},"end":{"line":46,"column":20}},"18":{"start":{"line":48,"column":2},"end":{"line":48,"column":null}},"19":{"start":{"line":54,"column":2},"end":{"line":54,"column":null}},"20":{"start":{"line":57,"column":2},"end":{"line":57,"column":null}},"21":{"start":{"line":60,"column":2},"end":{"line":60,"column":null}},"22":{"start":{"line":63,"column":2},"end":{"line":63,"column":null}},"23":{"start":{"line":66,"column":2},"end":{"line":66,"column":null}},"24":{"start":{"line":69,"column":2},"end":{"line":69,"column":null}},"25":{"start":{"line":72,"column":2},"end":{"line":72,"column":null}},"26":{"start":{"line":75,"column":2},"end":{"line":75,"column":null}},"27":{"start":{"line":78,"column":2},"end":{"line":78,"column":null}},"28":{"start":{"line":81,"column":2},"end":{"line":81,"column":null}},"29":{"start":{"line":84,"column":2},"end":{"line":84,"column":null}},"30":{"start":{"line":87,"column":2},"end":{"line":87,"column":null}},"31":{"start":{"line":46,"column":13},"end":{"line":88,"column":null}}},"fnMap":{"0":{"name":"(anonymous_2)","decl":{"start":{"line":11,"column":0},"end":{"line":11,"column":12}},"loc":{"start":{"line":11,"column":23},"end":{"line":15,"column":1}}},"1":{"name":"(anonymous_3)","decl":{"start":{"line":17,"column":0},"end":{"line":17,"column":12}},"loc":{"start":{"line":17,"column":34},"end":{"line":28,"column":1}}}},"branchMap":{"0":{"loc":{"start":{"line":11,"column":12},"end":{"line":11,"column":null}},"type":"binary-expr","locations":[{"start":{"line":11,"column":12},"end":{"line":11,"column":23}},{"start":{"line":11,"column":23},"end":{"line":11,"column":null}}]},"1":{"loc":{"start":{"line":17,"column":12},"end":{"line":17,"column":null}},"type":"binary-expr","locations":[{"start":{"line":17,"column":12},"end":{"line":17,"column":34}},{"start":{"line":17,"column":34},"end":{"line":17,"column":null}}]},"2":{"loc":{"start":{"line":84,"column":13},"end":{"line":84,"column":18}},"type":"cond-expr","locations":[{"start":{"line":84,"column":17},"end":{"line":84,"column":18}},{"start":{"line":84,"column":17},"end":{"line":84,"column":18}}]},"3":{"loc":{"start":{"line":84,"column":13},"end":{"line":84,"column":17}},"type":"binary-expr","locations":[{"start":{"line":84,"column":13},"end":{"line":84,"column":18}},{"start":{"line":84,"column":13},"end":{"line":84,"column":17}}]},"4":{"loc":{"start":{"line":87,"column":13},"end":{"line":87,"column":18}},"type":"cond-expr","locations":[{"start":{"line":87,"column":17},"end":{"line":87,"column":18}},{"start":{"line":87,"column":17},"end":{"line":87,"column":18}}]},"5":{"loc":{"start":{"line":87,"column":13},"end":{"line":87,"column":17}},"type":"binary-expr","locations":[{"start":{"line":87,"column":13},"end":{"line":87,"column":18}},{"start":{"line":87,"column":13},"end":{"line":87,"column":17}}]}},"s":{"0":0,"1":0,"2":0,"3":0,"4":0,"5":0,"6":0,"7":0,"8":0,"9":0,"10":0,"11":0,"12":0,"13":0,"14":0,"15":0,"16":0,"17":0,"18":0,"19":0,"20":0,"21":0,"22":0,"23":0,"24":0,"25":0,"26":0,"27":0,"28":0,"29":0,"30":0,"31":0},"f":{"0":0,"1":0},"b":{"0":[0,0],"1":[0,0],"2":[0,0],"3":[0,0],"4":[0,0],"5":[0,0]}}
,"/home/felipemarques/projects/boyzera/apps/backend/src/domain/entities/notification.entity.ts": {"path":"/home/felipemarques/projects/boyzera/apps/backend/src/domain/entities/notification.entity.ts","statementMap":{"0":{"start":{"line":1,"column":0},"end":{"line":1,"column":null}},"1":{"start":{"line":10,"column":0},"end":{"line":10,"column":37}},"2":{"start":{"line":12,"column":0},"end":{"line":12,"column":null}},"3":{"start":{"line":13,"column":2},"end":{"line":13,"column":null}},"4":{"start":{"line":14,"column":2},"end":{"line":14,"column":null}},"5":{"start":{"line":15,"column":2},"end":{"line":15,"column":null}},"6":{"start":{"line":16,"column":2},"end":{"line":16,"column":null}},"7":{"start":{"line":17,"column":2},"end":{"line":17,"column":null}},"8":{"start":{"line":18,"column":2},"end":{"line":18,"column":null}},"9":{"start":{"line":19,"column":2},"end":{"line":19,"column":null}},"10":{"start":{"line":20,"column":2},"end":{"line":20,"column":null}},"11":{"start":{"line":21,"column":2},"end":{"line":21,"column":null}},"12":{"start":{"line":22,"column":2},"end":{"line":22,"column":null}},"13":{"start":{"line":29,"column":7},"end":{"line":69,"column":null}},"14":{"start":{"line":29,"column":13},"end":{"line":29,"column":25}},"15":{"start":{"line":31,"column":2},"end":{"line":31,"column":null}},"16":{"start":{"line":34,"column":2},"end":{"line":34,"column":null}},"17":{"start":{"line":38,"column":2},"end":{"line":38,"column":null}},"18":{"start":{"line":36,"column":19},"end":{"line":36,"column":23}},"19":{"start":{"line":44,"column":2},"end":{"line":44,"column":null}},"20":{"start":{"line":47,"column":2},"end":{"line":47,"column":null}},"21":{"start":{"line":50,"column":2},"end":{"line":50,"column":null}},"22":{"start":{"line":53,"column":2},"end":{"line":53,"column":null}},"23":{"start":{"line":56,"column":2},"end":{"line":56,"column":null}},"24":{"start":{"line":59,"column":2},"end":{"line":59,"column":null}},"25":{"start":{"line":62,"column":2},"end":{"line":62,"column":null}},"26":{"start":{"line":65,"column":2},"end":{"line":65,"column":null}},"27":{"start":{"line":68,"column":2},"end":{"line":68,"column":null}},"28":{"start":{"line":29,"column":13},"end":{"line":69,"column":null}}},"fnMap":{"0":{"name":"(anonymous_2)","decl":{"start":{"line":12,"column":0},"end":{"line":12,"column":12}},"loc":{"start":{"line":12,"column":28},"end":{"line":23,"column":1}}},"1":{"name":"(anonymous_3)","decl":{"start":{"line":36,"column":13},"end":{"line":36,"column":16}},"loc":{"start":{"line":36,"column":19},"end":{"line":36,"column":23}}}},"branchMap":{"0":{"loc":{"start":{"line":12,"column":12},"end":{"line":12,"column":null}},"type":"binary-expr","locations":[{"start":{"line":12,"column":12},"end":{"line":12,"column":28}},{"start":{"line":12,"column":28},"end":{"line":12,"column":null}}]},"1":{"loc":{"start":{"line":38,"column":8},"end":{"line":38,"column":13}},"type":"cond-expr","locations":[{"start":{"line":38,"column":12},"end":{"line":38,"column":13}},{"start":{"line":38,"column":12},"end":{"line":38,"column":13}}]},"2":{"loc":{"start":{"line":38,"column":8},"end":{"line":38,"column":12}},"type":"binary-expr","locations":[{"start":{"line":38,"column":8},"end":{"line":38,"column":13}},{"start":{"line":38,"column":8},"end":{"line":38,"column":12}}]},"3":{"loc":{"start":{"line":56,"column":8},"end":{"line":56,"column":28}},"type":"cond-expr","locations":[{"start":{"line":56,"column":14},"end":{"line":56,"column":28}},{"start":{"line":56,"column":14},"end":{"line":56,"column":28}}]},"4":{"loc":{"start":{"line":56,"column":8},"end":{"line":56,"column":14}},"type":"binary-expr","locations":[{"start":{"line":56,"column":8},"end":{"line":56,"column":28}},{"start":{"line":56,"column":8},"end":{"line":56,"column":14}}]},"5":{"loc":{"start":{"line":62,"column":10},"end":{"line":62,"column":15}},"type":"cond-expr","locations":[{"start":{"line":62,"column":14},"end":{"line":62,"column":15}},{"start":{"line":62,"column":14},"end":{"line":62,"column":15}}]},"6":{"loc":{"start":{"line":62,"column":10},"end":{"line":62,"column":14}},"type":"binary-expr","locations":[{"start":{"line":62,"column":10},"end":{"line":62,"column":15}},{"start":{"line":62,"column":10},"end":{"line":62,"column":14}}]},"7":{"loc":{"start":{"line":68,"column":13},"end":{"line":68,"column":18}},"type":"cond-expr","locations":[{"start":{"line":68,"column":17},"end":{"line":68,"column":18}},{"start":{"line":68,"column":17},"end":{"line":68,"column":18}}]},"8":{"loc":{"start":{"line":68,"column":13},"end":{"line":68,"column":17}},"type":"binary-expr","locations":[{"start":{"line":68,"column":13},"end":{"line":68,"column":18}},{"start":{"line":68,"column":13},"end":{"line":68,"column":17}}]}},"s":{"0":0,"1":0,"2":0,"3":0,"4":0,"5":0,"6":0,"7":0,"8":0,"9":0,"10":0,"11":0,"12":0,"13":0,"14":0,"15":0,"16":0,"17":0,"18":0,"19":0,"20":0,"21":0,"22":0,"23":0,"24":0,"25":0,"26":0,"27":0,"28":0},"f":{"0":0,"1":0},"b":{"0":[0,0],"1":[0,0],"2":[0,0],"3":[0,0],"4":[0,0],"5":[0,0],"6":[0,0],"7":[0,0],"8":[0,0]}}
,"/home/felipemarques/projects/boyzera/apps/backend/src/domain/entities/product.entity.ts": {"path":"/home/felipemarques/projects/boyzera/apps/backend/src/domain/entities/product.entity.ts","statementMap":{"0":{"start":{"line":1,"column":0},"end":{"line":1,"column":null}},"1":{"start":{"line":10,"column":0},"end":{"line":10,"column":null}},"2":{"start":{"line":11,"column":2},"end":{"line":11,"column":null}},"3":{"start":{"line":12,"column":2},"end":{"line":12,"column":null}},"4":{"start":{"line":13,"column":2},"end":{"line":13,"column":null}},"5":{"start":{"line":14,"column":2},"end":{"line":14,"column":null}},"6":{"start":{"line":15,"column":2},"end":{"line":15,"column":null}},"7":{"start":{"line":16,"column":2},"end":{"line":16,"column":null}},"8":{"start":{"line":19,"column":0},"end":{"line":19,"column":null}},"9":{"start":{"line":20,"column":2},"end":{"line":20,"column":null}},"10":{"start":{"line":21,"column":2},"end":{"line":21,"column":null}},"11":{"start":{"line":22,"column":2},"end":{"line":22,"column":null}},"12":{"start":{"line":23,"column":2},"end":{"line":23,"column":null}},"13":{"start":{"line":26,"column":0},"end":{"line":26,"column":null}},"14":{"start":{"line":27,"column":2},"end":{"line":27,"column":null}},"15":{"start":{"line":28,"column":2},"end":{"line":28,"column":null}},"16":{"start":{"line":29,"column":2},"end":{"line":29,"column":null}},"17":{"start":{"line":30,"column":2},"end":{"line":30,"column":null}},"18":{"start":{"line":56,"column":7},"end":{"line":152,"column":null}},"19":{"start":{"line":113,"column":4},"end":{"line":113,"column":37}},"20":{"start":{"line":113,"column":24},"end":{"line":113,"column":37}},"21":{"start":{"line":115,"column":4},"end":{"line":117,"column":5}},"22":{"start":{"line":116,"column":6},"end":{"line":116,"column":51}},"23":{"start":{"line":119,"column":4},"end":{"line":121,"column":5}},"24":{"start":{"line":120,"column":6},"end":{"line":120,"column":64}},"25":{"start":{"line":123,"column":4},"end":{"line":123,"column":16}},"26":{"start":{"line":127,"column":4},"end":{"line":136,"column":5}},"27":{"start":{"line":129,"column":8},"end":{"line":129,"column":33}},"28":{"start":{"line":131,"column":8},"end":{"line":131,"column":34}},"29":{"start":{"line":133,"column":8},"end":{"line":133,"column":34}},"30":{"start":{"line":135,"column":8},"end":{"line":135,"column":31}},"31":{"start":{"line":140,"column":4},"end":{"line":140,"column":53}},"32":{"start":{"line":144,"column":4},"end":{"line":146,"column":5}},"33":{"start":{"line":145,"column":6},"end":{"line":145,"column":41}},"34":{"start":{"line":147,"column":4},"end":{"line":149,"column":5}},"35":{"start":{"line":148,"column":6},"end":{"line":148,"column":68}},"36":{"start":{"line":150,"column":4},"end":{"line":150,"column":22}},"37":{"start":{"line":56,"column":13},"end":{"line":56,"column":20}},"38":{"start":{"line":58,"column":2},"end":{"line":58,"column":null}},"39":{"start":{"line":62,"column":2},"end":{"line":62,"column":null}},"40":{"start":{"line":65,"column":2},"end":{"line":65,"column":null}},"41":{"start":{"line":72,"column":2},"end":{"line":72,"column":null}},"42":{"start":{"line":78,"column":2},"end":{"line":78,"column":null}},"43":{"start":{"line":81,"column":2},"end":{"line":81,"column":null}},"44":{"start":{"line":84,"column":2},"end":{"line":84,"column":null}},"45":{"start":{"line":87,"column":2},"end":{"line":87,"column":null}},"46":{"start":{"line":90,"column":2},"end":{"line":90,"column":null}},"47":{"start":{"line":93,"column":2},"end":{"line":93,"column":null}},"48":{"start":{"line":96,"column":2},"end":{"line":96,"column":null}},"49":{"start":{"line":100,"column":2},"end":{"line":100,"column":null}},"50":{"start":{"line":103,"column":2},"end":{"line":103,"column":null}},"51":{"start":{"line":106,"column":2},"end":{"line":106,"column":null}},"52":{"start":{"line":109,"column":2},"end":{"line":109,"column":null}},"53":{"start":{"line":56,"column":13},"end":{"line":152,"column":null}}},"fnMap":{"0":{"name":"(anonymous_2)","decl":{"start":{"line":10,"column":0},"end":{"line":10,"column":12}},"loc":{"start":{"line":10,"column":23},"end":{"line":17,"column":1}}},"1":{"name":"(anonymous_3)","decl":{"start":{"line":19,"column":0},"end":{"line":19,"column":12}},"loc":{"start":{"line":19,"column":27},"end":{"line":24,"column":1}}},"2":{"name":"(anonymous_4)","decl":{"start":{"line":26,"column":0},"end":{"line":26,"column":12}},"loc":{"start":{"line":26,"column":23},"end":{"line":31,"column":1}}},"3":{"name":"(anonymous_5)","decl":{"start":{"line":112,"column":2},"end":{"line":112,"column":13}},"loc":{"start":{"line":112,"column":13},"end":{"line":124,"column":3}}},"4":{"name":"(anonymous_6)","decl":{"start":{"line":126,"column":2},"end":{"line":126,"column":17}},"loc":{"start":{"line":126,"column":17},"end":{"line":137,"column":3}}},"5":{"name":"(anonymous_7)","decl":{"start":{"line":139,"column":2},"end":{"line":139,"column":13}},"loc":{"start":{"line":139,"column":13},"end":{"line":141,"column":3}}},"6":{"name":"(anonymous_8)","decl":{"start":{"line":143,"column":2},"end":{"line":143,"column":18}},"loc":{"start":{"line":143,"column":18},"end":{"line":151,"column":3}}}},"branchMap":{"0":{"loc":{"start":{"line":10,"column":12},"end":{"line":10,"column":null}},"type":"binary-expr","locations":[{"start":{"line":10,"column":12},"end":{"line":10,"column":23}},{"start":{"line":10,"column":23},"end":{"line":10,"column":null}}]},"1":{"loc":{"start":{"line":19,"column":12},"end":{"line":19,"column":null}},"type":"binary-expr","locations":[{"start":{"line":19,"column":12},"end":{"line":19,"column":27}},{"start":{"line":19,"column":27},"end":{"line":19,"column":null}}]},"2":{"loc":{"start":{"line":26,"column":12},"end":{"line":26,"column":null}},"type":"binary-expr","locations":[{"start":{"line":26,"column":12},"end":{"line":26,"column":23}},{"start":{"line":26,"column":23},"end":{"line":26,"column":null}}]},"3":{"loc":{"start":{"line":113,"column":4},"end":{"line":113,"column":37}},"type":"if","locations":[{"start":{"line":113,"column":4},"end":{"line":113,"column":37}},{"start":{},"end":{}}]},"4":{"loc":{"start":{"line":115,"column":4},"end":{"line":117,"column":5}},"type":"if","locations":[{"start":{"line":115,"column":4},"end":{"line":117,"column":5}},{"start":{},"end":{}}]},"5":{"loc":{"start":{"line":119,"column":4},"end":{"line":121,"column":5}},"type":"if","locations":[{"start":{"line":119,"column":4},"end":{"line":121,"column":5}},{"start":{},"end":{}}]},"6":{"loc":{"start":{"line":127,"column":4},"end":{"line":136,"column":5}},"type":"switch","locations":[{"start":{"line":128,"column":6},"end":{"line":129,"column":33}},{"start":{"line":130,"column":6},"end":{"line":131,"column":34}},{"start":{"line":132,"column":6},"end":{"line":133,"column":34}},{"start":{"line":134,"column":6},"end":{"line":135,"column":31}}]},"7":{"loc":{"start":{"line":140,"column":12},"end":{"line":140,"column":47}},"type":"binary-expr","locations":[{"start":{"line":140,"column":12},"end":{"line":140,"column":42}},{"start":{"line":140,"column":46},"end":{"line":140,"column":47}}]},"8":{"loc":{"start":{"line":144,"column":4},"end":{"line":146,"column":5}},"type":"if","locations":[{"start":{"line":144,"column":4},"end":{"line":146,"column":5}},{"start":{},"end":{}}]},"9":{"loc":{"start":{"line":147,"column":4},"end":{"line":149,"column":5}},"type":"if","locations":[{"start":{"line":147,"column":4},"end":{"line":149,"column":5}},{"start":{},"end":{}}]},"10":{"loc":{"start":{"line":106,"column":13},"end":{"line":106,"column":18}},"type":"cond-expr","locations":[{"start":{"line":106,"column":17},"end":{"line":106,"column":18}},{"start":{"line":106,"column":17},"end":{"line":106,"column":18}}]},"11":{"loc":{"start":{"line":106,"column":13},"end":{"line":106,"column":17}},"type":"binary-expr","locations":[{"start":{"line":106,"column":13},"end":{"line":106,"column":18}},{"start":{"line":106,"column":13},"end":{"line":106,"column":17}}]},"12":{"loc":{"start":{"line":109,"column":13},"end":{"line":109,"column":18}},"type":"cond-expr","locations":[{"start":{"line":109,"column":17},"end":{"line":109,"column":18}},{"start":{"line":109,"column":17},"end":{"line":109,"column":18}}]},"13":{"loc":{"start":{"line":109,"column":13},"end":{"line":109,"column":17}},"type":"binary-expr","locations":[{"start":{"line":109,"column":13},"end":{"line":109,"column":18}},{"start":{"line":109,"column":13},"end":{"line":109,"column":17}}]}},"s":{"0":1,"1":1,"2":1,"3":1,"4":1,"5":1,"6":1,"7":1,"8":1,"9":1,"10":1,"11":1,"12":1,"13":1,"14":1,"15":1,"16":1,"17":1,"18":1,"19":0,"20":0,"21":0,"22":0,"23":0,"24":0,"25":0,"26":0,"27":0,"28":0,"29":0,"30":0,"31":0,"32":0,"33":0,"34":0,"35":0,"36":0,"37":1,"38":1,"39":1,"40":1,"41":1,"42":1,"43":1,"44":1,"45":1,"46":1,"47":1,"48":1,"49":1,"50":1,"51":1,"52":1,"53":1},"f":{"0":1,"1":1,"2":1,"3":0,"4":0,"5":0,"6":0},"b":{"0":[1,1],"1":[1,1],"2":[1,1],"3":[0,0],"4":[0,0],"5":[0,0],"6":[0,0,0,0],"7":[0,0],"8":[0,0],"9":[0,0],"10":[1,0],"11":[1,1],"12":[1,0],"13":[1,1]}}
,"/home/felipemarques/projects/boyzera/apps/backend/src/domain/entities/purchase.entity.ts": {"path":"/home/felipemarques/projects/boyzera/apps/backend/src/domain/entities/purchase.entity.ts","statementMap":{"0":{"start":{"line":1,"column":0},"end":{"line":1,"column":null}},"1":{"start":{"line":10,"column":0},"end":{"line":10,"column":37}},"2":{"start":{"line":11,"column":0},"end":{"line":11,"column":43}},"3":{"start":{"line":14,"column":0},"end":{"line":14,"column":null}},"4":{"start":{"line":15,"column":2},"end":{"line":15,"column":null}},"5":{"start":{"line":16,"column":2},"end":{"line":16,"column":null}},"6":{"start":{"line":17,"column":2},"end":{"line":17,"column":null}},"7":{"start":{"line":18,"column":2},"end":{"line":18,"column":null}},"8":{"start":{"line":19,"column":2},"end":{"line":19,"column":null}},"9":{"start":{"line":36,"column":7},"end":{"line":102,"column":null}},"10":{"start":{"line":88,"column":4},"end":{"line":88,"column":50}},"11":{"start":{"line":92,"column":4},"end":{"line":92,"column":52}},"12":{"start":{"line":96,"column":4},"end":{"line":96,"column":63}},"13":{"start":{"line":96,"column":50},"end":{"line":96,"column":63}},"14":{"start":{"line":99,"column":6},"end":{"line":99,"column":66}},"15":{"start":{"line":100,"column":4},"end":{"line":100,"column":35}},"16":{"start":{"line":36,"column":13},"end":{"line":36,"column":21}},"17":{"start":{"line":38,"column":2},"end":{"line":38,"column":null}},"18":{"start":{"line":42,"column":2},"end":{"line":42,"column":null}},"19":{"start":{"line":46,"column":2},"end":{"line":46,"column":null}},"20":{"start":{"line":44,"column":19},"end":{"line":44,"column":23}},"21":{"start":{"line":50,"column":2},"end":{"line":50,"column":null}},"22":{"start":{"line":54,"column":2},"end":{"line":54,"column":null}},"23":{"start":{"line":52,"column":19},"end":{"line":52,"column":26}},"24":{"start":{"line":62,"column":2},"end":{"line":62,"column":null}},"25":{"start":{"line":65,"column":2},"end":{"line":65,"column":null}},"26":{"start":{"line":68,"column":2},"end":{"line":68,"column":null}},"27":{"start":{"line":71,"column":2},"end":{"line":71,"column":null}},"28":{"start":{"line":74,"column":2},"end":{"line":74,"column":null}},"29":{"start":{"line":77,"column":2},"end":{"line":77,"column":null}},"30":{"start":{"line":81,"column":2},"end":{"line":81,"column":null}},"31":{"start":{"line":84,"column":2},"end":{"line":84,"column":null}},"32":{"start":{"line":36,"column":13},"end":{"line":102,"column":null}}},"fnMap":{"0":{"name":"(anonymous_2)","decl":{"start":{"line":14,"column":0},"end":{"line":14,"column":12}},"loc":{"start":{"line":14,"column":26},"end":{"line":20,"column":1}}},"1":{"name":"(anonymous_3)","decl":{"start":{"line":87,"column":2},"end":{"line":87,"column":11}},"loc":{"start":{"line":87,"column":11},"end":{"line":89,"column":3}}},"2":{"name":"(anonymous_4)","decl":{"start":{"line":91,"column":2},"end":{"line":91,"column":13}},"loc":{"start":{"line":91,"column":13},"end":{"line":93,"column":3}}},"3":{"name":"(anonymous_5)","decl":{"start":{"line":95,"column":2},"end":{"line":95,"column":11}},"loc":{"start":{"line":95,"column":11},"end":{"line":101,"column":3}}},"4":{"name":"(anonymous_6)","decl":{"start":{"line":44,"column":13},"end":{"line":44,"column":16}},"loc":{"start":{"line":44,"column":19},"end":{"line":44,"column":23}}},"5":{"name":"(anonymous_7)","decl":{"start":{"line":52,"column":13},"end":{"line":52,"column":16}},"loc":{"start":{"line":52,"column":19},"end":{"line":52,"column":26}}}},"branchMap":{"0":{"loc":{"start":{"line":14,"column":12},"end":{"line":14,"column":null}},"type":"binary-expr","locations":[{"start":{"line":14,"column":12},"end":{"line":14,"column":26}},{"start":{"line":14,"column":26},"end":{"line":14,"column":null}}]},"1":{"loc":{"start":{"line":96,"column":4},"end":{"line":96,"column":63}},"type":"if","locations":[{"start":{"line":96,"column":4},"end":{"line":96,"column":63}},{"start":{},"end":{}}]},"2":{"loc":{"start":{"line":46,"column":8},"end":{"line":46,"column":13}},"type":"cond-expr","locations":[{"start":{"line":46,"column":12},"end":{"line":46,"column":13}},{"start":{"line":46,"column":12},"end":{"line":46,"column":13}}]},"3":{"loc":{"start":{"line":46,"column":8},"end":{"line":46,"column":12}},"type":"binary-expr","locations":[{"start":{"line":46,"column":8},"end":{"line":46,"column":13}},{"start":{"line":46,"column":8},"end":{"line":46,"column":12}}]},"4":{"loc":{"start":{"line":54,"column":11},"end":{"line":54,"column":19}},"type":"cond-expr","locations":[{"start":{"line":54,"column":18},"end":{"line":54,"column":19}},{"start":{"line":54,"column":18},"end":{"line":54,"column":19}}]},"5":{"loc":{"start":{"line":54,"column":11},"end":{"line":54,"column":18}},"type":"binary-expr","locations":[{"start":{"line":54,"column":11},"end":{"line":54,"column":19}},{"start":{"line":54,"column":11},"end":{"line":54,"column":18}}]},"6":{"loc":{"start":{"line":81,"column":13},"end":{"line":81,"column":18}},"type":"cond-expr","locations":[{"start":{"line":81,"column":17},"end":{"line":81,"column":18}},{"start":{"line":81,"column":17},"end":{"line":81,"column":18}}]},"7":{"loc":{"start":{"line":81,"column":13},"end":{"line":81,"column":17}},"type":"binary-expr","locations":[{"start":{"line":81,"column":13},"end":{"line":81,"column":18}},{"start":{"line":81,"column":13},"end":{"line":81,"column":17}}]},"8":{"loc":{"start":{"line":84,"column":15},"end":{"line":84,"column":20}},"type":"cond-expr","locations":[{"start":{"line":84,"column":19},"end":{"line":84,"column":20}},{"start":{"line":84,"column":19},"end":{"line":84,"column":20}}]},"9":{"loc":{"start":{"line":84,"column":15},"end":{"line":84,"column":19}},"type":"binary-expr","locations":[{"start":{"line":84,"column":15},"end":{"line":84,"column":20}},{"start":{"line":84,"column":15},"end":{"line":84,"column":19}}]}},"s":{"0":1,"1":1,"2":1,"3":1,"4":1,"5":1,"6":1,"7":1,"8":1,"9":1,"10":0,"11":0,"12":0,"13":0,"14":0,"15":0,"16":1,"17":1,"18":1,"19":1,"20":0,"21":1,"22":1,"23":0,"24":1,"25":1,"26":1,"27":1,"28":1,"29":1,"30":1,"31":1,"32":1},"f":{"0":1,"1":0,"2":0,"3":0,"4":0,"5":0},"b":{"0":[1,1],"1":[0,0],"2":[1,0],"3":[1,1],"4":[1,0],"5":[1,1],"6":[1,0],"7":[1,1],"8":[1,0],"9":[1,1]}}
,"/home/felipemarques/projects/boyzera/apps/backend/src/domain/entities/referral.entity.ts": {"path":"/home/felipemarques/projects/boyzera/apps/backend/src/domain/entities/referral.entity.ts","statementMap":{"0":{"start":{"line":1,"column":0},"end":{"line":1,"column":null}},"1":{"start":{"line":11,"column":0},"end":{"line":11,"column":37}},"2":{"start":{"line":12,"column":0},"end":{"line":12,"column":74}},"3":{"start":{"line":17,"column":7},"end":{"line":47,"column":null}},"4":{"start":{"line":17,"column":13},"end":{"line":17,"column":21}},"5":{"start":{"line":19,"column":2},"end":{"line":19,"column":null}},"6":{"start":{"line":22,"column":2},"end":{"line":22,"column":null}},"7":{"start":{"line":26,"column":2},"end":{"line":26,"column":null}},"8":{"start":{"line":24,"column":19},"end":{"line":24,"column":23}},"9":{"start":{"line":29,"column":2},"end":{"line":29,"column":null}},"10":{"start":{"line":33,"column":2},"end":{"line":33,"column":null}},"11":{"start":{"line":31,"column":19},"end":{"line":31,"column":23}},"12":{"start":{"line":40,"column":2},"end":{"line":40,"column":null}},"13":{"start":{"line":43,"column":2},"end":{"line":43,"column":null}},"14":{"start":{"line":46,"column":2},"end":{"line":46,"column":null}},"15":{"start":{"line":17,"column":13},"end":{"line":47,"column":null}}},"fnMap":{"0":{"name":"(anonymous_2)","decl":{"start":{"line":24,"column":13},"end":{"line":24,"column":16}},"loc":{"start":{"line":24,"column":19},"end":{"line":24,"column":23}}},"1":{"name":"(anonymous_3)","decl":{"start":{"line":31,"column":13},"end":{"line":31,"column":16}},"loc":{"start":{"line":31,"column":19},"end":{"line":31,"column":23}}}},"branchMap":{"0":{"loc":{"start":{"line":26,"column":12},"end":{"line":26,"column":17}},"type":"cond-expr","locations":[{"start":{"line":26,"column":16},"end":{"line":26,"column":17}},{"start":{"line":26,"column":16},"end":{"line":26,"column":17}}]},"1":{"loc":{"start":{"line":26,"column":12},"end":{"line":26,"column":16}},"type":"binary-expr","locations":[{"start":{"line":26,"column":12},"end":{"line":26,"column":17}},{"start":{"line":26,"column":12},"end":{"line":26,"column":16}}]},"2":{"loc":{"start":{"line":33,"column":12},"end":{"line":33,"column":17}},"type":"cond-expr","locations":[{"start":{"line":33,"column":16},"end":{"line":33,"column":17}},{"start":{"line":33,"column":16},"end":{"line":33,"column":17}}]},"3":{"loc":{"start":{"line":33,"column":12},"end":{"line":33,"column":16}},"type":"binary-expr","locations":[{"start":{"line":33,"column":12},"end":{"line":33,"column":17}},{"start":{"line":33,"column":12},"end":{"line":33,"column":16}}]},"4":{"loc":{"start":{"line":46,"column":13},"end":{"line":46,"column":18}},"type":"cond-expr","locations":[{"start":{"line":46,"column":17},"end":{"line":46,"column":18}},{"start":{"line":46,"column":17},"end":{"line":46,"column":18}}]},"5":{"loc":{"start":{"line":46,"column":13},"end":{"line":46,"column":17}},"type":"binary-expr","locations":[{"start":{"line":46,"column":13},"end":{"line":46,"column":18}},{"start":{"line":46,"column":13},"end":{"line":46,"column":17}}]}},"s":{"0":0,"1":0,"2":0,"3":0,"4":0,"5":0,"6":0,"7":0,"8":0,"9":0,"10":0,"11":0,"12":0,"13":0,"14":0,"15":0},"f":{"0":0,"1":0},"b":{"0":[0,0],"1":[0,0],"2":[0,0],"3":[0,0],"4":[0,0],"5":[0,0]}}
,"/home/felipemarques/projects/boyzera/apps/backend/src/domain/entities/season.entity.ts": {"path":"/home/felipemarques/projects/boyzera/apps/backend/src/domain/entities/season.entity.ts","statementMap":{"0":{"start":{"line":1,"column":0},"end":{"line":1,"column":null}},"1":{"start":{"line":10,"column":0},"end":{"line":10,"column":null}},"2":{"start":{"line":11,"column":2},"end":{"line":11,"column":null}},"3":{"start":{"line":12,"column":2},"end":{"line":12,"column":null}},"4":{"start":{"line":13,"column":2},"end":{"line":13,"column":null}},"5":{"start":{"line":33,"column":7},"end":{"line":120,"column":null}},"6":{"start":{"line":86,"column":16},"end":{"line":86,"column":26}},"7":{"start":{"line":87,"column":4},"end":{"line":91,"column":6}},"8":{"start":{"line":95,"column":16},"end":{"line":95,"column":26}},"9":{"start":{"line":96,"column":4},"end":{"line":96,"column":73}},"10":{"start":{"line":100,"column":16},"end":{"line":100,"column":26}},"11":{"start":{"line":101,"column":4},"end":{"line":101,"column":68}},"12":{"start":{"line":105,"column":16},"end":{"line":105,"column":26}},"13":{"start":{"line":106,"column":4},"end":{"line":106,"column":37}},"14":{"start":{"line":106,"column":28},"end":{"line":106,"column":37}},"15":{"start":{"line":107,"column":17},"end":{"line":107,"column":55}},"16":{"start":{"line":108,"column":4},"end":{"line":108,"column":51}},"17":{"start":{"line":112,"column":16},"end":{"line":112,"column":26}},"18":{"start":{"line":113,"column":4},"end":{"line":113,"column":39}},"19":{"start":{"line":113,"column":30},"end":{"line":113,"column":39}},"20":{"start":{"line":114,"column":4},"end":{"line":114,"column":39}},"21":{"start":{"line":114,"column":28},"end":{"line":114,"column":39}},"22":{"start":{"line":116,"column":18},"end":{"line":116,"column":67}},"23":{"start":{"line":117,"column":20},"end":{"line":117,"column":60}},"24":{"start":{"line":118,"column":4},"end":{"line":118,"column":47}},"25":{"start":{"line":33,"column":13},"end":{"line":33,"column":19}},"26":{"start":{"line":35,"column":2},"end":{"line":35,"column":null}},"27":{"start":{"line":39,"column":2},"end":{"line":39,"column":null}},"28":{"start":{"line":42,"column":2},"end":{"line":42,"column":null}},"29":{"start":{"line":50,"column":2},"end":{"line":50,"column":null}},"30":{"start":{"line":54,"column":2},"end":{"line":54,"column":null}},"31":{"start":{"line":58,"column":2},"end":{"line":58,"column":null}},"32":{"start":{"line":61,"column":2},"end":{"line":61,"column":null}},"33":{"start":{"line":64,"column":2},"end":{"line":64,"column":null}},"34":{"start":{"line":67,"column":2},"end":{"line":67,"column":null}},"35":{"start":{"line":70,"column":2},"end":{"line":70,"column":null}},"36":{"start":{"line":73,"column":2},"end":{"line":73,"column":null}},"37":{"start":{"line":76,"column":2},"end":{"line":76,"column":null}},"38":{"start":{"line":79,"column":2},"end":{"line":79,"column":null}},"39":{"start":{"line":82,"column":2},"end":{"line":82,"column":null}},"40":{"start":{"line":33,"column":13},"end":{"line":120,"column":null}}},"fnMap":{"0":{"name":"(anonymous_2)","decl":{"start":{"line":10,"column":0},"end":{"line":10,"column":12}},"loc":{"start":{"line":10,"column":24},"end":{"line":14,"column":1}}},"1":{"name":"(anonymous_3)","decl":{"start":{"line":85,"column":2},"end":{"line":85,"column":10}},"loc":{"start":{"line":85,"column":10},"end":{"line":92,"column":3}}},"2":{"name":"(anonymous_4)","decl":{"start":{"line":94,"column":2},"end":{"line":94,"column":12}},"loc":{"start":{"line":94,"column":12},"end":{"line":97,"column":3}}},"3":{"name":"(anonymous_5)","decl":{"start":{"line":99,"column":2},"end":{"line":99,"column":10}},"loc":{"start":{"line":99,"column":10},"end":{"line":102,"column":3}}},"4":{"name":"(anonymous_6)","decl":{"start":{"line":104,"column":2},"end":{"line":104,"column":18}},"loc":{"start":{"line":104,"column":18},"end":{"line":109,"column":3}}},"5":{"name":"(anonymous_7)","decl":{"start":{"line":111,"column":2},"end":{"line":111,"column":23}},"loc":{"start":{"line":111,"column":23},"end":{"line":119,"column":3}}}},"branchMap":{"0":{"loc":{"start":{"line":10,"column":12},"end":{"line":10,"column":null}},"type":"binary-expr","locations":[{"start":{"line":10,"column":12},"end":{"line":10,"column":24}},{"start":{"line":10,"column":24},"end":{"line":10,"column":null}}]},"1":{"loc":{"start":{"line":88,"column":6},"end":{"line":90,"column":25}},"type":"binary-expr","locations":[{"start":{"line":88,"column":6},"end":{"line":88,"column":41}},{"start":{"line":89,"column":6},"end":{"line":89,"column":27}},{"start":{"line":90,"column":6},"end":{"line":90,"column":25}}]},"2":{"loc":{"start":{"line":96,"column":11},"end":{"line":96,"column":72}},"type":"binary-expr","locations":[{"start":{"line":96,"column":11},"end":{"line":96,"column":48}},{"start":{"line":96,"column":52},"end":{"line":96,"column":72}}]},"3":{"loc":{"start":{"line":101,"column":11},"end":{"line":101,"column":67}},"type":"binary-expr","locations":[{"start":{"line":101,"column":11},"end":{"line":101,"column":45}},{"start":{"line":101,"column":49},"end":{"line":101,"column":67}}]},"4":{"loc":{"start":{"line":106,"column":4},"end":{"line":106,"column":37}},"type":"if","locations":[{"start":{"line":106,"column":4},"end":{"line":106,"column":37}},{"start":{},"end":{}}]},"5":{"loc":{"start":{"line":113,"column":4},"end":{"line":113,"column":39}},"type":"if","locations":[{"start":{"line":113,"column":4},"end":{"line":113,"column":39}},{"start":{},"end":{}}]},"6":{"loc":{"start":{"line":114,"column":4},"end":{"line":114,"column":39}},"type":"if","locations":[{"start":{"line":114,"column":4},"end":{"line":114,"column":39}},{"start":{},"end":{}}]},"7":{"loc":{"start":{"line":54,"column":13},"end":{"line":54,"column":18}},"type":"cond-expr","locations":[{"start":{"line":54,"column":17},"end":{"line":54,"column":18}},{"start":{"line":54,"column":17},"end":{"line":54,"column":18}}]},"8":{"loc":{"start":{"line":54,"column":13},"end":{"line":54,"column":17}},"type":"binary-expr","locations":[{"start":{"line":54,"column":13},"end":{"line":54,"column":18}},{"start":{"line":54,"column":13},"end":{"line":54,"column":17}}]},"9":{"loc":{"start":{"line":58,"column":11},"end":{"line":58,"column":16}},"type":"cond-expr","locations":[{"start":{"line":58,"column":15},"end":{"line":58,"column":16}},{"start":{"line":58,"column":15},"end":{"line":58,"column":16}}]},"10":{"loc":{"start":{"line":58,"column":11},"end":{"line":58,"column":15}},"type":"binary-expr","locations":[{"start":{"line":58,"column":11},"end":{"line":58,"column":16}},{"start":{"line":58,"column":11},"end":{"line":58,"column":15}}]},"11":{"loc":{"start":{"line":76,"column":24},"end":{"line":76,"column":29}},"type":"cond-expr","locations":[{"start":{"line":76,"column":28},"end":{"line":76,"column":29}},{"start":{"line":76,"column":28},"end":{"line":76,"column":29}}]},"12":{"loc":{"start":{"line":76,"column":24},"end":{"line":76,"column":28}},"type":"binary-expr","locations":[{"start":{"line":76,"column":24},"end":{"line":76,"column":29}},{"start":{"line":76,"column":24},"end":{"line":76,"column":28}}]},"13":{"loc":{"start":{"line":79,"column":13},"end":{"line":79,"column":18}},"type":"cond-expr","locations":[{"start":{"line":79,"column":17},"end":{"line":79,"column":18}},{"start":{"line":79,"column":17},"end":{"line":79,"column":18}}]},"14":{"loc":{"start":{"line":79,"column":13},"end":{"line":79,"column":17}},"type":"binary-expr","locations":[{"start":{"line":79,"column":13},"end":{"line":79,"column":18}},{"start":{"line":79,"column":13},"end":{"line":79,"column":17}}]},"15":{"loc":{"start":{"line":82,"column":13},"end":{"line":82,"column":18}},"type":"cond-expr","locations":[{"start":{"line":82,"column":17},"end":{"line":82,"column":18}},{"start":{"line":82,"column":17},"end":{"line":82,"column":18}}]},"16":{"loc":{"start":{"line":82,"column":13},"end":{"line":82,"column":17}},"type":"binary-expr","locations":[{"start":{"line":82,"column":13},"end":{"line":82,"column":18}},{"start":{"line":82,"column":13},"end":{"line":82,"column":17}}]}},"s":{"0":2,"1":2,"2":2,"3":2,"4":2,"5":2,"6":6,"7":6,"8":3,"9":3,"10":3,"11":3,"12":4,"13":4,"14":1,"15":3,"16":3,"17":5,"18":5,"19":2,"20":3,"21":1,"22":2,"23":2,"24":2,"25":2,"26":2,"27":2,"28":2,"29":2,"30":2,"31":2,"32":2,"33":2,"34":2,"35":2,"36":2,"37":2,"38":2,"39":2,"40":2},"f":{"0":2,"1":6,"2":3,"3":3,"4":4,"5":5},"b":{"0":[2,2],"1":[6,4,3],"2":[3,2],"3":[3,2],"4":[1,3],"5":[2,3],"6":[1,2],"7":[2,0],"8":[2,2],"9":[2,0],"10":[2,2],"11":[2,0],"12":[2,2],"13":[2,0],"14":[2,2],"15":[2,0],"16":[2,2]}}
,"/home/felipemarques/projects/boyzera/apps/backend/src/domain/entities/token-distribution.entity.ts": {"path":"/home/felipemarques/projects/boyzera/apps/backend/src/domain/entities/token-distribution.entity.ts","statementMap":{"0":{"start":{"line":1,"column":0},"end":{"line":1,"column":null}},"1":{"start":{"line":11,"column":0},"end":{"line":11,"column":37}},"2":{"start":{"line":12,"column":0},"end":{"line":12,"column":41}},"3":{"start":{"line":14,"column":0},"end":{"line":14,"column":null}},"4":{"start":{"line":15,"column":2},"end":{"line":15,"column":null}},"5":{"start":{"line":16,"column":2},"end":{"line":16,"column":null}},"6":{"start":{"line":17,"column":2},"end":{"line":17,"column":null}},"7":{"start":{"line":18,"column":2},"end":{"line":18,"column":null}},"8":{"start":{"line":19,"column":2},"end":{"line":19,"column":null}},"9":{"start":{"line":20,"column":2},"end":{"line":20,"column":null}},"10":{"start":{"line":23,"column":0},"end":{"line":23,"column":null}},"11":{"start":{"line":24,"column":2},"end":{"line":24,"column":null}},"12":{"start":{"line":25,"column":2},"end":{"line":25,"column":null}},"13":{"start":{"line":26,"column":2},"end":{"line":26,"column":null}},"14":{"start":{"line":27,"column":2},"end":{"line":27,"column":null}},"15":{"start":{"line":28,"column":2},"end":{"line":28,"column":null}},"16":{"start":{"line":46,"column":7},"end":{"line":132,"column":null}},"17":{"start":{"line":111,"column":4},"end":{"line":111,"column":54}},"18":{"start":{"line":115,"column":4},"end":{"line":115,"column":56}},"19":{"start":{"line":119,"column":4},"end":{"line":122,"column":6}},"20":{"start":{"line":126,"column":4},"end":{"line":126,"column":43}},"21":{"start":{"line":126,"column":31},"end":{"line":126,"column":43}},"22":{"start":{"line":127,"column":20},"end":{"line":129,"column":41}},"23":{"start":{"line":130,"column":4},"end":{"line":130,"column":47}},"24":{"start":{"line":46,"column":13},"end":{"line":46,"column":30}},"25":{"start":{"line":48,"column":2},"end":{"line":48,"column":null}},"26":{"start":{"line":52,"column":2},"end":{"line":52,"column":null}},"27":{"start":{"line":56,"column":2},"end":{"line":56,"column":null}},"28":{"start":{"line":54,"column":19},"end":{"line":54,"column":23}},"29":{"start":{"line":63,"column":2},"end":{"line":63,"column":null}},"30":{"start":{"line":71,"column":2},"end":{"line":71,"column":null}},"31":{"start":{"line":74,"column":2},"end":{"line":74,"column":18}},"32":{"start":{"line":77,"column":2},"end":{"line":77,"column":null}},"33":{"start":{"line":81,"column":2},"end":{"line":81,"column":null}},"34":{"start":{"line":85,"column":2},"end":{"line":85,"column":null}},"35":{"start":{"line":89,"column":2},"end":{"line":89,"column":null}},"36":{"start":{"line":87,"column":19},"end":{"line":87,"column":25}},"37":{"start":{"line":92,"column":2},"end":{"line":92,"column":null}},"38":{"start":{"line":95,"column":2},"end":{"line":95,"column":null}},"39":{"start":{"line":98,"column":2},"end":{"line":98,"column":null}},"40":{"start":{"line":101,"column":2},"end":{"line":101,"column":null}},"41":{"start":{"line":104,"column":2},"end":{"line":104,"column":null}},"42":{"start":{"line":107,"column":2},"end":{"line":107,"column":null}},"43":{"start":{"line":46,"column":13},"end":{"line":132,"column":null}}},"fnMap":{"0":{"name":"(anonymous_2)","decl":{"start":{"line":14,"column":0},"end":{"line":14,"column":12}},"loc":{"start":{"line":14,"column":28},"end":{"line":21,"column":1}}},"1":{"name":"(anonymous_3)","decl":{"start":{"line":23,"column":0},"end":{"line":23,"column":12}},"loc":{"start":{"line":23,"column":30},"end":{"line":29,"column":1}}},"2":{"name":"(anonymous_4)","decl":{"start":{"line":110,"column":2},"end":{"line":110,"column":11}},"loc":{"start":{"line":110,"column":11},"end":{"line":112,"column":3}}},"3":{"name":"(anonymous_5)","decl":{"start":{"line":114,"column":2},"end":{"line":114,"column":13}},"loc":{"start":{"line":114,"column":13},"end":{"line":116,"column":3}}},"4":{"name":"(anonymous_6)","decl":{"start":{"line":118,"column":2},"end":{"line":118,"column":10}},"loc":{"start":{"line":118,"column":10},"end":{"line":123,"column":3}}},"5":{"name":"(anonymous_7)","decl":{"start":{"line":125,"column":2},"end":{"line":125,"column":16}},"loc":{"start":{"line":125,"column":59},"end":{"line":131,"column":3}}},"6":{"name":"(anonymous_8)","decl":{"start":{"line":54,"column":13},"end":{"line":54,"column":16}},"loc":{"start":{"line":54,"column":19},"end":{"line":54,"column":23}}},"7":{"name":"(anonymous_9)","decl":{"start":{"line":87,"column":13},"end":{"line":87,"column":16}},"loc":{"start":{"line":87,"column":19},"end":{"line":87,"column":25}}}},"branchMap":{"0":{"loc":{"start":{"line":14,"column":12},"end":{"line":14,"column":null}},"type":"binary-expr","locations":[{"start":{"line":14,"column":12},"end":{"line":14,"column":28}},{"start":{"line":14,"column":28},"end":{"line":14,"column":null}}]},"1":{"loc":{"start":{"line":23,"column":12},"end":{"line":23,"column":null}},"type":"binary-expr","locations":[{"start":{"line":23,"column":12},"end":{"line":23,"column":30}},{"start":{"line":23,"column":30},"end":{"line":23,"column":null}}]},"2":{"loc":{"start":{"line":120,"column":6},"end":{"line":121,"column":25}},"type":"binary-expr","locations":[{"start":{"line":120,"column":6},"end":{"line":120,"column":47}},{"start":{"line":121,"column":6},"end":{"line":121,"column":25}}]},"3":{"loc":{"start":{"line":125,"column":17},"end":{"line":125,"column":59}},"type":"default-arg","locations":[{"start":{"line":125,"column":50},"end":{"line":125,"column":59}}]},"4":{"loc":{"start":{"line":126,"column":4},"end":{"line":126,"column":43}},"type":"if","locations":[{"start":{"line":126,"column":4},"end":{"line":126,"column":43}},{"start":{},"end":{}}]},"5":{"loc":{"start":{"line":127,"column":20},"end":{"line":129,"column":41}},"type":"cond-expr","locations":[{"start":{"line":128,"column":8},"end":{"line":128,"column":33}},{"start":{"line":129,"column":8},"end":{"line":129,"column":41}}]},"6":{"loc":{"start":{"line":56,"column":8},"end":{"line":56,"column":13}},"type":"cond-expr","locations":[{"start":{"line":56,"column":12},"end":{"line":56,"column":13}},{"start":{"line":56,"column":12},"end":{"line":56,"column":13}}]},"7":{"loc":{"start":{"line":56,"column":8},"end":{"line":56,"column":12}},"type":"binary-expr","locations":[{"start":{"line":56,"column":8},"end":{"line":56,"column":13}},{"start":{"line":56,"column":8},"end":{"line":56,"column":12}}]},"8":{"loc":{"start":{"line":89,"column":11},"end":{"line":89,"column":18}},"type":"cond-expr","locations":[{"start":{"line":89,"column":17},"end":{"line":89,"column":18}},{"start":{"line":89,"column":17},"end":{"line":89,"column":18}}]},"9":{"loc":{"start":{"line":89,"column":11},"end":{"line":89,"column":17}},"type":"binary-expr","locations":[{"start":{"line":89,"column":11},"end":{"line":89,"column":18}},{"start":{"line":89,"column":11},"end":{"line":89,"column":17}}]},"10":{"loc":{"start":{"line":101,"column":15},"end":{"line":101,"column":20}},"type":"cond-expr","locations":[{"start":{"line":101,"column":19},"end":{"line":101,"column":20}},{"start":{"line":101,"column":19},"end":{"line":101,"column":20}}]},"11":{"loc":{"start":{"line":101,"column":15},"end":{"line":101,"column":19}},"type":"binary-expr","locations":[{"start":{"line":101,"column":15},"end":{"line":101,"column":20}},{"start":{"line":101,"column":15},"end":{"line":101,"column":19}}]},"12":{"loc":{"start":{"line":104,"column":13},"end":{"line":104,"column":18}},"type":"cond-expr","locations":[{"start":{"line":104,"column":17},"end":{"line":104,"column":18}},{"start":{"line":104,"column":17},"end":{"line":104,"column":18}}]},"13":{"loc":{"start":{"line":104,"column":13},"end":{"line":104,"column":17}},"type":"binary-expr","locations":[{"start":{"line":104,"column":13},"end":{"line":104,"column":18}},{"start":{"line":104,"column":13},"end":{"line":104,"column":17}}]},"14":{"loc":{"start":{"line":107,"column":13},"end":{"line":107,"column":18}},"type":"cond-expr","locations":[{"start":{"line":107,"column":17},"end":{"line":107,"column":18}},{"start":{"line":107,"column":17},"end":{"line":107,"column":18}}]},"15":{"loc":{"start":{"line":107,"column":13},"end":{"line":107,"column":17}},"type":"binary-expr","locations":[{"start":{"line":107,"column":13},"end":{"line":107,"column":18}},{"start":{"line":107,"column":13},"end":{"line":107,"column":17}}]}},"s":{"0":0,"1":0,"2":0,"3":0,"4":0,"5":0,"6":0,"7":0,"8":0,"9":0,"10":0,"11":0,"12":0,"13":0,"14":0,"15":0,"16":0,"17":0,"18":0,"19":0,"20":0,"21":0,"22":0,"23":0,"24":0,"25":0,"26":0,"27":0,"28":0,"29":0,"30":0,"31":0,"32":0,"33":0,"34":0,"35":0,"36":0,"37":0,"38":0,"39":0,"40":0,"41":0,"42":0,"43":0},"f":{"0":0,"1":0,"2":0,"3":0,"4":0,"5":0,"6":0,"7":0},"b":{"0":[0,0],"1":[0,0],"2":[0,0],"3":[0],"4":[0,0],"5":[0,0],"6":[0,0],"7":[0,0],"8":[0,0],"9":[0,0],"10":[0,0],"11":[0,0],"12":[0,0],"13":[0,0],"14":[0,0],"15":[0,0]}}
,"/home/felipemarques/projects/boyzera/apps/backend/src/domain/entities/transaction.entity.ts": {"path":"/home/felipemarques/projects/boyzera/apps/backend/src/domain/entities/transaction.entity.ts","statementMap":{"0":{"start":{"line":1,"column":0},"end":{"line":1,"column":null}},"1":{"start":{"line":10,"column":0},"end":{"line":10,"column":37}},"2":{"start":{"line":12,"column":0},"end":{"line":12,"column":null}},"3":{"start":{"line":13,"column":2},"end":{"line":13,"column":null}},"4":{"start":{"line":14,"column":2},"end":{"line":14,"column":null}},"5":{"start":{"line":15,"column":2},"end":{"line":15,"column":null}},"6":{"start":{"line":16,"column":2},"end":{"line":16,"column":null}},"7":{"start":{"line":17,"column":2},"end":{"line":17,"column":null}},"8":{"start":{"line":18,"column":2},"end":{"line":18,"column":null}},"9":{"start":{"line":19,"column":2},"end":{"line":19,"column":null}},"10":{"start":{"line":20,"column":2},"end":{"line":20,"column":null}},"11":{"start":{"line":21,"column":2},"end":{"line":21,"column":null}},"12":{"start":{"line":22,"column":2},"end":{"line":22,"column":null}},"13":{"start":{"line":25,"column":0},"end":{"line":25,"column":null}},"14":{"start":{"line":26,"column":2},"end":{"line":26,"column":null}},"15":{"start":{"line":27,"column":2},"end":{"line":27,"column":null}},"16":{"start":{"line":28,"column":2},"end":{"line":28,"column":null}},"17":{"start":{"line":50,"column":7},"end":{"line":139,"column":null}},"18":{"start":{"line":123,"column":4},"end":{"line":123,"column":35}},"19":{"start":{"line":127,"column":4},"end":{"line":127,"column":35}},"20":{"start":{"line":131,"column":4},"end":{"line":131,"column":64}},"21":{"start":{"line":135,"column":16},"end":{"line":135,"column":40}},"22":{"start":{"line":136,"column":19},"end":{"line":136,"column":45}},"23":{"start":{"line":137,"column":4},"end":{"line":137,"column":40}},"24":{"start":{"line":50,"column":13},"end":{"line":50,"column":24}},"25":{"start":{"line":52,"column":2},"end":{"line":52,"column":null}},"26":{"start":{"line":56,"column":2},"end":{"line":56,"column":null}},"27":{"start":{"line":60,"column":2},"end":{"line":60,"column":null}},"28":{"start":{"line":58,"column":19},"end":{"line":58,"column":23}},"29":{"start":{"line":67,"column":2},"end":{"line":67,"column":null}},"30":{"start":{"line":73,"column":2},"end":{"line":73,"column":null}},"31":{"start":{"line":84,"column":2},"end":{"line":84,"column":null}},"32":{"start":{"line":80,"column":38},"end":{"line":80,"column":55}},"33":{"start":{"line":81,"column":32},"end":{"line":81,"column":65}},"34":{"start":{"line":96,"column":2},"end":{"line":96,"column":null}},"35":{"start":{"line":92,"column":45},"end":{"line":92,"column":70}},"36":{"start":{"line":93,"column":39},"end":{"line":93,"column":67}},"37":{"start":{"line":108,"column":2},"end":{"line":108,"column":null}},"38":{"start":{"line":104,"column":45},"end":{"line":104,"column":70}},"39":{"start":{"line":105,"column":39},"end":{"line":105,"column":67}},"40":{"start":{"line":111,"column":2},"end":{"line":111,"column":null}},"41":{"start":{"line":115,"column":2},"end":{"line":115,"column":null}},"42":{"start":{"line":119,"column":2},"end":{"line":119,"column":null}},"43":{"start":{"line":50,"column":13},"end":{"line":139,"column":null}}},"fnMap":{"0":{"name":"(anonymous_2)","decl":{"start":{"line":12,"column":0},"end":{"line":12,"column":12}},"loc":{"start":{"line":12,"column":27},"end":{"line":23,"column":1}}},"1":{"name":"(anonymous_3)","decl":{"start":{"line":25,"column":0},"end":{"line":25,"column":12}},"loc":{"start":{"line":25,"column":24},"end":{"line":29,"column":1}}},"2":{"name":"(anonymous_4)","decl":{"start":{"line":122,"column":2},"end":{"line":122,"column":10}},"loc":{"start":{"line":122,"column":10},"end":{"line":124,"column":3}}},"3":{"name":"(anonymous_5)","decl":{"start":{"line":126,"column":2},"end":{"line":126,"column":9}},"loc":{"start":{"line":126,"column":9},"end":{"line":128,"column":3}}},"4":{"name":"(anonymous_6)","decl":{"start":{"line":130,"column":2},"end":{"line":130,"column":19}},"loc":{"start":{"line":130,"column":19},"end":{"line":132,"column":3}}},"5":{"name":"(anonymous_7)","decl":{"start":{"line":134,"column":2},"end":{"line":134,"column":20}},"loc":{"start":{"line":134,"column":20},"end":{"line":138,"column":3}}},"6":{"name":"(anonymous_8)","decl":{"start":{"line":58,"column":13},"end":{"line":58,"column":16}},"loc":{"start":{"line":58,"column":19},"end":{"line":58,"column":23}}},"7":{"name":"(anonymous_9)","decl":{"start":{"line":80,"column":10},"end":{"line":80,"column":11}},"loc":{"start":{"line":80,"column":38},"end":{"line":80,"column":55}}},"8":{"name":"(anonymous_10)","decl":{"start":{"line":81,"column":12},"end":{"line":81,"column":13}},"loc":{"start":{"line":81,"column":32},"end":{"line":81,"column":65}}},"9":{"name":"(anonymous_11)","decl":{"start":{"line":92,"column":10},"end":{"line":92,"column":11}},"loc":{"start":{"line":92,"column":45},"end":{"line":92,"column":70}}},"10":{"name":"(anonymous_12)","decl":{"start":{"line":93,"column":12},"end":{"line":93,"column":13}},"loc":{"start":{"line":93,"column":39},"end":{"line":93,"column":67}}},"11":{"name":"(anonymous_13)","decl":{"start":{"line":104,"column":10},"end":{"line":104,"column":11}},"loc":{"start":{"line":104,"column":45},"end":{"line":104,"column":70}}},"12":{"name":"(anonymous_14)","decl":{"start":{"line":105,"column":12},"end":{"line":105,"column":13}},"loc":{"start":{"line":105,"column":39},"end":{"line":105,"column":67}}}},"branchMap":{"0":{"loc":{"start":{"line":12,"column":12},"end":{"line":12,"column":null}},"type":"binary-expr","locations":[{"start":{"line":12,"column":12},"end":{"line":12,"column":27}},{"start":{"line":12,"column":27},"end":{"line":12,"column":null}}]},"1":{"loc":{"start":{"line":25,"column":12},"end":{"line":25,"column":null}},"type":"binary-expr","locations":[{"start":{"line":25,"column":12},"end":{"line":25,"column":24}},{"start":{"line":25,"column":24},"end":{"line":25,"column":null}}]},"2":{"loc":{"start":{"line":131,"column":11},"end":{"line":131,"column":63}},"type":"cond-expr","locations":[{"start":{"line":131,"column":37},"end":{"line":131,"column":49}},{"start":{"line":131,"column":52},"end":{"line":131,"column":63}}]},"3":{"loc":{"start":{"line":136,"column":19},"end":{"line":136,"column":45}},"type":"cond-expr","locations":[{"start":{"line":136,"column":36},"end":{"line":136,"column":39}},{"start":{"line":136,"column":42},"end":{"line":136,"column":45}}]},"4":{"loc":{"start":{"line":60,"column":8},"end":{"line":60,"column":13}},"type":"cond-expr","locations":[{"start":{"line":60,"column":12},"end":{"line":60,"column":13}},{"start":{"line":60,"column":12},"end":{"line":60,"column":13}}]},"5":{"loc":{"start":{"line":60,"column":8},"end":{"line":60,"column":12}},"type":"binary-expr","locations":[{"start":{"line":60,"column":8},"end":{"line":60,"column":13}},{"start":{"line":60,"column":8},"end":{"line":60,"column":12}}]},"6":{"loc":{"start":{"line":81,"column":32},"end":{"line":81,"column":65}},"type":"cond-expr","locations":[{"start":{"line":81,"column":40},"end":{"line":81,"column":53}},{"start":{"line":81,"column":56},"end":{"line":81,"column":65}}]},"7":{"loc":{"start":{"line":92,"column":45},"end":{"line":92,"column":70
[...]
[{"start":{"line":62,"column":4},"end":{"line":64,"column":5}},{"start":{},"end":{}}]},"1":{"loc":{"start":{"line":66,"column":4},"end":{"line":68,"column":5}},"type":"if","locations":[{"start":{"line":66,"column":4},"end":{"line":68,"column":5}},{"start":{},"end":{}}]},"2":{"loc":{"start":{"line":75,"column":4},"end":{"line":77,"column":5}},"type":"if","locations":[{"start":{"line":75,"column":4},"end":{"line":77,"column":5}},{"start":{},"end":{}}]},"3":{"loc":{"start":{"line":79,"column":4},"end":{"line":81,"column":5}},"type":"if","locations":[{"start":{"line":79,"column":4},"end":{"line":81,"column":5}},{"start":{},"end":{}}]},"4":{"loc":{"start":{"line":84,"column":4},"end":{"line":92,"column":5}},"type":"if","locations":[{"start":{"line":84,"column":4},"end":{"line":92,"column":5}},{"start":{},"end":{}}]},"5":{"loc":{"start":{"line":89,"column":6},"end":{"line":91,"column":7}},"type":"if","locations":[{"start":{"line":89,"column":6},"end":{"line":91,"column":7}},{"start":{},"end":{}}]},"6":{"loc":{"start":{"line":146,"column":4},"end":{"line":170,"column":5}},"type":"switch","locations":[{"start":{"line":147,"column":6},"end":{"line":153,"column":14}},{"start":{"line":155,"column":6},"end":{"line":161,"column":14}},{"start":{"line":163,"column":6},"end":{"line":166,"column":14}},{"start":{"line":168,"column":6},"end":{"line":169,"column":62}}]},"7":{"loc":{"start":{"line":148,"column":8},"end":{"line":150,"column":9}},"type":"if","locations":[{"start":{"line":148,"column":8},"end":{"line":150,"column":9}},{"start":{},"end":{}}]},"8":{"loc":{"start":{"line":156,"column":8},"end":{"line":158,"column":9}},"type":"if","locations":[{"start":{"line":156,"column":8},"end":{"line":158,"column":9}},{"start":{},"end":{}}]},"9":{"loc":{"start":{"line":182,"column":4},"end":{"line":185,"column":5}},"type":"if","locations":[{"start":{"line":182,"column":4},"end":{"line":185,"column":5}},{"start":{},"end":{}}]},"10":{"loc":{"start":{"line":188,"column":4},"end":{"line":192,"column":5}},"type":"if","locations":[{"start":{"line":188,"column":4},"end":{"line":192,"column":5}},{"start":{},"end":{}}]},"11":{"loc":{"start":{"line":195,"column":4},"end":{"line":198,"column":5}},"type":"if","locations":[{"start":{"line":195,"column":4},"end":{"line":198,"column":5}},{"start":{},"end":{}}]},"12":{"loc":{"start":{"line":204,"column":4},"end":{"line":246,"column":5}},"type":"if","locations":[{"start":{"line":204,"column":4},"end":{"line":246,"column":5}},{"start":{},"end":{}}]},"13":{"loc":{"start":{"line":204,"column":8},"end":{"line":204,"column":57}},"type":"binary-expr","locations":[{"start":{"line":204,"column":8},"end":{"line":204,"column":26}},{"start":{"line":204,"column":30},"end":{"line":204,"column":57}}]},"14":{"loc":{"start":{"line":217,"column":6},"end":{"line":245,"column":7}},"type":"if","locations":[{"start":{"line":217,"column":6},"end":{"line":245,"column":7}},{"start":{"line":229,"column":13},"end":{"line":245,"column":7}}]},"15":{"loc":{"start":{"line":217,"column":10},"end":{"line":217,"column":57}},"type":"binary-expr","locations":[{"start":{"line":217,"column":10},"end":{"line":217,"column":25}},{"start":{"line":217,"column":29},"end":{"line":217,"column":57}}]},"16":{"loc":{"start":{"line":234,"column":22},"end":{"line":234,"column":51}},"type":"binary-expr","locations":[{"start":{"line":234,"column":22},"end":{"line":234,"column":46}},{"start":{"line":234,"column":50},"end":{"line":234,"column":51}}]},"17":{"loc":{"start":{"line":253,"column":4},"end":{"line":253,"column":22}},"type":"default-arg","locations":[{"start":{"line":253,"column":20},"end":{"line":253,"column":22}}]},"18":{"loc":{"start":{"line":281,"column":4},"end":{"line":283,"column":5}},"type":"if","locations":[{"start":{"line":281,"column":4},"end":{"line":283,"column":5}},{"start":{},"end":{}}]},"19":{"loc":{"start":{"line":281,"column":8},"end":{"line":281,"column":39}},"type":"binary-expr","locations":[{"start":{"line":281,"column":8},"end":{"line":281,"column":16}},{"start":{"line":281,"column":20},"end":{"line":281,"column":39}}]},"20":{"loc":{"start":{"line":44,"column":31},"end":{"line":44,"column":50}},"type":"cond-expr","locations":[{"start":{"line":44,"column":41},"end":{"line":44,"column":50}},{"start":{"line":44,"column":41},"end":{"line":44,"column":50}}]},"21":{"loc":{"start":{"line":44,"column":31},"end":{"line":44,"column":41}},"type":"binary-expr","locations":[{"start":{"line":44,"column":31},"end":{"line":44,"column":50}},{"start":{"line":44,"column":31},"end":{"line":44,"column":41}}]},"22":{"loc":{"start":{"line":44,"column":41},"end":{"line":46,"column":52}},"type":"cond-expr","locations":[{"start":{"line":46,"column":42},"end":{"line":46,"column":52}},{"start":{"line":46,"column":42},"end":{"line":46,"column":52}}]},"23":{"loc":{"start":{"line":44,"column":41},"end":{"line":46,"column":42}},"type":"binary-expr","locations":[{"start":{"line":44,"column":41},"end":{"line":46,"column":52}},{"start":{"line":46,"column":32},"end":{"line":46,"column":42}}]},"24":{"loc":{"start":{"line":46,"column":42},"end":{"line":48,"column":44}},"type":"cond-expr","locations":[{"start":{"line":48,"column":38},"end":{"line":48,"column":44}},{"start":{"line":48,"column":38},"end":{"line":48,"column":44}}]},"25":{"loc":{"start":{"line":46,"column":42},"end":{"line":48,"column":38}},"type":"binary-expr","locations":[{"start":{"line":46,"column":42},"end":{"line":48,"column":44}},{"start":{"line":48,"column":28},"end":{"line":48,"column":38}}]},"26":{"loc":{"start":{"line":48,"column":38},"end":{"line":50,"column":58}},"type":"cond-expr","locations":[{"start":{"line":50,"column":45},"end":{"line":50,"column":58}},{"start":{"line":50,"column":45},"end":{"line":50,"column":58}}]},"27":{"loc":{"start":{"line":48,"column":38},"end":{"line":50,"column":45}},"type":"binary-expr","locations":[{"start":{"line":48,"column":38},"end":{"line":50,"column":58}},{"start":{"line":50,"column":35},"end":{"line":50,"column":45}}]},"28":{"loc":{"start":{"line":50,"column":45},"end":{"line":51,"column":null}},"type":"cond-expr","locations":[{"start":{"line":51,"column":39},"end":{"line":51,"column":null}},{"start":{"line":51,"column":39},"end":{"line":51,"column":null}}]},"29":{"loc":{"start":{"line":50,"column":45},"end":{"line":51,"column":39}},"type":"binary-expr","locations":[{"start":{"line":50,"column":45},"end":{"line":51,"column":null}},{"start":{"line":51,"column":26},"end":{"line":51,"column":39}}]}},"s":{"0":1,"1":1,"2":1,"3":1,"4":1,"5":1,"6":1,"7":1,"8":1,"9":11,"10":11,"11":11,"12":11,"13":11,"14":7,"15":7,"16":7,"17":1,"18":6,"19":1,"20":5,"21":5,"22":1,"23":4,"24":1,"25":3,"26":0,"27":0,"28":0,"29":3,"30":2,"31":2,"32":2,"33":2,"34":2,"35":2,"36":2,"37":2,"38":2,"39":3,"40":2,"41":1,"42":1,"43":1,"44":1,"45":0,"46":0,"47":0,"48":0,"49":0,"50":1,"51":0,"52":2,"53":2,"54":2,"55":1,"56":1,"57":2,"58":1,"59":1,"60":1,"61":2,"62":0,"63":0,"64":2,"65":2,"66":0,"67":0,"68":0,"69":0,"70":0,"71":0,"72":0,"73":0,"74":0,"75":0,"76":2,"77":0,"78":2,"79":2,"80":2,"81":2,"82":2,"83":1,"84":1,"85":1,"86":1},"f":{"0":11,"1":7,"2":3,"3":2,"4":0,"5":2,"6":2,"7":2},"b":{"0":[1,6],"1":[1,5],"2":[1,4],"3":[1,3],"4":[0,3],"5":[0,0],"6":[2,0,1,0],"7":[1,1],"8":[0,0],"9":[1,1],"10":[1,1],"11":[0,2],"12":[0,2],"13":[2,0],"14":[0,0],"15":[0,0],"16":[0,0],"17":[0],"18":[1,1],"19":[2,1],"20":[1,0],"21":[1,1],"22":[1,0],"23":[1,1],"24":[1,0],"25":[1,1],"26":[1,0],"27":[1,1],"28":[1,0],"29":[1,1]}}
,"/home/felipemarques/projects/boyzera/apps/backend/src/use-cases/transaction/create-transaction.use-case.ts": {"path":"/home/felipemarques/projects/boyzera/apps/backend/src/use-cases/transaction/create-transaction.use-case.ts","statementMap":{"0":{"start":{"line":1,"column":0},"end":{"line":1,"column":44}},"1":{"start":{"line":2,"column":0},"end":{"line":2,"column":null}},"2":{"start":{"line":6,"column":0},"end":{"line":6,"column":null}},"3":{"start":{"line":14,"column":7},"end":{"line":234,"column":null}},"4":{"start":{"line":15,"column":22},"end":{"line":15,"column":42}},"5":{"start":{"line":18,"column":4},"end":{"line":18,"column":61}},"6":{"start":{"line":26,"column":4},"end":{"line":35,"column":7}},"7":{"start":{"line":43,"column":4},"end":{"line":52,"column":7}},"8":{"start":{"line":61,"column":4},"end":{"line":71,"column":7}},"9":{"start":{"line":81,"column":4},"end":{"line":91,"column":7}},"10":{"start":{"line":101,"column":40},"end":{"line":101,"column":42}},"11":{"start":{"line":102,"column":42},"end":{"line":106,"column":6}},"12":{"start":{"line":108,"column":4},"end":{"line":117,"column":5}},"13":{"start":{"line":109,"column":29},"end":{"line":115,"column":8}},"14":{"start":{"line":116,"column":6},"end":{"line":116,"column":40}},"15":{"start":{"line":119,"column":4},"end":{"line":128,"column":5}},"16":{"start":{"line":120,"column":34},"end":{"line":126,"column":8}},"17":{"start":{"line":127,"column":6},"end":{"line":127,"column":45}},"18":{"start":{"line":130,"column":4},"end":{"line":130,"column":24}},"19":{"start":{"line":139,"column":4},"end":{"line":149,"column":7}},"20":{"start":{"line":161,"column":40},"end":{"line":161,"column":42}},"21":{"start":{"line":162,"column":42},"end":{"line":166,"column":6}},"22":{"start":{"line":168,"column":4},"end":{"line":178,"column":5}},"23":{"start":{"line":169,"column":29},"end":{"line":176,"column":8}},"24":{"start":{"line":177,"column":6},"end":{"line":177,"column":40}},"25":{"start":{"line":180,"column":4},"end":{"line":190,"column":5}},"26":{"start":{"line":181,"column":34},"end":{"line":188,"column":8}},"27":{"start":{"line":189,"column":6},"end":{"line":189,"column":45}},"28":{"start":{"line":192,"column":4},"end":{"line":202,"column":5}},"29":{"start":{"line":193,"column":31},"end":{"line":200,"column":8}},"30":{"start":{"line":201,"column":6},"end":{"line":201,"column":42}},"31":{"start":{"line":204,"column":4},"end":{"line":204,"column":24}},"32":{"start":{"line":212,"column":42},"end":{"line":214,"column":6}},"33":{"start":{"line":216,"column":27},"end":{"line":222,"column":6}},"34":{"start":{"line":224,"column":29},"end":{"line":230,"column":6}},"35":{"start":{"line":232,"column":4},"end":{"line":232,"column":46}},"36":{"start":{"line":14,"column":13},"end":{"line":14,"column":37}},"37":{"start":{"line":14,"column":13},"end":{"line":234,"column":null}}},"fnMap":{"0":{"name":"(anonymous_2)","decl":{"start":{"line":15,"column":2},"end":{"line":15,"column":22}},"loc":{"start":{"line":15,"column":60},"end":{"line":15,"column":64}}},"1":{"name":"(anonymous_3)","decl":{"start":{"line":17,"column":2},"end":{"line":17,"column":7}},"loc":{"start":{"line":17,"column":47},"end":{"line":19,"column":3}}},"2":{"name":"(anonymous_4)","decl":{"start":{"line":21,"column":2},"end":{"line":21,"column":7}},"loc":{"start":{"line":24,"column":20},"end":{"line":36,"column":3}}},"3":{"name":"(anonymous_5)","decl":{"start":{"line":38,"column":2},"end":{"line":38,"column":7}},"loc":{"start":{"line":41,"column":24},"end":{"line":53,"column":3}}},"4":{"name":"(anonymous_6)","decl":{"start":{"line":55,"column":2},"end":{"line":55,"column":7}},"loc":{"start":{"line":59,"column":23},"end":{"line":72,"column":3}}},"5":{"name":"(anonymous_7)","decl":{"start":{"line":74,"column":2},"end":{"line":74,"column":7}},"loc":{"start":{"line":79,"column":24},"end":{"line":92,"column":3}}},"6":{"name":"(anonymous_8)","decl":{"start":{"line":94,"column":2},"end":{"line":94,"column":7}},"loc":{"start":{"line":99,"column":19},"end":{"line":131,"column":3}}},"7":{"name":"(anonymous_9)","decl":{"start":{"line":133,"column":2},"end":{"line":133,"column":7}},"loc":{"start":{"line":137,"column":26},"end":{"line":150,"column":3}}},"8":{"name":"(anonymous_10)","decl":{"start":{"line":152,"column":2},"end":{"line":152,"column":7}},"loc":{"start":{"line":159,"column":16},"end":{"line":205,"column":3}}},"9":{"name":"(anonymous_11)","decl":{"start":{"line":207,"column":2},"end":{"line":207,"column":7}},"loc":{"start":{"line":210,"column":26},"end":{"line":233,"column":3}}}},"branchMap":{"0":{"loc":{"start":{"line":108,"column":4},"end":{"line":117,"column":5}},"type":"if","locations":[{"start":{"line":108,"column":4},"end":{"line":117,"column":5}},{"start":{},"end":{}}]},"1":{"loc":{"start":{"line":119,"column":4},"end":{"line":128,"column":5}},"type":"if","locations":[{"start":{"line":119,"column":4},"end":{"line":128,"column":5}},{"start":{},"end":{}}]},"2":{"loc":{"start":{"line":168,"column":4},"end":{"line":178,"column":5}},"type":"if","locations":[{"start":{"line":168,"column":4},"end":{"line":178,"column":5}},{"start":{},"end":{}}]},"3":{"loc":{"start":{"line":180,"column":4},"end":{"line":190,"column":5}},"type":"if","locations":[{"start":{"line":180,"column":4},"end":{"line":190,"column":5}},{"start":{},"end":{}}]},"4":{"loc":{"start":{"line":192,"column":4},"end":{"line":202,"column":5}},"type":"if","locations":[{"start":{"line":192,"column":4},"end":{"line":202,"column":5}},{"start":{},"end":{}}]},"5":{"loc":{"start":{"line":15,"column":42},"end":{"line":15,"column":63}},"type":"cond-expr","locations":[{"start":{"line":15,"column":60},"end":{"line":15,"column":63}},{"start":{"line":15,"column":60},"end":{"line":15,"column":63}}]},"6":{"loc":{"start":{"line":15,"column":42},"end":{"line":15,"column":60}},"type":"binary-expr","locations":[{"start":{"line":15,"column":42},"end":{"line":15,"column":63}},{"start":{"line":15,"column":42},"end":{"line":15,"column":60}}]}},"s":{"0":1,"1":1,"2":1,"3":1,"4":11,"5":15,"6":1,"7":1,"8":1,"9":1,"10":3,"11":3,"12":3,"13":2,"14":2,"15":3,"16":2,"17":2,"18":3,"19":1,"20":1,"21":1,"22":1,"23":1,"24":1,"25":1,"26":1,"27":1,"28":1,"29":1,"30":1,"31":1,"32":1,"33":1,"34":1,"35":1,"36":1,"37":1},"f":{"0":11,"1":15,"2":1,"3":1,"4":1,"5":1,"6":3,"7":1,"8":1,"9":1},"b":{"0":[2,1],"1":[2,1],"2":[1,0],"3":[1,0],"4":[1,0],"5":[1,0],"6":[1,1]}}
,"/home/felipemarques/projects/boyzera/apps/backend/src/use-cases/transaction/get-transaction-history.use-case.ts": {"path":"/home/felipemarques/projects/boyzera/apps/backend/src/use-cases/transaction/get-transaction-history.use-case.ts","statementMap":{"0":{"start":{"line":1,"column":0},"end":{"line":1,"column":44}},"1":{"start":{"line":2,"column":0},"end":{"line":2,"column":null}},"2":{"start":{"line":6,"column":0},"end":{"line":6,"column":null}},"3":{"start":{"line":28,"column":7},"end":{"line":125,"column":null}},"4":{"start":{"line":29,"column":22},"end":{"line":29,"column":42}},"5":{"start":{"line":37,"column":19},"end":{"line":37,"column":37}},"6":{"start":{"line":39,"column":36},"end":{"line":48,"column":null}},"7":{"start":{"line":51,"column":4},"end":{"line":57,"column":6}},"8":{"start":{"line":66,"column":4},"end":{"line":71,"column":6}},"9":{"start":{"line":79,"column":4},"end":{"line":79,"column":73}},"10":{"start":{"line":86,"column":29},"end":{"line":88,"column":null}},"11":{"start":{"line":90,"column":4},"end":{"line":90,"column":24}},"12":{"start":{"line":99,"column":4},"end":{"line":99,"column":55}},"13":{"start":{"line":107,"column":4},"end":{"line":107,"column":83}},"14":{"start":{"line":115,"column":4},"end":{"line":115,"column":78}},"15":{"start":{"line":123,"column":4},"end":{"line":123,"column":83}},"16":{"start":{"line":28,"column":13},"end":{"line":28,"column":41}},"17":{"start":{"line":28,"column":13},"end":{"line":125,"column":null}}},"fnMap":{"0":{"name":"(anonymous_2)","decl":{"start":{"line":29,"column":2},"end":{"line":29,"column":22}},"loc":{"start":{"line":29,"column":60},"end":{"line":29,"column":64}}},"1":{"name":"(anonymous_3)","decl":{"start":{"line":31,"column":2},"end":{"line":31,"column":7}},"loc":{"start":{"line":35,"column":36},"end":{"line":58,"column":3}}},"2":{"name":"(anonymous_4)","decl":{"start":{"line":60,"column":2},"end":{"line":60,"column":7}},"loc":{"start":{"line":64,"column":18},"end":{"line":72,"column":3}}},"3":{"name":"(anonymous_5)","decl":{"start":{"line":74,"column":2},"end":{"line":74,"column":7}},"loc":{"start":{"line":77,"column":20},"end":{"line":80,"column":3}}},"4":{"name":"(anonymous_6)","decl":{"start":{"line":82,"column":2},"end":{"line":82,"column":7}},"loc":{"start":{"line":84,"column":22},"end":{"line":91,"column":3}}},"5":{"name":"(anonymous_7)","decl":{"start":{"line":93,"column":2},"end":{"line":93,"column":7}},"loc":{"start":{"line":97,"column":22},"end":{"line":100,"column":3}}},"6":{"name":"(anonymous_8)","decl":{"start":{"line":102,"column":2},"end":{"line":102,"column":7}},"loc":{"start":{"line":105,"column":22},"end":{"line":108,"column":3}}},"7":{"name":"(anonymous_9)","decl":{"start":{"line":110,"column":2},"end":{"line":110,"column":7}},"loc":{"start":{"line":113,"column":22},"end":{"line":116,"column":3}}},"8":{"name":"(anonymous_10)","decl":{"start":{"line":118,"column":2},"end":{"line":118,"column":7}},"loc":{"start":{"line":121,"column":22},"end":{"line":124,"column":3}}}},"branchMap":{"0":{"loc":{"start":{"line":33,"column":4},"end":{"line":33,"column":20}},"type":"default-arg","locations":[{"start":{"line":33,"column":19},"end":{"line":33,"column":20}}]},"1":{"loc":{"start":{"line":34,"column":4},"end":{"line":34,"column":22}},"type":"default-arg","locations":[{"start":{"line":34,"column":20},"end":{"line":34,"column":22}}]},"2":{"loc":{"start":{"line":35,"column":4},"end":{"line":35,"column":36}},"type":"default-arg","locations":[{"start":{"line":35,"column":34},"end":{"line":35,"column":36}}]},"3":{"loc":{"start":{"line":77,"column":4},"end":{"line":77,"column":20}},"type":"default-arg","locations":[{"start":{"line":77,"column":19},"end":{"line":77,"column":20}}]},"4":{"loc":{"start":{"line":84,"column":4},"end":{"line":84,"column":22}},"type":"default-arg","locations":[{"start":{"line":84,"column":20},"end":{"line":84,"column":22}}]},"5":{"loc":{"start":{"line":96,"column":4},"end":{"line":96,"column":20}},"type":"default-arg","locations":[{"start":{"line":96,"column":19},"end":{"line":96,"column":20}}]},"6":{"loc":{"start":{"line":97,"column":4},"end":{"line":97,"column":22}},"type":"default-arg","locations":[{"start":{"line":97,"column":20},"end":{"line":97,"column":22}}]},"7":{"loc":{"start":{"line":104,"column":4},"end":{"line":104,"column":20}},"type":"default-arg","locations":[{"start":{"line":104,"column":19},"end":{"line":104,"column":20}}]},"8":{"loc":{"start":{"line":105,"column":4},"end":{"line":105,"column":22}},"type":"default-arg","locations":[{"start":{"line":105,"column":20},"end":{"line":105,"column":22}}]},"9":{"loc":{"start":{"line":112,"column":4},"end":{"line":112,"column":20}},"type":"default-arg","locations":[{"start":{"line":112,"column":19},"end":{"line":112,"column":20}}]},"10":{"loc":{"start":{"line":113,"column":4},"end":{"line":113,"column":22}},"type":"default-arg","locations":[{"start":{"line":113,"column":20},"end":{"line":113,"column":22}}]},"11":{"loc":{"start":{"line":120,"column":4},"end":{"line":120,"column":20}},"type":"default-arg","locations":[{"start":{"line":120,"column":19},"end":{"line":120,"column":20}}]},"12":{"loc":{"start":{"line":121,"column":4},"end":{"line":121,"column":22}},"type":"default-arg","locations":[{"start":{"line":121,"column":20},"end":{"line":121,"column":22}}]},"13":{"loc":{"start":{"line":29,"column":42},"end":{"line":29,"column":63}},"type":"cond-expr","locations":[{"start":{"line":29,"column":60},"end":{"line":29,"column":63}},{"start":{"line":29,"column":60},"end":{"line":29,"column":63}}]},"14":{"loc":{"start":{"line":29,"column":42},"end":{"line":29,"column":60}},"type":"binary-expr","locations":[{"start":{"line":29,"column":42},"end":{"line":29,"column":63}},{"start":{"line":29,"column":42},"end":{"line":29,"column":60}}]}},"s":{"0":0,"1":0,"2":0,"3":0,"4":0,"5":0,"6":0,"7":0,"8":0,"9":0,"10":0,"11":0,"12":0,"13":0,"14":0,"15":0,"16":0,"17":0},"f":{"0":0,"1":0,"2":0,"3":0,"4":0,"5":0,"6":0,"7":0,"8":0},"b":{"0":[0],"1":[0],"2":[0],"3":[0],"4":[0],"5":[0],"6":[0],"7":[0],"8":[0],"9":[0],"10":[0],"11":[0],"12":[0],"13":[0,0],"14":[0,0]}}
}
