TN:
SF:src/app.controller.ts
FN:6,(anonymous_2)
FN:9,(anonymous_3)
FNF:2
FNH:2
FNDA:1,(anonymous_2)
FNDA:1,(anonymous_3)
DA:1,1
DA:2,1
DA:5,1
DA:6,1
DA:9,1
DA:10,1
LF:6
LH:6
BRDA:6,0,0,1
BRDA:6,0,1,0
BRDA:6,1,0,1
BRDA:6,1,1,1
BRF:4
BRH:3
end_of_record
TN:
SF:src/app.module.ts
FNF:0
FNH:0
DA:1,0
DA:2,0
DA:3,0
DA:4,0
DA:5,0
DA:6,0
DA:7,0
DA:8,0
DA:9,0
DA:10,0
DA:11,0
DA:12,0
DA:13,0
DA:14,0
DA:15,0
DA:16,0
DA:17,0
DA:18,0
DA:19,0
DA:48,0
LF:20
LH:0
BRF:0
BRH:0
end_of_record
TN:
SF:src/app.service.ts
FN:5,(anonymous_1)
FNF:1
FNH:1
FNDA:1,(anonymous_1)
DA:1,1
DA:4,1
DA:6,1
LF:3
LH:3
BRF:0
BRH:0
end_of_record
TN:
SF:src/main.ts
FN:10,bootstrap
FNF:1
FNH:0
FNDA:0,bootstrap
DA:1,0
DA:2,0
DA:3,0
DA:6,0
DA:7,0
DA:11,0
DA:12,0
DA:14,0
LF:8
LH:0
BRDA:6,0,0,0
BRDA:6,0,1,0
BRDA:12,1,0,0
BRDA:12,1,1,0
BRF:4
BRH:0
end_of_record
TN:
SF:src/shim.ts
FNF:0
FNH:0
DA:1,0
DA:3,0
DA:5,0
LF:3
LH:0
BRDA:3,0,0,0
BRDA:3,0,1,0
BRF:2
BRH:0
end_of_record
TN:
SF:src/domain/entities/challenge.entity.ts
FN:13,(anonymous_2)
FN:21,(anonymous_3)
FN:139,(anonymous_4)
FN:143,(anonymous_5)
FN:147,(anonymous_6)
FN:151,(anonymous_7)
FN:157,(anonymous_8)
FN:162,(anonymous_9)
FN:166,(anonymous_10)
FN:73,(anonymous_11)
FN:82,(anonymous_12)
FN:93,(anonymous_13)
FN:94,(anonymous_14)
FN:114,(anonymous_15)
FN:115,(anonymous_16)
FNF:15
FNH:2
FNDA:1,(anonymous_2)
FNDA:1,(anonymous_3)
FNDA:0,(anonymous_4)
FNDA:0,(anonymous_5)
FNDA:0,(anonymous_6)
FNDA:0,(anonymous_7)
FNDA:0,(anonymous_8)
FNDA:0,(anonymous_9)
FNDA:0,(anonymous_10)
FNDA:0,(anonymous_11)
FNDA:0,(anonymous_12)
FNDA:0,(anonymous_13)
FNDA:0,(anonymous_14)
FNDA:0,(anonymous_15)
FNDA:0,(anonymous_16)
DA:1,1
DA:11,1
DA:13,1
DA:14,1
DA:15,1
DA:16,1
DA:17,1
DA:18,1
DA:21,1
DA:22,1
DA:23,1
DA:24,1
DA:25,1
DA:26,1
DA:27,1
DA:49,1
DA:51,1
DA:58,1
DA:66,1
DA:71,1
DA:73,0
DA:75,1
DA:80,1
DA:82,0
DA:84,1
DA:93,0
DA:94,0
DA:97,1
DA:101,1
DA:105,1
DA:114,0
DA:115,0
DA:118,1
DA:122,1
DA:126,1
DA:130,1
DA:133,1
DA:136,1
DA:140,0
DA:144,0
DA:148,0
DA:152,0
DA:153,0
DA:154,0
DA:158,0
DA:159,0
DA:163,0
DA:167,0
DA:168,0
DA:169,0
LF:50
LH:32
BRDA:13,0,0,1
BRDA:13,0,1,1
BRDA:21,1,0,1
BRDA:21,1,1,1
BRDA:152,2,0,0
BRDA:152,2,1,0
BRDA:153,3,0,0
BRDA:153,3,1,0
BRDA:153,4,0,0
BRDA:153,4,1,0
BRDA:158,5,0,0
BRDA:158,5,1,0
BRDA:163,6,0,0
BRDA:163,6,1,0
BRDA:167,7,0,0
BRDA:167,7,1,0
BRDA:168,8,0,0
BRDA:168,8,1,0
BRDA:75,9,0,1
BRDA:75,9,1,0
BRDA:75,10,0,1
BRDA:75,10,1,1
BRDA:84,11,0,1
BRDA:84,11,1,0
BRDA:84,12,0,1
BRDA:84,12,1,1
BRDA:94,13,0,0
BRDA:94,13,1,0
BRDA:115,14,0,0
BRDA:115,14,1,0
BRDA:122,15,0,1
BRDA:122,15,1,0
BRDA:122,16,0,1
BRDA:122,16,1,1
BRDA:126,17,0,1
BRDA:126,17,1,0
BRDA:126,18,0,1
BRDA:126,18,1,1
BRDA:130,19,0,1
BRDA:130,19,1,0
BRDA:130,20,0,1
BRDA:130,20,1,1
BRDA:133,21,0,1
BRDA:133,21,1,0
BRDA:133,22,0,1
BRDA:133,22,1,1
BRDA:136,23,0,1
BRDA:136,23,1,0
BRDA:136,24,0,1
BRDA:136,24,1,1
BRF:50
BRH:25
end_of_record
TN:
SF:src/domain/entities/level.entity.ts
FNF:0
FNH:0
DA:1,1
DA:2,1
DA:5,1
DA:7,1
DA:10,1
DA:16,1
DA:19,1
DA:22,1
DA:25,1
DA:28,1
DA:35,1
DA:38,1
DA:41,1
LF:13
LH:13
BRF:0
BRH:0
end_of_record
TN:
SF:src/domain/entities/minigame-score.entity.ts
FN:12,(anonymous_2)
FN:20,(anonymous_3)
FN:100,(anonymous_4)
FN:104,(anonymous_5)
FN:46,(anonymous_6)
FN:77,(anonymous_7)
FN:78,(anonymous_8)
FNF:7
FNH:2
FNDA:1,(anonymous_2)
FNDA:1,(anonymous_3)
FNDA:0,(anonymous_4)
FNDA:0,(anonymous_5)
FNDA:0,(anonymous_6)
FNDA:0,(anonymous_7)
FNDA:0,(anonymous_8)
DA:1,1
DA:10,1
DA:12,1
DA:13,1
DA:14,1
DA:15,1
DA:16,1
DA:17,1
DA:20,1
DA:21,1
DA:22,1
DA:23,1
DA:38,1
DA:40,1
DA:44,1
DA:46,0
DA:48,1
DA:55,1
DA:62,1
DA:65,1
DA:68,1
DA:77,0
DA:78,0
DA:81,1
DA:85,1
DA:89,1
DA:93,1
DA:97,1
DA:101,0
DA:105,0
DA:106,0
LF:31
LH:25
BRDA:12,0,0,1
BRDA:12,0,1,1
BRDA:20,1,0,1
BRDA:20,1,1,1
BRDA:105,2,0,0
BRDA:105,2,1,0
BRDA:48,3,0,1
BRDA:48,3,1,0
BRDA:48,4,0,1
BRDA:48,4,1,1
BRDA:78,5,0,0
BRDA:78,5,1,0
BRDA:97,6,0,1
BRDA:97,6,1,0
BRDA:97,7,0,1
BRDA:97,7,1,1
BRF:16
BRH:10
end_of_record
TN:
SF:src/domain/entities/mission.entity.ts
FN:11,(anonymous_2)
FN:17,(anonymous_3)
FNF:2
FNH:0
FNDA:0,(anonymous_2)
FNDA:0,(anonymous_3)
DA:1,0
DA:11,0
DA:12,0
DA:13,0
DA:14,0
DA:17,0
DA:18,0
DA:19,0
DA:20,0
DA:21,0
DA:22,0
DA:23,0
DA:24,0
DA:25,0
DA:26,0
DA:27,0
DA:46,0
DA:48,0
DA:54,0
DA:57,0
DA:60,0
DA:63,0
DA:66,0
DA:69,0
DA:72,0
DA:75,0
DA:78,0
DA:81,0
DA:84,0
DA:87,0
LF:30
LH:0
BRDA:11,0,0,0
BRDA:11,0,1,0
BRDA:17,1,0,0
BRDA:17,1,1,0
BRDA:84,2,0,0
BRDA:84,2,1,0
BRDA:84,3,0,0
BRDA:84,3,1,0
BRDA:87,4,0,0
BRDA:87,4,1,0
BRDA:87,5,0,0
BRDA:87,5,1,0
BRF:12
BRH:0
end_of_record
TN:
SF:src/domain/entities/notification.entity.ts
FN:12,(anonymous_2)
FN:36,(anonymous_3)
FNF:2
FNH:0
FNDA:0,(anonymous_2)
FNDA:0,(anonymous_3)
DA:1,0
DA:10,0
DA:12,0
DA:13,0
DA:14,0
DA:15,0
DA:16,0
DA:17,0
DA:18,0
DA:19,0
DA:20,0
DA:21,0
DA:22,0
DA:29,0
DA:31,0
DA:34,0
DA:36,0
DA:38,0
DA:44,0
DA:47,0
DA:50,0
DA:53,0
DA:56,0
DA:59,0
DA:62,0
DA:65,0
DA:68,0
LF:27
LH:0
BRDA:12,0,0,0
BRDA:12,0,1,0
BRDA:38,1,0,0
BRDA:38,1,1,0
BRDA:38,2,0,0
BRDA:38,2,1,0
BRDA:56,3,0,0
BRDA:56,3,1,0
BRDA:56,4,0,0
BRDA:56,4,1,0
BRDA:62,5,0,0
BRDA:62,5,1,0
BRDA:62,6,0,0
BRDA:62,6,1,0
BRDA:68,7,0,0
BRDA:68,7,1,0
BRDA:68,8,0,0
BRDA:68,8,1,0
BRF:18
BRH:0
end_of_record
TN:
SF:src/domain/entities/product.entity.ts
FN:10,(anonymous_2)
FN:19,(anonymous_3)
FN:26,(anonymous_4)
FN:112,(anonymous_5)
FN:126,(anonymous_6)
FN:139,(anonymous_7)
FN:143,(anonymous_8)
FNF:7
FNH:3
FNDA:1,(anonymous_2)
FNDA:1,(anonymous_3)
FNDA:1,(anonymous_4)
FNDA:0,(anonymous_5)
FNDA:0,(anonymous_6)
FNDA:0,(anonymous_7)
FNDA:0,(anonymous_8)
DA:1,1
DA:10,1
DA:11,1
DA:12,1
DA:13,1
DA:14,1
DA:15,1
DA:16,1
DA:19,1
DA:20,1
DA:21,1
DA:22,1
DA:23,1
DA:26,1
DA:27,1
DA:28,1
DA:29,1
DA:30,1
DA:56,1
DA:58,1
DA:62,1
DA:65,1
DA:72,1
DA:78,1
DA:81,1
DA:84,1
DA:87,1
DA:90,1
DA:93,1
DA:96,1
DA:100,1
DA:103,1
DA:106,1
DA:109,1
DA:113,0
DA:115,0
DA:116,0
DA:119,0
DA:120,0
DA:123,0
DA:127,0
DA:129,0
DA:131,0
DA:133,0
DA:135,0
DA:140,0
DA:144,0
DA:145,0
DA:147,0
DA:148,0
DA:150,0
LF:51
LH:34
BRDA:10,0,0,1
BRDA:10,0,1,1
BRDA:19,1,0,1
BRDA:19,1,1,1
BRDA:26,2,0,1
BRDA:26,2,1,1
BRDA:113,3,0,0
BRDA:113,3,1,0
BRDA:115,4,0,0
BRDA:115,4,1,0
BRDA:119,5,0,0
BRDA:119,5,1,0
BRDA:127,6,0,0
BRDA:127,6,1,0
BRDA:127,6,2,0
BRDA:127,6,3,0
BRDA:140,7,0,0
BRDA:140,7,1,0
BRDA:144,8,0,0
BRDA:144,8,1,0
BRDA:147,9,0,0
BRDA:147,9,1,0
BRDA:106,10,0,1
BRDA:106,10,1,0
BRDA:106,11,0,1
BRDA:106,11,1,1
BRDA:109,12,0,1
BRDA:109,12,1,0
BRDA:109,13,0,1
BRDA:109,13,1,1
BRF:30
BRH:12
end_of_record
TN:
SF:src/domain/entities/purchase.entity.ts
FN:14,(anonymous_2)
FN:87,(anonymous_3)
FN:91,(anonymous_4)
FN:95,(anonymous_5)
FN:44,(anonymous_6)
FN:52,(anonymous_7)
FNF:6
FNH:1
FNDA:1,(anonymous_2)
FNDA:0,(anonymous_3)
FNDA:0,(anonymous_4)
FNDA:0,(anonymous_5)
FNDA:0,(anonymous_6)
FNDA:0,(anonymous_7)
DA:1,1
DA:10,1
DA:11,1
DA:14,1
DA:15,1
DA:16,1
DA:17,1
DA:18,1
DA:19,1
DA:36,1
DA:38,1
DA:42,1
DA:44,0
DA:46,1
DA:50,1
DA:52,0
DA:54,1
DA:62,1
DA:65,1
DA:68,1
DA:71,1
DA:74,1
DA:77,1
DA:81,1
DA:84,1
DA:88,0
DA:92,0
DA:96,0
DA:99,0
DA:100,0
LF:30
LH:23
BRDA:14,0,0,1
BRDA:14,0,1,1
BRDA:96,1,0,0
BRDA:96,1,1,0
BRDA:46,2,0,1
BRDA:46,2,1,0
BRDA:46,3,0,1
BRDA:46,3,1,1
BRDA:54,4,0,1
BRDA:54,4,1,0
BRDA:54,5,0,1
BRDA:54,5,1,1
BRDA:81,6,0,1
BRDA:81,6,1,0
BRDA:81,7,0,1
BRDA:81,7,1,1
BRDA:84,8,0,1
BRDA:84,8,1,0
BRDA:84,9,0,1
BRDA:84,9,1,1
BRF:20
BRH:14
end_of_record
TN:
SF:src/domain/entities/referral.entity.ts
FN:24,(anonymous_2)
FN:31,(anonymous_3)
FNF:2
FNH:0
FNDA:0,(anonymous_2)
FNDA:0,(anonymous_3)
DA:1,0
DA:11,0
DA:12,0
DA:17,0
DA:19,0
DA:22,0
DA:24,0
DA:26,0
DA:29,0
DA:31,0
DA:33,0
DA:40,0
DA:43,0
DA:46,0
LF:14
LH:0
BRDA:26,0,0,0
BRDA:26,0,1,0
BRDA:26,1,0,0
BRDA:26,1,1,0
BRDA:33,2,0,0
BRDA:33,2,1,0
BRDA:33,3,0,0
BRDA:33,3,1,0
BRDA:46,4,0,0
BRDA:46,4,1,0
BRDA:46,5,0,0
BRDA:46,5,1,0
BRF:12
BRH:0
end_of_record
TN:
SF:src/domain/entities/season.entity.ts
FN:10,(anonymous_2)
FN:85,(anonymous_3)
FN:94,(anonymous_4)
FN:99,(anonymous_5)
FN:104,(anonymous_6)
FN:111,(anonymous_7)
FNF:6
FNH:6
FNDA:2,(anonymous_2)
FNDA:6,(anonymous_3)
FNDA:3,(anonymous_4)
FNDA:3,(anonymous_5)
FNDA:4,(anonymous_6)
FNDA:5,(anonymous_7)
DA:1,2
DA:10,2
DA:11,2
DA:12,2
DA:13,2
DA:33,2
DA:35,2
DA:39,2
DA:42,2
DA:50,2
DA:54,2
DA:58,2
DA:61,2
DA:64,2
DA:67,2
DA:70,2
DA:73,2
DA:76,2
DA:79,2
DA:82,2
DA:86,6
DA:87,6
DA:95,3
DA:96,3
DA:100,3
DA:101,3
DA:105,4
DA:106,4
DA:107,3
DA:108,3
DA:112,5
DA:113,5
DA:114,3
DA:116,2
DA:117,2
DA:118,2
LF:36
LH:36
BRDA:10,0,0,2
BRDA:10,0,1,2
BRDA:88,1,0,6
BRDA:88,1,1,4
BRDA:88,1,2,3
BRDA:96,2,0,3
BRDA:96,2,1,2
BRDA:101,3,0,3
BRDA:101,3,1,2
BRDA:106,4,0,1
BRDA:106,4,1,3
BRDA:113,5,0,2
BRDA:113,5,1,3
BRDA:114,6,0,1
BRDA:114,6,1,2
BRDA:54,7,0,2
BRDA:54,7,1,0
BRDA:54,8,0,2
BRDA:54,8,1,2
BRDA:58,9,0,2
BRDA:58,9,1,0
BRDA:58,10,0,2
BRDA:58,10,1,2
BRDA:76,11,0,2
BRDA:76,11,1,0
BRDA:76,12,0,2
BRDA:76,12,1,2
BRDA:79,13,0,2
BRDA:79,13,1,0
BRDA:79,14,0,2
BRDA:79,14,1,2
BRDA:82,15,0,2
BRDA:82,15,1,0
BRDA:82,16,0,2
BRDA:82,16,1,2
BRF:35
BRH:30
end_of_record
TN:
SF:src/domain/entities/token-distribution.entity.ts
FN:14,(anonymous_2)
FN:23,(anonymous_3)
FN:110,(anonymous_4)
FN:114,(anonymous_5)
FN:118,(anonymous_6)
FN:125,(anonymous_7)
FN:54,(anonymous_8)
FN:87,(anonymous_9)
FNF:8
FNH:0
FNDA:0,(anonymous_2)
FNDA:0,(anonymous_3)
FNDA:0,(anonymous_4)
FNDA:0,(anonymous_5)
FNDA:0,(anonymous_6)
FNDA:0,(anonymous_7)
FNDA:0,(anonymous_8)
FNDA:0,(anonymous_9)
DA:1,0
DA:11,0
DA:12,0
DA:14,0
DA:15,0
DA:16,0
DA:17,0
DA:18,0
DA:19,0
DA:20,0
DA:23,0
DA:24,0
DA:25,0
DA:26,0
DA:27,0
DA:28,0
DA:46,0
DA:48,0
DA:52,0
DA:54,0
DA:56,0
DA:63,0
DA:71,0
DA:74,0
DA:77,0
DA:81,0
DA:85,0
DA:87,0
DA:89,0
DA:92,0
DA:95,0
DA:98,0
DA:101,0
DA:104,0
DA:107,0
DA:111,0
DA:115,0
DA:119,0
DA:126,0
DA:127,0
DA:130,0
LF:41
LH:0
BRDA:14,0,0,0
BRDA:14,0,1,0
BRDA:23,1,0,0
BRDA:23,1,1,0
BRDA:120,2,0,0
BRDA:120,2,1,0
BRDA:125,3,0,0
BRDA:126,4,0,0
BRDA:126,4,1,0
BRDA:127,5,0,0
BRDA:127,5,1,0
BRDA:56,6,0,0
BRDA:56,6,1,0
BRDA:56,7,0,0
BRDA:56,7,1,0
BRDA:89,8,0,0
BRDA:89,8,1,0
BRDA:89,9,0,0
BRDA:89,9,1,0
BRDA:101,10,0,0
BRDA:101,10,1,0
BRDA:101,11,0,0
BRDA:101,11,1,0
BRDA:104,12,0,0
BRDA:104,12,1,0
BRDA:104,13,0,0
BRDA:104,13,1,0
BRDA:107,14,0,0
BRDA:107,14,1,0
BRDA:107,15,0,0
BRDA:107,15,1,0
BRF:31
BRH:0
end_of_record
TN:
SF:src/domain/entities/transaction.entity.ts
FN:12,(anonymous_2)
FN:25,(anonymous_3)
FN:122,(anonymous_4)
FN:126,(anonymous_5)
FN:130,(anonymous_6)
FN:134,(anonymous_7)
FN:58,(anonymous_8)
FN:80,(anonymous_9)
FN:81,(anonymous_10)
FN:92,(anonymous_11)
FN:93,(anonymous_12)
FN:104,(anonymous_13)
FN:105,(anonymous_14)
FNF:13
FNH:2
FNDA:2,(anonymous_2)
FNDA:2,(anonymous_3)
FNDA:0,(anonymous_4)
FNDA:0,(anonymous_5)
FNDA:0,(anonymous_6)
FNDA:0,(anonymous_7)
FNDA:0,(anonymous_8)
FNDA:0,(anonymous_9)
FNDA:0,(anonymous_10)
FNDA:0,(anonymous_11)
FNDA:0,(anonymous_12)
FNDA:0,(anonymous_13)
FNDA:0,(anonymous_14)
DA:1,2
DA:10,2
DA:12,2
DA:13,2
DA:14,2
DA:15,2
DA:16,2
DA:17,2
DA:18,2
DA:19,2
DA:20,2
DA:21,2
DA:22,2
DA:25,2
DA:26,2
DA:27,2
DA:28,2
DA:50,2
DA:52,2
DA:56,2
DA:58,0
DA:60,2
DA:67,2
DA:73,2
DA:80,0
DA:81,0
DA:84,2
DA:92,0
DA:93,0
DA:96,2
DA:104,0
DA:105,0
DA:108,2
DA:111,2
DA:115,2
DA:119,2
DA:123,0
DA:127,0
DA:131,0
DA:135,0
DA:136,0
DA:137,0
LF:42
LH:29
BRDA:12,0,0,2
BRDA:12,0,1,2
BRDA:25,1,0,2
BRDA:25,1,1,2
BRDA:131,2,0,0
BRDA:131,2,1,0
BRDA:136,3,0,0
BRDA:136,3,1,0
BRDA:60,4,0,2
BRDA:60,4,1,0
BRDA:60,5,0,2
BRDA:60,5,1,2
BRDA:81,6,0,0
BRDA:81,6,1,0
BRDA:92,7,0,0
BRDA:92,7,1,0
BRDA:93,8,0,0
BRDA:93,8,1,0
BRDA:104,9,0,0
BRDA:104,9,1,0
BRDA:105,10,0,0
BRDA:105,10,1,0
BRDA:119,11,0,2
BRDA:119,11,1,0
BRDA:119,12,0,2
BRDA:119,12,1,2
BRF:26
BRH:10
end_of_record
TN:
SF:src/domain/entities/upgrade.entity.ts
FN:4,(anonymous_2)
FN:12,(anonymous_3)
FN:80,(anonymous_4)
FN:88,(anonymous_5)
FNF:4
FNH:0
FNDA:0,(anonymous_2)
FNDA:0,(anonymous_3)
FNDA:0,(anonymous_4)
FNDA:0,(anonymous_5)
DA:1,0
DA:2,0
DA:4,0
DA:5,0
DA:6,0
DA:7,0
DA:8,0
DA:9,0
DA:12,0
DA:13,0
DA:14,0
DA:15,0
DA:16,0
DA:22,0
DA:24,0
DA:27,0
DA:30,0
DA:37,0
DA:44,0
DA:50,0
DA:53,0
DA:56,0
DA:59,0
DA:62,0
DA:65,0
DA:68,0
DA:71,0
DA:74,0
DA:77,0
DA:81,0
DA:82,0
DA:89,0
DA:90,0
LF:33
LH:0
BRDA:4,0,0,0
BRDA:4,0,1,0
BRDA:12,1,0,0
BRDA:12,1,1,0
BRDA:81,2,0,0
BRDA:81,2,1,0
BRDA:89,3,0,0
BRDA:89,3,1,0
BRF:8
BRH:0
end_of_record
TN:
SF:src/domain/entities/user-booster.entity.ts
FN:52,(anonymous_2)
FN:56,(anonymous_3)
FN:61,(anonymous_4)
FN:24,(anonymous_5)
FNF:4
FNH:0
FNDA:0,(anonymous_2)
FNDA:0,(anonymous_3)
FNDA:0,(anonymous_4)
FNDA:0,(anonymous_5)
DA:1,1
DA:10,1
DA:11,1
DA:16,1
DA:18,1
DA:22,1
DA:24,0
DA:26,1
DA:33,1
DA:36,1
DA:40,1
DA:43,1
DA:46,1
DA:49,1
DA:53,0
DA:57,0
DA:58,0
DA:62,0
DA:63,0
LF:19
LH:13
BRDA:26,0,0,1
BRDA:26,0,1,0
BRDA:26,1,0,1
BRDA:26,1,1,1
BRDA:33,2,0,0
BRDA:33,2,1,1
BRDA:33,3,0,1
BRDA:33,3,1,1
BRDA:40,4,0,1
BRDA:40,4,1,0
BRDA:40,5,0,1
BRDA:40,5,1,1
BRDA:49,6,0,1
BRDA:49,6,1,0
BRDA:49,7,0,1
BRDA:49,7,1,1
BRF:16
BRH:12
end_of_record
TN:
SF:src/domain/entities/user-mission.entity.ts
FN:27,(anonymous_2)
FN:34,(anonymous_3)
FNF:2
FNH:0
FNDA:0,(anonymous_2)
FNDA:0,(anonymous_3)
DA:1,0
DA:12,0
DA:13,0
DA:20,0
DA:22,0
DA:25,0
DA:27,0
DA:29,0
DA:32,0
DA:34,0
DA:36,0
DA:39,0
DA:42,0
DA:45,0
DA:48,0
DA:51,0
DA:54,0
DA:57,0
DA:60,0
DA:63,0
LF:20
LH:0
BRDA:29,0,0,0
BRDA:29,0,1,0
BRDA:29,1,0,0
BRDA:29,1,1,0
BRDA:36,2,0,0
BRDA:36,2,1,0
BRDA:36,3,0,0
BRDA:36,3,1,0
BRDA:45,4,0,0
BRDA:45,4,1,0
BRDA:45,5,0,0
BRDA:45,5,1,0
BRDA:51,6,0,0
BRDA:51,6,1,0
BRDA:51,7,0,0
BRDA:51,7,1,0
BRDA:54,8,0,0
BRDA:54,8,1,0
BRDA:54,9,0,0
BRDA:54,9,1,0
BRDA:57,10,0,0
BRDA:57,10,1,0
BRDA:57,11,0,0
BRDA:57,11,1,0
BRDA:60,12,0,0
BRDA:60,12,1,0
BRDA:60,13,0,0
BRDA:60,13,1,0
BRDA:63,14,0,0
BRDA:63,14,1,0
BRDA:63,15,0,0
BRDA:63,15,1,0
BRF:32
BRH:0
end_of_record
TN:
SF:src/domain/entities/user-upgrade.entity.ts
FN:10,(anonymous_2)
FN:17,(anonymous_3)
FNF:2
FNH:0
FNDA:0,(anonymous_2)
FNDA:0,(anonymous_3)
DA:1,0
DA:2,0
DA:3,0
DA:6,0
DA:8,0
DA:10,0
DA:12,0
DA:15,0
DA:17,0
DA:19,0
DA:22,0
DA:25,0
LF:12
LH:0
BRDA:12,0,0,0
BRDA:12,0,1,0
BRDA:12,1,0,0
BRDA:12,1,1,0
BRDA:19,2,0,0
BRDA:19,2,1,0
BRDA:19,3,0,0
BRDA:19,3,1,0
BRF:8
BRH:0
end_of_record
TN:
SF:src/domain/entities/user.entity.ts
FNF:0
FNH:0
DA:1,9
DA:9,9
DA:14,9
DA:16,9
DA:20,9
DA:23,9
DA:26,9
DA:29,9
DA:32,9
DA:35,9
DA:42,9
DA:45,9
DA:48,9
DA:51,9
DA:54,9
DA:57,9
DA:60,9
DA:63,9
DA:66,9
DA:73,9
DA:76,9
DA:79,9
DA:82,9
DA:85,9
DA:88,9
DA:91,9
DA:94,9
DA:97,9
DA:100,9
DA:103,9
LF:30
LH:30
BRDA:79,0,0,9
BRDA:79,0,1,0
BRDA:79,1,0,9
BRDA:79,1,1,9
BRDA:82,2,0,9
BRDA:82,2,1,0
BRDA:82,3,0,9
BRDA:82,3,1,9
BRDA:85,4,0,9
BRDA:85,4,1,0
BRDA:85,5,0,9
BRDA:85,5,1,9
BRDA:100,6,0,9
BRDA:100,6,1,0
BRDA:100,7,0,9
BRDA:100,7,1,9
BRDA:103,8,0,9
BRDA:103,8,1,0
BRDA:103,9,0,9
BRDA:103,9,1,9
BRF:20
BRH:15
end_of_record
TN:
SF:src/domain/entities/wallet-connection.entity.ts
FN:13,(anonymous_2)
FN:21,(anonymous_3)
FN:92,(anonymous_4)
FN:96,(anonymous_5)
FN:47,(anonymous_6)
FNF:5
FNH:2
FNDA:1,(anonymous_2)
FNDA:1,(anonymous_3)
FNDA:0,(anonymous_4)
FNDA:0,(anonymous_5)
FNDA:0,(anonymous_6)
DA:1,1
DA:11,1
DA:13,1
DA:14,1
DA:15,1
DA:16,1
DA:17,1
DA:18,1
DA:21,1
DA:22,1
DA:23,1
DA:24,1
DA:25,1
DA:39,1
DA:41,1
DA:45,1
DA:47,0
DA:49,1
DA:56,1
DA:60,1
DA:68,1
DA:71,1
DA:74,1
DA:77,1
DA:80,1
DA:83,1
DA:86,1
DA:89,1
DA:93,0
DA:97,0
DA:98,0
LF:31
LH:27
BRDA:13,0,0,1
BRDA:13,0,1,1
BRDA:21,1,0,1
BRDA:21,1,1,1
BRDA:97,2,0,0
BRDA:97,2,1,0
BRDA:49,3,0,1
BRDA:49,3,1,0
BRDA:49,4,0,1
BRDA:49,4,1,1
BRDA:80,5,0,1
BRDA:80,5,1,0
BRDA:80,6,0,1
BRDA:80,6,1,1
BRDA:83,7,0,1
BRDA:83,7,1,0
BRDA:83,8,0,1
BRDA:83,8,1,1
BRDA:86,9,0,1
BRDA:86,9,1,0
BRDA:86,10,0,1
BRDA:86,10,1,1
BRDA:89,11,0,1
BRDA:89,11,1,0
BRDA:89,12,0,1
BRDA:89,12,1,1
BRF:26
BRH:19
end_of_record
TN:
SF:src/domain/services/energy.service.ts
FN:13,(anonymous_1)
FN:37,(anonymous_2)
FN:42,(anonymous_3)
FN:55,(anonymous_4)
FNF:4
FNH:4
FNDA:8,(anonymous_1)
FNDA:2,(anonymous_2)
FNDA:2,(anonymous_3)
FNDA:2,(anonymous_4)
DA:1,1
DA:12,1
DA:14,8
DA:15,8
DA:16,8
DA:21,8
DA:22,8
DA:25,8
DA:27,8
DA:29,8
DA:38,2
DA:39,2
DA:46,2
DA:47,2
DA:49,2
DA:59,2
DA:61,2
DA:62,2
DA:63,2
DA:65,2
DA:66,2
DA:67,2
DA:68,2
DA:70,2
LF:24
LH:24
BRDA:15,0,0,8
BRDA:15,0,1,0
BRDA:27,1,0,6
BRDA:27,1,1,2
BRDA:37,2,0,0
BRDA:66,3,0,1
BRDA:66,3,1,1
BRDA:67,4,0,2
BRDA:67,4,1,0
BRDA:68,5,0,2
BRDA:68,5,1,0
BRDA:68,6,0,2
BRDA:68,6,1,0
BRF:13
BRH:8
end_of_record
TN:
SF:src/domain/services/level.service.ts
FN:22,(anonymous_4)
FN:27,(anonymous_5)
FN:33,(anonymous_6)
FN:37,(anonymous_7)
FN:48,(anonymous_8)
FN:54,(anonymous_9)
FN:97,(anonymous_10)
FNF:7
FNH:7
FNDA:8,(anonymous_4)
FNDA:1,(anonymous_5)
FNDA:3,(anonymous_6)
FNDA:4,(anonymous_7)
FNDA:2,(anonymous_8)
FNDA:2,(anonymous_9)
FNDA:2,(anonymous_10)
DA:1,1
DA:2,1
DA:3,1
DA:4,1
DA:21,1
DA:24,8
DA:28,1
DA:34,3
DA:38,4
DA:45,4
DA:49,2
DA:55,2
DA:57,2
DA:58,1
DA:67,1
DA:74,1
DA:75,1
DA:76,1
DA:77,1
DA:81,1
DA:89,1
DA:100,2
DA:101,2
DA:103,2
DA:104,1
DA:111,1
DA:112,1
DA:113,1
DA:114,1
DA:117,1
DA:121,1
LF:31
LH:31
BRDA:45,0,0,4
BRDA:45,0,1,0
BRDA:57,1,0,1
BRDA:57,1,1,1
BRDA:63,2,0,1
BRDA:63,2,1,1
BRDA:75,3,0,1
BRDA:75,3,1,0
BRDA:103,4,0,1
BRDA:103,4,1,1
BRDA:103,5,0,2
BRDA:103,5,1,1
BRDA:117,6,0,1
BRDA:117,6,1,0
BRDA:24,7,0,1
BRDA:24,7,1,0
BRDA:24,8,0,1
BRDA:24,8,1,1
BRF:18
BRH:14
end_of_record
TN:
SF:src/domain/services/passive-income.service.ts
FN:16,(anonymous_2)
FN:23,(anonymous_3)
FN:54,(anonymous_4)
FN:63,(anonymous_5)
FN:67,(anonymous_6)
FN:71,(anonymous_7)
FNF:6
FNH:5
FNDA:11,(anonymous_2)
FNDA:4,(anonymous_3)
FNDA:2,(anonymous_4)
FNDA:1,(anonymous_5)
FNDA:0,(anonymous_6)
FNDA:4,(anonymous_7)
DA:1,1
DA:2,1
DA:13,1
DA:16,11
DA:17,11
DA:24,4
DA:25,1
DA:33,3
DA:34,3
DA:36,3
DA:39,3
DA:42,3
DA:46,3
DA:55,2
DA:56,0
DA:59,2
DA:60,2
DA:64,1
DA:68,0
DA:72,4
DA:74,4
DA:75,1
DA:77,3
DA:78,1
DA:80,2
DA:81,1
DA:83,1
LF:27
LH:25
BRDA:24,0,0,1
BRDA:24,0,1,3
BRDA:34,1,0,3
BRDA:34,1,1,1
BRDA:55,2,0,0
BRDA:55,2,1,2
BRDA:74,3,0,1
BRDA:74,3,1,3
BRDA:77,4,0,1
BRDA:77,4,1,2
BRDA:80,5,0,1
BRDA:80,5,1,1
BRDA:16,6,0,1
BRDA:16,6,1,0
BRDA:16,7,0,1
BRDA:16,7,1,1
BRF:16
BRH:14
end_of_record
TN:
SF:src/domain/services/transaction.service.ts
FN:31,(anonymous_4)
FN:38,(anonymous_5)
FN:68,(anonymous_6)
FN:81,(anonymous_7)
FN:94,(anonymous_8)
FN:136,(anonymous_9)
FN:166,(anonymous_10)
FN:187,(anonymous_11)
FN:211,(anonymous_12)
FNF:9
FNH:6
FNDA:7,(anonymous_4)
FNDA:2,(anonymous_5)
FNDA:0,(anonymous_6)
FNDA:1,(anonymous_7)
FNDA:3,(anonymous_8)
FNDA:2,(anonymous_9)
FNDA:20,(anonymous_10)
FNDA:0,(anonymous_11)
FNDA:0,(anonymous_12)
DA:1,2
DA:2,2
DA:3,2
DA:4,2
DA:10,2
DA:30,2
DA:33,7
DA:35,7
DA:39,2
DA:43,2
DA:44,1
DA:48,1
DA:51,1
DA:54,1
DA:65,1
DA:71,0
DA:73,0
DA:74,0
DA:75,0
DA:78,0
DA:82,1
DA:84,1
DA:86,0
DA:88,0
DA:90,0
DA:105,3
DA:107,3
DA:112,3
DA:113,1
DA:116,3
DA:117,1
DA:120,3
DA:121,0
DA:124,3
DA:125,0
DA:128,3
DA:133,3
DA:142,2
DA:147,2
DA:148,0
DA:151,2
DA:152,0
DA:155,2
DA:157,2
DA:166,2
DA:167,20
DA:170,2
DA:171,6
DA:173,6
DA:174,5
DA:176,1
DA:179,6
DA:182,2
DA:184,2
DA:192,0
DA:194,0
DA:195,0
DA:196,0
DA:197,0
DA:199,0
DA:200,0
DA:202,0
DA:210,0
DA:211,0
DA:214,0
DA:215,0
DA:217,0
DA:218,0
DA:219,0
DA:221,0
DA:225,0
DA:232,0
LF:72
LH:42
BRDA:43,0,0,1
BRDA:43,0,1,1
BRDA:82,1,0,1
BRDA:82,1,1,0
BRDA:82,1,2,0
BRDA:82,1,3,0
BRDA:96,2,0,0
BRDA:105,3,0,2
BRDA:105,4,0,2
BRDA:112,5,0,1
BRDA:112,5,1,2
BRDA:116,6,0,1
BRDA:116,6,1,2
BRDA:120,7,0,0
BRDA:120,7,1,3
BRDA:124,8,0,0
BRDA:124,8,1,3
BRDA:147,9,0,0
BRDA:147,9,1,2
BRDA:151,10,0,0
BRDA:151,10,1,2
BRDA:173,11,0,5
BRDA:173,11,1,1
BRDA:190,12,0,0
BRDA:211,13,0,0
BRDA:211,13,1,0
BRDA:218,14,0,0
BRDA:218,14,1,0
BRDA:33,15,0,2
BRDA:33,15,1,0
BRDA:33,16,0,2
BRDA:33,16,1,2
BRDA:33,17,0,2
BRDA:33,17,1,0
BRDA:33,18,0,2
BRDA:33,18,1,2
BRF:36
BRH:21
end_of_record
TN:
SF:src/infrastructure/auth/auth.controller.ts
FN:7,(anonymous_4)
FN:10,(anonymous_5)
FNF:2
FNH:0
FNDA:0,(anonymous_4)
FNDA:0,(anonymous_5)
DA:1,0
DA:2,0
DA:3,0
DA:6,0
DA:7,0
DA:10,0
DA:11,0
LF:7
LH:0
BRDA:10,0,0,0
BRDA:10,0,1,0
BRDA:10,1,0,0
BRDA:10,1,1,0
BRDA:7,2,0,0
BRDA:7,2,1,0
BRDA:7,3,0,0
BRDA:7,3,1,0
BRF:8
BRH:0
end_of_record
TN:
SF:src/infrastructure/auth/auth.module.ts
FN:17,(anonymous_1)
FNF:1
FNH:0
FNDA:0,(anonymous_1)
DA:1,0
DA:2,0
DA:3,0
DA:4,0
DA:5,0
DA:6,0
DA:7,0
DA:8,0
DA:17,0
DA:27,0
LF:10
LH:0
BRF:0
BRH:0
end_of_record
TN:
SF:src/infrastructure/auth/auth.service.ts
FN:12,(anonymous_13)
FN:19,(anonymous_14)
FN:25,(anonymous_15)
FN:50,(anonymous_16)
FNF:4
FNH:0
FNDA:0,(anonymous_13)
FNDA:0,(anonymous_14)
FNDA:0,(anonymous_15)
FNDA:0,(anonymous_16)
DA:1,0
DA:2,0
DA:3,0
DA:4,0
DA:5,0
DA:6,0
DA:7,0
DA:11,0
DA:14,0
DA:15,0
DA:16,0
DA:20,0
DA:21,0
DA:22,0
DA:24,0
DA:25,0
DA:26,0
DA:28,0
DA:29,0
DA:34,0
DA:39,0
DA:41,0
DA:42,0
DA:44,0
DA:47,0
DA:51,0
DA:53,0
DA:55,0
DA:56,0
DA:62,0
DA:65,0
DA:66,0
LF:32
LH:0
BRDA:31,0,0,0
BRDA:31,0,1,0
BRDA:39,1,0,0
BRDA:39,1,1,0
BRDA:41,2,0,0
BRDA:41,2,1,0
BRDA:41,3,0,0
BRDA:41,3,1,0
BRDA:47,4,0,0
BRDA:47,4,1,0
BRDA:55,5,0,0
BRDA:55,5,1,0
BRDA:14,6,0,0
BRDA:14,6,1,0
BRDA:14,7,0,0
BRDA:14,7,1,0
BRDA:14,8,0,0
BRDA:14,8,1,0
BRDA:14,9,0,0
BRDA:14,9,1,0
BRDA:15,10,0,0
BRDA:15,10,1,0
BRDA:15,11,0,0
BRDA:15,11,1,0
BRF:24
BRH:0
end_of_record
TN:
SF:src/infrastructure/auth/login.dto.ts
FNF:0
FNH:0
DA:1,0
LF:1
LH:0
BRF:0
BRH:0
end_of_record
TN:
SF:src/infrastructure/blockchain/blockchain.module.ts
FNF:0
FNH:0
DA:1,0
DA:2,0
DA:3,0
DA:4,0
DA:5,0
DA:6,0
DA:7,0
DA:8,0
DA:9,0
DA:10,0
DA:30,0
LF:11
LH:0
BRF:0
BRH:0
end_of_record
TN:
SF:src/infrastructure/blockchain/token-distribution.service.ts
FN:36,(anonymous_4)
FN:53,(anonymous_5)
FN:82,(anonymous_6)
FN:172,(anonymous_7)
FN:189,(anonymous_8)
FN:199,(anonymous_9)
FN:220,(anonymous_10)
FN:227,(anonymous_11)
FN:238,(anonymous_12)
FN:271,(anonymous_13)
FN:297,(anonymous_14)
FN:334,(anonymous_15)
FN:338,(anonymous_16)
FNF:13
FNH:0
FNDA:0,(anonymous_4)
FNDA:0,(anonymous_5)
FNDA:0,(anonymous_6)
FNDA:0,(anonymous_7)
FNDA:0,(anonymous_8)
FNDA:0,(anonymous_9)
FNDA:0,(anonymous_10)
FNDA:0,(anonymous_11)
FNDA:0,(anonymous_12)
FNDA:0,(anonymous_13)
FNDA:0,(anonymous_14)
FNDA:0,(anonymous_15)
FNDA:0,(anonymous_16)
DA:1,0
DA:2,0
DA:3,0
DA:4,0
DA:5,0
DA:6,0
DA:12,0
DA:13,0
DA:31,0
DA:32,0
DA:37,0
DA:39,0
DA:41,0
DA:43,0
DA:44,0
DA:46,0
DA:50,0
DA:56,0
DA:59,0
DA:63,0
DA:73,0
DA:75,0
DA:79,0
DA:83,0
DA:88,0
DA:89,0
DA:92,0
DA:93,0
DA:96,0
DA:98,0
DA:99,0
DA:100,0
DA:102,0
DA:110,0
DA:111,0
DA:113,0
DA:116,0
DA:122,0
DA:123,0
DA:124,0
DA:125,0
DA:128,0
DA:131,0
DA:132,0
DA:133,0
DA:137,0
DA:144,0
DA:148,0
DA:155,0
DA:156,0
DA:157,0
DA:158,0
DA:160,0
DA:164,0
DA:182,0
DA:184,0
DA:189,0
DA:191,0
DA:196,0
DA:200,0
DA:204,0
DA:205,0
DA:208,0
DA:209,0
DA:213,0
DA:214,0
DA:215,0
DA:217,0
DA:221,0
DA:231,0
DA:244,0
DA:248,0
DA:249,0
DA:250,0
DA:251,0
DA:253,0
DA:254,0
DA:255,0
DA:256,0
DA:257,0
DA:258,0
DA:259,0
DA:263,0
DA:275,0
DA:277,0
DA:278,0
DA:287,0
DA:290,0
DA:294,0
DA:302,0
DA:306,0
DA:307,0
DA:310,0
DA:311,0
DA:314,0
DA:317,0
DA:318,0
DA:321,0
DA:331,0
DA:335,0
DA:339,0
LF:101
LH:0
BRDA:88,0,0,0
BRDA:88,0,1,0
BRDA:92,1,0,0
BRDA:92,1,1,0
BRDA:96,2,0,0
BRDA:96,2,1,0
BRDA:131,3,0,0
BRDA:131,3,1,0
BRDA:156,4,0,0
BRDA:156,4,1,0
BRDA:182,5,0,0
BRDA:182,5,1,0
BRDA:204,6,0,0
BRDA:204,6,1,0
BRDA:208,7,0,0
BRDA:208,7,1,0
BRDA:229,8,0,0
BRDA:254,9,0,0
BRDA:254,9,1,0
BRDA:257,10,0,0
BRDA:257,10,1,0
BRDA:300,11,0,0
BRDA:306,12,0,0
BRDA:306,12,1,0
BRDA:310,13,0,0
BRDA:310,13,1,0
BRDA:37,14,0,0
BRDA:37,14,1,0
BRDA:37,15,0,0
BRDA:37,15,1,0
BRDA:37,16,0,0
BRDA:37,16,1,0
BRDA:37,17,0,0
BRDA:37,17,1,0
BRDA:39,18,0,0
BRDA:39,18,1,0
BRDA:39,19,0,0
BRDA:39,19,1,0
BRDA:41,20,0,0
BRDA:41,20,1,0
BRDA:41,21,0,0
BRDA:41,21,1,0
BRDA:43,22,0,0
BRDA:43,22,1,0
BRDA:43,23,0,0
BRDA:43,23,1,0
BRF:46
BRH:0
end_of_record
TN:
SF:src/infrastructure/blockchain/ton-connect.service.ts
FN:42,(anonymous_4)
FN:52,(anonymous_5)
FN:59,(anonymous_6)
FN:96,(anonymous_7)
FN:146,(anonymous_8)
FN:159,(anonymous_9)
FN:166,(anonymous_10)
FN:172,(anonymous_11)
FN:179,(anonymous_12)
FN:193,(anonymous_13)
FN:200,(anonymous_14)
FNF:11
FNH:0
FNDA:0,(anonymous_4)
FNDA:0,(anonymous_5)
FNDA:0,(anonymous_6)
FNDA:0,(anonymous_7)
FNDA:0,(anonymous_8)
FNDA:0,(anonymous_9)
FNDA:0,(anonymous_10)
FNDA:0,(anonymous_11)
FNDA:0,(anonymous_12)
FNDA:0,(anonymous_13)
FNDA:0,(anonymous_14)
DA:1,1
DA:2,1
DA:3,1
DA:4,1
DA:5,1
DA:10,1
DA:38,1
DA:39,0
DA:43,0
DA:45,0
DA:47,0
DA:49,0
DA:54,0
DA:55,0
DA:56,0
DA:63,0
DA:70,0
DA:71,0
DA:74,0
DA:75,0
DA:76,0
DA:81,0
DA:82,0
DA:89,0
DA:91,0
DA:92,0
DA:97,0
DA:100,0
DA:101,0
DA:102,0
DA:106,0
DA:113,0
DA:114,0
DA:118,0
DA:124,0
DA:139,0
DA:141,0
DA:143,0
DA:147,0
DA:156,0
DA:160,0
DA:167,0
DA:173,0
DA:181,0
DA:187,0
DA:194,0
DA:197,0
DA:201,0
LF:48
LH:7
BRDA:74,0,0,0
BRDA:74,0,1,0
BRDA:81,1,0,0
BRDA:81,1,1,0
BRDA:101,2,0,0
BRDA:101,2,1,0
BRDA:113,3,0,0
BRDA:113,3,1,0
BRDA:113,4,0,0
BRDA:113,4,1,0
BRDA:194,5,0,0
BRDA:194,5,1,0
BRDA:43,6,0,1
BRDA:43,6,1,0
BRDA:43,7,0,1
BRDA:43,7,1,1
BRDA:43,8,0,1
BRDA:43,8,1,0
BRDA:43,9,0,1
BRDA:43,9,1,1
BRDA:45,10,0,1
BRDA:45,10,1,0
BRDA:45,11,0,1
BRDA:45,11,1,1
BRF:24
BRH:9
end_of_record
TN:
SF:src/infrastructure/challenge/challenge.module.ts
FNF:0
FNH:0
DA:1,0
DA:2,0
DA:3,0
DA:4,0
DA:5,0
DA:6,0
DA:7,0
DA:8,0
DA:24,0
LF:9
LH:0
BRF:0
BRH:0
end_of_record
TN:
SF:src/infrastructure/database/data-source.ts
FNF:0
FNH:0
DA:1,0
DA:2,0
DA:4,0
DA:6,0
DA:19,0
DA:21,0
LF:6
LH:0
BRDA:8,0,0,0
BRDA:8,0,1,0
BRDA:9,1,0,0
BRDA:9,1,1,0
BRDA:10,2,0,0
BRDA:10,2,1,0
BRDA:11,3,0,0
BRDA:11,3,1,0
BRDA:12,4,0,0
BRDA:12,4,1,0
BRF:10
BRH:0
end_of_record
TN:
SF:src/infrastructure/database/database.module.ts
FN:27,(anonymous_1)
FNF:1
FNH:0
FNDA:0,(anonymous_1)
DA:1,0
DA:2,0
DA:3,0
DA:4,0
DA:5,0
DA:6,0
DA:7,0
DA:8,0
DA:9,0
DA:10,0
DA:11,0
DA:12,0
DA:13,0
DA:14,0
DA:15,0
DA:16,0
DA:17,0
DA:18,0
DA:19,0
DA:20,0
DA:27,0
DA:59,0
LF:22
LH:0
BRF:0
BRH:0
end_of_record
TN:
SF:src/infrastructure/game/game.module.ts
FNF:0
FNH:0
DA:1,0
DA:2,0
DA:3,0
DA:4,0
DA:5,0
DA:6,0
DA:7,0
DA:8,0
DA:9,0
DA:10,0
DA:11,0
DA:12,0
DA:13,0
DA:14,0
DA:15,0
DA:16,0
DA:17,0
DA:40,0
LF:18
LH:0
BRF:0
BRH:0
end_of_record
TN:
SF:src/infrastructure/guards/anti-cheat.guard.ts
FN:24,(anonymous_2)
FN:40,(anonymous_3)
FN:142,(anonymous_4)
FN:147,(anonymous_5)
FN:151,(anonymous_6)
FNF:5
FNH:0
FNDA:0,(anonymous_2)
FNDA:0,(anonymous_3)
FNDA:0,(anonymous_4)
FNDA:0,(anonymous_5)
FNDA:0,(anonymous_6)
DA:1,0
DA:8,0
DA:9,0
DA:18,0
DA:25,0
DA:26,0
DA:28,0
DA:32,0
DA:36,0
DA:37,0
DA:41,0
DA:42,0
DA:45,0
DA:46,0
DA:48,0
DA:49,0
DA:53,0
DA:54,0
DA:56,0
DA:57,0
DA:58,0
DA:69,0
DA:72,0
DA:73,0
DA:74,0
DA:75,0
DA:76,0
DA:81,0
DA:82,0
DA:83,0
DA:87,0
DA:88,0
DA:89,0
DA:90,0
DA:91,0
DA:93,0
DA:98,0
DA:99,0
DA:100,0
DA:102,0
DA:103,0
DA:107,0
DA:108,0
DA:113,0
DA:120,0
DA:121,0
DA:126,0
DA:128,0
DA:139,0
DA:143,0
DA:144,0
DA:148,0
DA:152,0
LF:53
LH:0
BRDA:41,0,0,0
BRDA:41,0,1,0
BRDA:48,1,0,0
BRDA:48,1,1,0
BRDA:56,2,0,0
BRDA:56,2,1,0
BRDA:73,3,0,0
BRDA:73,3,1,0
BRDA:75,4,0,0
BRDA:75,4,1,0
BRDA:82,5,0,0
BRDA:82,5,1,0
BRDA:82,6,0,0
BRDA:82,6,1,0
BRDA:82,6,2,0
BRDA:88,7,0,0
BRDA:88,7,1,0
BRDA:91,8,0,0
BRDA:91,8,1,0
BRDA:98,9,0,0
BRDA:98,9,1,0
BRDA:102,10,0,0
BRDA:102,10,1,0
BRDA:120,11,0,0
BRDA:120,11,1,0
BRDA:144,12,0,0
BRDA:144,12,1,0
BRDA:25,13,0,0
BRDA:25,13,1,0
BRDA:25,14,0,0
BRDA:25,14,1,0
BRDA:25,15,0,0
BRDA:25,15,1,0
BRDA:25,16,0,0
BRDA:25,16,1,0
BRF:35
BRH:0
end_of_record
TN:
SF:src/infrastructure/guards/index.ts
FNF:0
FNH:0
DA:1,0
DA:2,0
LF:2
LH:0
BRF:0
BRH:0
end_of_record
TN:
SF:src/infrastructure/guards/rate-limit.guard.ts
FN:15,(anonymous_2)
FN:25,(anonymous_3)
FN:59,(anonymous_4)
FN:69,(anonymous_5)
FNF:4
FNH:0
FNDA:0,(anonymous_2)
FNDA:0,(anonymous_3)
FNDA:0,(anonymous_4)
FNDA:0,(anonymous_5)
DA:1,0
DA:8,0
DA:9,0
DA:12,0
DA:16,0
DA:17,0
DA:19,0
DA:26,0
DA:27,0
DA:29,0
DA:30,0
DA:33,0
DA:34,0
DA:36,0
DA:37,0
DA:40,0
DA:41,0
DA:51,0
DA:56,0
DA:60,0
DA:61,0
DA:63,0
DA:70,0
DA:71,0
DA:72,0
DA:74,0
DA:75,0
DA:76,0
DA:79,0
DA:80,0
DA:82,0
DA:83,0
DA:86,0
DA:87,0
DA:88,0
DA:98,0
LF:36
LH:0
BRDA:29,0,0,0
BRDA:29,0,1,0
BRDA:36,1,0,0
BRDA:36,1,1,0
BRDA:40,2,0,0
BRDA:40,2,1,0
BRDA:16,3,0,0
BRDA:16,3,1,0
BRDA:16,4,0,0
BRDA:16,4,1,0
BRDA:16,5,0,0
BRDA:16,5,1,0
BRDA:16,6,0,0
BRDA:16,6,1,0
BRDA:72,7,0,0
BRDA:72,7,1,0
BRDA:74,8,0,0
BRDA:74,8,1,0
BRDA:75,9,0,0
BRDA:75,9,1,0
BRDA:82,10,0,0
BRDA:82,10,1,0
BRDA:86,11,0,0
BRDA:86,11,1,0
BRDA:60,12,0,0
BRDA:60,12,1,0
BRDA:60,13,0,0
BRDA:60,13,1,0
BRDA:60,14,0,0
BRDA:60,14,1,0
BRDA:60,15,0,0
BRDA:60,15,1,0
BRF:32
BRH:0
end_of_record
TN:
SF:src/infrastructure/listeners/mission.listener.ts
FN:45,(anonymous_2)
FN:50,(anonymous_3)
FN:78,(anonymous_4)
FN:91,(anonymous_5)
FN:103,(anonymous_6)
FN:116,(anonymous_7)
FN:131,(anonymous_8)
FN:144,(anonymous_9)
FN:156,(anonymous_10)
FNF:9
FNH:0
FNDA:0,(anonymous_2)
FNDA:0,(anonymous_3)
FNDA:0,(anonymous_4)
FNDA:0,(anonymous_5)
FNDA:0,(anonymous_6)
FNDA:0,(anonymous_7)
FNDA:0,(anonymous_8)
FNDA:0,(anonymous_9)
FNDA:0,(anonymous_10)
DA:1,0
DA:2,0
DA:3,0
DA:4,0
DA:44,0
DA:46,0
DA:50,0
DA:51,0
DA:54,0
DA:61,0
DA:69,0
DA:78,0
DA:79,0
DA:82,0
DA:91,0
DA:92,0
DA:95,0
DA:103,0
DA:104,0
DA:107,0
DA:116,0
DA:117,0
DA:119,0
DA:121,0
DA:131,0
DA:132,0
DA:135,0
DA:144,0
DA:145,0
DA:148,0
DA:156,0
DA:157,0
DA:160,0
LF:33
LH:0
BRDA:119,0,0,0
BRDA:119,0,1,0
BRDA:50,1,0,0
BRDA:50,1,1,0
BRDA:50,2,0,0
BRDA:50,2,1,0
BRDA:78,3,0,0
BRDA:78,3,1,0
BRDA:78,4,0,0
BRDA:78,4,1,0
BRDA:91,5,0,0
BRDA:91,5,1,0
BRDA:91,6,0,0
BRDA:91,6,1,0
BRDA:103,7,0,0
BRDA:103,7,1,0
BRDA:103,8,0,0
BRDA:103,8,1,0
BRDA:116,9,0,0
BRDA:116,9,1,0
BRDA:116,10,0,0
BRDA:116,10,1,0
BRDA:131,11,0,0
BRDA:131,11,1,0
BRDA:131,12,0,0
BRDA:131,12,1,0
BRDA:144,13,0,0
BRDA:144,13,1,0
BRDA:144,14,0,0
BRDA:144,14,1,0
BRDA:156,15,0,0
BRDA:156,15,1,0
BRDA:156,16,0,0
BRDA:156,16,1,0
BRDA:46,17,0,0
BRDA:46,17,1,0
BRDA:46,18,0,0
BRDA:46,18,1,0
BRF:38
BRH:0
end_of_record
TN:
SF:src/infrastructure/listeners/notification.listener.ts
FN:7,(anonymous_2)
FN:12,(anonymous_3)
FN:29,(anonymous_4)
FN:43,(anonymous_5)
FNF:4
FNH:0
FNDA:0,(anonymous_2)
FNDA:0,(anonymous_3)
FNDA:0,(anonymous_4)
FNDA:0,(anonymous_5)
DA:1,0
DA:2,0
DA:3,0
DA:6,0
DA:8,0
DA:12,0
DA:18,0
DA:29,0
DA:35,0
DA:43,0
DA:49,0
LF:11
LH:0
BRDA:17,0,0,0
BRDA:17,0,1,0
BRDA:17,1,0,0
BRDA:17,1,1,0
BRDA:34,2,0,0
BRDA:34,2,1,0
BRDA:34,3,0,0
BRDA:34,3,1,0
BRDA:47,4,0,0
BRDA:47,4,1,0
BRDA:47,5,0,0
BRDA:47,5,1,0
BRDA:8,6,0,0
BRDA:8,6,1,0
BRDA:8,7,0,0
BRDA:8,7,1,0
BRF:16
BRH:0
end_of_record
TN:
SF:src/infrastructure/minigame/minigame.module.ts
FNF:0
FNH:0
DA:1,0
DA:2,0
DA:3,0
DA:4,0
DA:5,0
DA:6,0
DA:7,0
DA:21,0
LF:8
LH:0
BRF:0
BRH:0
end_of_record
TN:
SF:src/infrastructure/mission/mission.module.ts
FNF:0
FNH:0
DA:1,0
DA:2,0
DA:3,0
DA:4,0
DA:5,0
DA:6,0
DA:7,0
DA:8,0
DA:9,0
DA:10,0
DA:23,0
LF:11
LH:0
BRF:0
BRH:0
end_of_record
TN:
SF:src/infrastructure/notification/notification.module.ts
FNF:0
FNH:0
DA:1,0
DA:2,0
DA:3,0
DA:4,0
DA:5,0
DA:6,0
DA:7,0
DA:8,0
DA:21,0
LF:9
LH:0
BRF:0
BRH:0
end_of_record
TN:
SF:src/infrastructure/redis/index.ts
FNF:0
FNH:0
DA:1,0
DA:2,0
LF:2
LH:0
BRF:0
BRH:0
end_of_record
TN:
SF:src/infrastructure/redis/redis.module.ts
FNF:0
FNH:0
DA:1,0
DA:2,0
DA:9,0
LF:3
LH:0
BRF:0
BRH:0
end_of_record
TN:
SF:src/infrastructure/redis/redis.service.ts
FN:9,(anonymous_3)
FN:14,(anonymous_4)
FN:20,(anonymous_5)
FN:24,(anonymous_6)
FN:29,(anonymous_7)
FN:33,(anonymous_8)
FN:37,(anonymous_9)
FN:41,(anonymous_10)
FN:49,(anonymous_11)
FN:53,(anonymous_12)
FN:57,(anonymous_13)
FN:61,(anonymous_14)
FN:65,(anonymous_15)
FN:69,(anonymous_16)
FN:73,(anonymous_17)
FN:77,(anonymous_18)
FN:83,(anonymous_19)
FN:87,(anonymous_20)
FN:91,(anonymous_21)
FN:95,(anonymous_22)
FN:111,(anonymous_23)
FN:115,(anonymous_24)
FN:119,(anonymous_25)
FN:123,(anonymous_26)
FN:128,(anonymous_27)
FN:132,(anonymous_28)
FN:136,(anonymous_29)
FN:140,(anonymous_30)
FN:144,(anonymous_31)
FN:149,(anonymous_32)
FN:154,(anonymous_33)
FN:159,(anonymous_34)
FN:168,(anonymous_35)
FNF:33
FNH:0
FNDA:0,(anonymous_3)
FNDA:0,(anonymous_4)
FNDA:0,(anonymous_5)
FNDA:0,(anonymous_6)
FNDA:0,(anonymous_7)
FNDA:0,(anonymous_8)
FNDA:0,(anonymous_9)
FNDA:0,(anonymous_10)
FNDA:0,(anonymous_11)
FNDA:0,(anonymous_12)
FNDA:0,(anonymous_13)
FNDA:0,(anonymous_14)
FNDA:0,(anonymous_15)
FNDA:0,(anonymous_16)
FNDA:0,(anonymous_17)
FNDA:0,(anonymous_18)
FNDA:0,(anonymous_19)
FNDA:0,(anonymous_20)
FNDA:0,(anonymous_21)
FNDA:0,(anonymous_22)
FNDA:0,(anonymous_23)
FNDA:0,(anonymous_24)
FNDA:0,(anonymous_25)
FNDA:0,(anonymous_26)
FNDA:0,(anonymous_27)
FNDA:0,(anonymous_28)
FNDA:0,(anonymous_29)
FNDA:0,(anonymous_30)
FNDA:0,(anonymous_31)
FNDA:0,(anonymous_32)
FNDA:0,(anonymous_33)
FNDA:0,(anonymous_34)
FNDA:0,(anonymous_35)
DA:1,0
DA:2,0
DA:3,0
DA:6,0
DA:9,0
DA:10,0
DA:15,0
DA:16,0
DA:20,0
DA:21,0
DA:24,0
DA:25,0
DA:30,0
DA:34,0
DA:38,0
DA:42,0
DA:43,0
DA:45,0
DA:50,0
DA:54,0
DA:58,0
DA:62,0
DA:66,0
DA:70,0
DA:74,0
DA:78,0
DA:79,0
DA:84,0
DA:88,0
DA:92,0
DA:100,0
DA:101,0
DA:102,0
DA:103,0
DA:108,0
DA:112,0
DA:116,0
DA:120,0
DA:124,0
DA:129,0
DA:133,0
DA:137,0
DA:141,0
DA:145,0
DA:150,0
DA:155,0
DA:164,0
DA:169,0
LF:48
LH:0
BRDA:42,0,0,0
BRDA:42,0,1,0
BRDA:9,1,0,0
BRDA:9,1,1,0
BRDA:9,2,0,0
BRDA:9,2,1,0
BRF:6
BRH:0
end_of_record
TN:
SF:src/infrastructure/referral/referral.module.ts
FNF:0
FNH:0
DA:1,0
DA:2,0
DA:3,0
DA:4,0
DA:5,0
DA:6,0
DA:7,0
DA:8,0
DA:20,0
LF:9
LH:0
BRF:0
BRH:0
end_of_record
TN:
SF:src/infrastructure/season/season.module.ts
FNF:0
FNH:0
DA:1,0
DA:2,0
DA:3,0
DA:4,0
DA:5,0
DA:6,0
DA:7,0
DA:8,0
DA:9,0
DA:26,0
LF:10
LH:0
BRF:0
BRH:0
end_of_record
TN:
SF:src/infrastructure/shop/shop.module.ts
FNF:0
FNH:0
DA:1,0
DA:2,0
DA:3,0
DA:4,0
DA:5,0
DA:6,0
DA:7,0
DA:8,0
DA:9,0
DA:19,0
LF:10
LH:0
BRF:0
BRH:0
end_of_record
TN:
SF:src/infrastructure/transaction/transaction.module.ts
FNF:0
FNH:0
DA:1,0
DA:2,0
DA:3,0
DA:4,0
DA:5,0
DA:6,0
DA:7,0
DA:8,0
DA:24,0
LF:9
LH:0
BRF:0
BRH:0
end_of_record
TN:
SF:src/presentation/controllers/blockchain.controller.ts
FN:45,(anonymous_4)
FN:51,(anonymous_5)
FN:61,(anonymous_6)
FN:95,(anonymous_7)
FN:108,(anonymous_8)
FN:113,(anonymous_9)
FN:127,(anonymous_10)
FN:140,(anonymous_11)
FN:150,(anonymous_12)
FN:161,(anonymous_13)
FN:180,(anonymous_14)
FN:208,(anonymous_15)
FN:219,(anonymous_16)
FN:235,(anonymous_17)
FN:247,(anonymous_18)
FNF:15
FNH:0
FNDA:0,(anonymous_4)
FNDA:0,(anonymous_5)
FNDA:0,(anonymous_6)
FNDA:0,(anonymous_7)
FNDA:0,(anonymous_8)
FNDA:0,(anonymous_9)
FNDA:0,(anonymous_10)
FNDA:0,(anonymous_11)
FNDA:0,(anonymous_12)
FNDA:0,(anonymous_13)
FNDA:0,(anonymous_14)
FNDA:0,(anonymous_15)
FNDA:0,(anonymous_16)
FNDA:0,(anonymous_17)
FNDA:0,(anonymous_18)
DA:1,0
DA:13,0
DA:14,0
DA:15,0
DA:16,0
DA:44,0
DA:46,0
DA:47,0
DA:51,0
DA:52,0
DA:54,0
DA:61,0
DA:62,0
DA:63,0
DA:71,0
DA:87,0
DA:95,0
DA:99,0
DA:101,0
DA:108,0
DA:109,0
DA:111,0
DA:113,0
DA:127,0
DA:131,0
DA:133,0
DA:140,0
DA:141,0
DA:143,0
DA:150,0
DA:151,0
DA:152,0
DA:156,0
DA:161,0
DA:172,0
DA:180,0
DA:184,0
DA:185,0
DA:190,0
DA:200,0
DA:208,0
DA:212,0
DA:217,0
DA:219,0
DA:235,0
DA:236,0
DA:240,0
DA:247,0
DA:248,0
LF:49
LH:0
BRDA:89,0,0,0
BRDA:89,0,1,0
BRDA:174,1,0,0
BRDA:174,1,1,0
BRDA:202,2,0,0
BRDA:202,2,1,0
BRDA:46,3,0,0
BRDA:46,3,1,0
BRDA:46,4,0,0
BRDA:46,4,1,0
BRDA:46,5,0,0
BRDA:46,5,1,0
BRDA:46,6,0,0
BRDA:46,6,1,0
BRF:14
BRH:0
end_of_record
TN:
SF:src/presentation/controllers/buy-upgrade.dto.ts
FNF:0
FNH:0
DA:1,0
LF:1
LH:0
BRF:0
BRH:0
end_of_record
TN:
SF:src/presentation/controllers/challenge.controller.ts
FN:37,(anonymous_4)
FN:44,(anonymous_5)
FN:60,(anonymous_6)
FN:67,(anonymous_7)
FN:72,(anonymous_8)
FN:79,(anonymous_9)
FN:84,(anonymous_10)
FN:94,(anonymous_11)
FN:104,(anonymous_12)
FN:118,(anonymous_13)
FN:132,(anonymous_14)
FN:153,(anonymous_15)
FN:164,(anonymous_16)
FN:169,(anonymous_17)
FN:188,(anonymous_18)
FNF:15
FNH:0
FNDA:0,(anonymous_4)
FNDA:0,(anonymous_5)
FNDA:0,(anonymous_6)
FNDA:0,(anonymous_7)
FNDA:0,(anonymous_8)
FNDA:0,(anonymous_9)
FNDA:0,(anonymous_10)
FNDA:0,(anonymous_11)
FNDA:0,(anonymous_12)
FNDA:0,(anonymous_13)
FNDA:0,(anonymous_14)
FNDA:0,(anonymous_15)
FNDA:0,(anonymous_16)
FNDA:0,(anonymous_17)
FNDA:0,(anonymous_18)
DA:1,0
DA:13,0
DA:14,0
DA:15,0
DA:16,0
DA:36,0
DA:38,0
DA:39,0
DA:40,0
DA:44,0
DA:45,0
DA:53,0
DA:60,0
DA:61,0
DA:65,0
DA:67,0
DA:72,0
DA:73,0
DA:77,0
DA:79,0
DA:84,0
DA:85,0
DA:87,0
DA:94,0
DA:95,0
DA:97,0
DA:104,0
DA:105,0
DA:110,0
DA:118,0
DA:119,0
DA:124,0
DA:132,0
DA:137,0
DA:143,0
DA:153,0
DA:157,0
DA:162,0
DA:164,0
DA:169,0
DA:170,0
DA:174,0
DA:189,0
LF:43
LH:0
BRDA:200,0,0,0
BRDA:200,0,1,0
BRDA:38,1,0,0
BRDA:38,1,1,0
BRDA:38,2,0,0
BRDA:38,2,1,0
BRDA:38,3,0,0
BRDA:38,3,1,0
BRDA:38,4,0,0
BRDA:38,4,1,0
BRDA:39,5,0,0
BRDA:39,5,1,0
BRDA:39,6,0,0
BRDA:39,6,1,0
BRF:14
BRH:0
end_of_record
TN:
SF:src/presentation/controllers/game.controller.ts
FN:29,(anonymous_4)
FN:44,(anonymous_5)
FN:50,(anonymous_6)
FN:59,(anonymous_7)
FN:116,(anonymous_8)
FN:128,(anonymous_9)
FN:134,(anonymous_10)
FN:167,(anonymous_11)
FN:169,(anonymous_12)
FN:185,(anonymous_13)
FN:191,(anonymous_14)
FN:197,(anonymous_15)
FNF:12
FNH:0
FNDA:0,(anonymous_4)
FNDA:0,(anonymous_5)
FNDA:0,(anonymous_6)
FNDA:0,(anonymous_7)
FNDA:0,(anonymous_8)
FNDA:0,(anonymous_9)
FNDA:0,(anonymous_10)
FNDA:0,(anonymous_11)
FNDA:0,(anonymous_12)
FNDA:0,(anonymous_13)
FNDA:0,(anonymous_14)
FNDA:0,(anonymous_15)
DA:1,0
DA:11,0
DA:12,0
DA:13,0
DA:14,0
DA:15,0
DA:16,0
DA:17,0
DA:18,0
DA:19,0
DA:20,0
DA:21,0
DA:22,0
DA:23,0
DA:24,0
DA:25,0
DA:28,0
DA:30,0
DA:31,0
DA:32,0
DA:33,0
DA:34,0
DA:35,0
DA:36,0
DA:37,0
DA:39,0
DA:44,0
DA:45,0
DA:50,0
DA:54,0
DA:59,0
DA:60,0
DA:64,0
DA:65,0
DA:69,0
DA:72,0
DA:76,0
DA:79,0
DA:81,0
DA:116,0
DA:128,0
DA:129,0
DA:134,0
DA:135,0
DA:139,0
DA:140,0
DA:143,0
DA:144,0
DA:146,0
DA:167,0
DA:168,0
DA:169,0
DA:185,0
DA:186,0
DA:191,0
DA:192,0
DA:197,0
DA:201,0
LF:58
LH:0
BRDA:64,0,0,0
BRDA:64,0,1,0
BRDA:139,1,0,0
BRDA:139,1,1,0
BRDA:198,2,0,0
BRDA:199,3,0,0
BRDA:52,4,0,0
BRDA:52,4,1,0
BRDA:52,5,0,0
BRDA:52,5,1,0
BRDA:191,6,0,0
BRDA:191,6,1,0
BRDA:191,7,0,0
BRDA:191,7,1,0
BRDA:30,8,0,0
BRDA:30,8,1,0
BRDA:30,9,0,0
BRDA:30,9,1,0
BRDA:30,10,0,0
BRDA:30,10,1,0
BRDA:30,11,0,0
BRDA:30,11,1,0
BRDA:31,12,0,0
BRDA:31,12,1,0
BRDA:31,13,0,0
BRDA:31,13,1,0
BRDA:32,14,0,0
BRDA:32,14,1,0
BRDA:32,15,0,0
BRDA:32,15,1,0
BRDA:33,16,0,0
BRDA:33,16,1,0
BRDA:33,17,0,0
BRDA:33,17,1,0
BRDA:34,18,0,0
BRDA:34,18,1,0
BRDA:34,19,0,0
BRDA:34,19,1,0
BRDA:35,20,0,0
BRDA:35,20,1,0
BRDA:35,21,0,0
BRDA:35,21,1,0
BRDA:36,22,0,0
BRDA:36,22,1,0
BRDA:36,23,0,0
BRDA:36,23,1,0
BRDA:37,24,0,0
BRDA:37,24,1,0
BRDA:37,25,0,0
BRDA:37,25,1,0
BRF:50
BRH:0
end_of_record
TN:
SF:src/presentation/controllers/minigame.controller.ts
FN:32,(anonymous_4)
FN:38,(anonymous_5)
FN:64,(anonymous_6)
FN:82,(anonymous_7)
FN:100,(anonymous_8)
FN:107,(anonymous_9)
FN:120,(anonymous_10)
FN:131,(anonymous_11)
FN:146,(anonymous_12)
FN:161,(anonymous_13)
FN:165,(anonymous_14)
FN:175,(anonymous_15)
FN:186,(anonymous_16)
FNF:13
FNH:0
FNDA:0,(anonymous_4)
FNDA:0,(anonymous_5)
FNDA:0,(anonymous_6)
FNDA:0,(anonymous_7)
FNDA:0,(anonymous_8)
FNDA:0,(anonymous_9)
FNDA:0,(anonymous_10)
FNDA:0,(anonymous_11)
FNDA:0,(anonymous_12)
FNDA:0,(anonymous_13)
FNDA:0,(anonymous_14)
FNDA:0,(anonymous_15)
FNDA:0,(anonymous_16)
DA:1,0
DA:12,0
DA:13,0
DA:14,0
DA:15,0
DA:31,0
DA:33,0
DA:34,0
DA:38,0
DA:39,0
DA:48,0
DA:64,0
DA:69,0
DA:75,0
DA:82,0
DA:87,0
DA:93,0
DA:100,0
DA:101,0
DA:105,0
DA:107,0
DA:120,0
DA:124,0
DA:129,0
DA:131,0
DA:146,0
DA:147,0
DA:149,0
DA:161,0
DA:162,0
DA:165,0
DA:176,0
DA:183,0
DA:187,0
DA:194,0
LF:35
LH:0
BRDA:72,0,0,0
BRDA:72,0,1,0
BRDA:65,1,0,0
BRDA:65,1,1,0
BRDA:65,2,0,0
BRDA:65,2,1,0
BRDA:65,3,0,0
BRDA:65,3,1,0
BRDA:65,4,0,0
BRDA:65,4,1,0
BRDA:84,5,0,0
BRDA:84,5,1,0
BRDA:84,6,0,0
BRDA:84,6,1,0
BRDA:84,7,0,0
BRDA:84,7,1,0
BRDA:84,8,0,0
BRDA:84,8,1,0
BRDA:33,9,0,0
BRDA:33,9,1,0
BRDA:33,10,0,0
BRDA:33,10,1,0
BRDA:33,11,0,0
BRDA:33,11,1,0
BRDA:33,12,0,0
BRDA:33,12,1,0
BRF:26
BRH:0
end_of_record
TN:
SF:src/presentation/controllers/mission.controller.ts
FN:18,(anonymous_4)
FN:24,(anonymous_5)
FN:29,(anonymous_6)
FN:34,(anonymous_7)
FN:39,(anonymous_8)
FN:44,(anonymous_9)
FN:49,(anonymous_10)
FNF:7
FNH:0
FNDA:0,(anonymous_4)
FNDA:0,(anonymous_5)
FNDA:0,(anonymous_6)
FNDA:0,(anonymous_7)
FNDA:0,(anonymous_8)
FNDA:0,(anonymous_9)
FNDA:0,(anonymous_10)
DA:1,0
DA:10,0
DA:11,0
DA:12,0
DA:13,0
DA:17,0
DA:19,0
DA:20,0
DA:24,0
DA:25,0
DA:29,0
DA:30,0
DA:34,0
DA:35,0
DA:39,0
DA:40,0
DA:44,0
DA:45,0
DA:49,0
DA:50,0
LF:20
LH:0
BRDA:24,0,0,0
BRDA:24,0,1,0
BRDA:24,1,0,0
BRDA:24,1,1,0
BRDA:19,2,0,0
BRDA:19,2,1,0
BRDA:19,3,0,0
BRDA:19,3,1,0
BRDA:19,4,0,0
BRDA:19,4,1,0
BRDA:19,5,0,0
BRDA:19,5,1,0
BRF:12
BRH:0
end_of_record
TN:
SF:src/presentation/controllers/notification.controller.ts
FN:22,(anonymous_4)
FN:28,(anonymous_5)
FN:42,(anonymous_6)
FN:50,(anonymous_7)
FN:55,(anonymous_8)
FN:64,(anonymous_9)
FNF:6
FNH:0
FNDA:0,(anonymous_4)
FNDA:0,(anonymous_5)
FNDA:0,(anonymous_6)
FNDA:0,(anonymous_7)
FNDA:0,(anonymous_8)
FNDA:0,(anonymous_9)
DA:1,0
DA:11,0
DA:12,0
DA:13,0
DA:21,0
DA:23,0
DA:24,0
DA:28,0
DA:34,0
DA:42,0
DA:43,0
DA:46,0
DA:50,0
DA:51,0
DA:55,0
DA:56,0
DA:60,0
DA:64,0
DA:65,0
DA:66,0
LF:20
LH:0
BRDA:35,0,0,0
BRDA:35,0,1,0
BRDA:36,1,0,0
BRDA:36,1,1,0
BRDA:37,2,0,0
BRDA:37,2,1,0
BRDA:23,3,0,0
BRDA:23,3,1,0
BRDA:23,4,0,0
BRDA:23,4,1,0
BRDA:23,5,0,0
BRDA:23,5,1,0
BRDA:23,6,0,0
BRDA:23,6,1,0
BRF:14
BRH:0
end_of_record
TN:
SF:src/presentation/controllers/referral.controller.ts
FN:22,(anonymous_4)
FN:29,(anonymous_5)
FN:34,(anonymous_6)
FN:39,(anonymous_7)
FN:44,(anonymous_8)
FNF:5
FNH:0
FNDA:0,(anonymous_4)
FNDA:0,(anonymous_5)
FNDA:0,(anonymous_6)
FNDA:0,(anonymous_7)
FNDA:0,(anonymous_8)
DA:1,0
DA:10,0
DA:11,0
DA:12,0
DA:13,0
DA:21,0
DA:23,0
DA:24,0
DA:25,0
DA:29,0
DA:30,0
DA:34,0
DA:35,0
DA:39,0
DA:40,0
DA:44,0
DA:45,0
LF:17
LH:0
BRDA:39,0,0,0
BRDA:23,1,0,0
BRDA:23,1,1,0
BRDA:23,2,0,0
BRDA:23,2,1,0
BRDA:23,3,0,0
BRDA:23,3,1,0
BRDA:23,4,0,0
BRDA:23,4,1,0
BRDA:24,5,0,0
BRDA:24,5,1,0
BRDA:24,6,0,0
BRDA:24,6,1,0
BRF:13
BRH:0
end_of_record
TN:
SF:src/presentation/controllers/season.controller.ts
FN:16,(anonymous_4)
FN:22,(anonymous_5)
FN:54,(anonymous_6)
FN:59,(anonymous_7)
FN:73,(anonymous_8)
FN:78,(anonymous_9)
FN:92,(anonymous_10)
FN:125,(anonymous_11)
FN:146,(anonymous_12)
FN:164,(anonymous_13)
FN:174,(anonymous_14)
FN:195,(anonymous_15)
FNF:12
FNH:0
FNDA:0,(anonymous_4)
FNDA:0,(anonymous_5)
FNDA:0,(anonymous_6)
FNDA:0,(anonymous_7)
FNDA:0,(anonymous_8)
FNDA:0,(anonymous_9)
FNDA:0,(anonymous_10)
FNDA:0,(anonymous_11)
FNDA:0,(anonymous_12)
FNDA:0,(anonymous_13)
FNDA:0,(anonymous_14)
FNDA:0,(anonymous_15)
DA:1,0
DA:9,0
DA:10,0
DA:11,0
DA:15,0
DA:17,0
DA:18,0
DA:22,0
DA:23,0
DA:25,0
DA:26,0
DA:33,0
DA:54,0
DA:55,0
DA:57,0
DA:59,0
DA:73,0
DA:74,0
DA:76,0
DA:78,0
DA:92,0
DA:93,0
DA:95,0
DA:96,0
DA:102,0
DA:125,0
DA:126,0
DA:128,0
DA:146,0
DA:147,0
DA:148,0
DA:153,0
DA:164,0
DA:165,0
DA:166,0
DA:168,0
DA:174,0
DA:186,0
DA:195,0
DA:196,0
DA:197,0
DA:199,0
DA:210,0
LF:43
LH:0
BRDA:25,0,0,0
BRDA:25,0,1,0
BRDA:95,1,0,0
BRDA:95,1,1,0
BRDA:132,2,0,0
BRDA:132,2,1,0
BRDA:188,3,0,0
BRDA:188,3,1,0
BRDA:212,4,0,0
BRDA:212,4,1,0
BRDA:17,5,0,0
BRDA:17,5,1,0
BRDA:17,6,0,0
BRDA:17,6,1,0
BRDA:17,7,0,0
BRDA:17,7,1,0
BRDA:17,8,0,0
BRDA:17,8,1,0
BRF:18
BRH:0
end_of_record
TN:
SF:src/presentation/controllers/shop.controller.ts
FN:26,(anonymous_4)
FN:32,(anonymous_5)
FN:45,(anonymous_6)
FN:68,(anonymous_7)
FN:97,(anonymous_8)
FN:102,(anonymous_9)
FN:116,(anonymous_10)
FN:121,(anonymous_11)
FN:137,(anonymous_12)
FN:147,(anonymous_13)
FN:183,(anonymous_14)
FN:194,(anonymous_15)
FN:209,(anonymous_16)
FN:216,(anonymous_17)
FNF:14
FNH:0
FNDA:0,(anonymous_4)
FNDA:0,(anonymous_5)
FNDA:0,(anonymous_6)
FNDA:0,(anonymous_7)
FNDA:0,(anonymous_8)
FNDA:0,(anonymous_9)
FNDA:0,(anonymous_10)
FNDA:0,(anonymous_11)
FNDA:0,(anonymous_12)
FNDA:0,(anonymous_13)
FNDA:0,(anonymous_14)
FNDA:0,(anonymous_15)
FNDA:0,(anonymous_16)
FNDA:0,(anonymous_17)
DA:1,0
DA:13,0
DA:14,0
DA:15,0
DA:16,0
DA:25,0
DA:27,0
DA:28,0
DA:32,0
DA:37,0
DA:43,0
DA:45,0
DA:68,0
DA:69,0
DA:71,0
DA:72,0
DA:78,0
DA:97,0
DA:98,0
DA:100,0
DA:102,0
DA:116,0
DA:117,0
DA:119,0
DA:121,0
DA:137,0
DA:138,0
DA:140,0
DA:147,0
DA:148,0
DA:149,0
DA:155,0
DA:175,0
DA:183,0
DA:187,0
DA:192,0
DA:194,0
DA:209,0
DA:210,0
DA:214,0
DA:216,0
LF:41
LH:0
BRDA:57,0,0,0
BRDA:57,0,1,0
BRDA:71,1,0,0
BRDA:71,1,1,0
BRDA:164,2,0,0
BRDA:164,2,1,0
BRDA:177,3,0,0
BRDA:177,3,1,0
BRDA:34,4,0,0
BRDA:34,4,1,0
BRDA:34,5,0,0
BRDA:34,5,1,0
BRDA:34,6,0,0
BRDA:34,6,1,0
BRDA:34,7,0,0
BRDA:34,7,1,0
BRDA:27,8,0,0
BRDA:27,8,1,0
BRDA:27,9,0,0
BRDA:27,9,1,0
BRDA:27,10,0,0
BRDA:27,10,1,0
BRDA:27,11,0,0
BRDA:27,11,1,0
BRF:24
BRH:0
end_of_record
TN:
SF:src/presentation/controllers/transaction.controller.ts
FN:17,(anonymous_4)
FN:22,(anonymous_5)
FN:40,(anonymous_6)
FN:61,(anonymous_7)
FN:73,(anonymous_8)
FN:85,(anonymous_9)
FN:119,(anonymous_10)
FN:133,(anonymous_11)
FN:142,(anonymous_12)
FN:157,(anonymous_13)
FN:175,(anonymous_14)
FN:190,(anonymous_15)
FN:208,(anonymous_16)
FN:223,(anonymous_17)
FNF:14
FNH:0
FNDA:0,(anonymous_4)
FNDA:0,(anonymous_5)
FNDA:0,(anonymous_6)
FNDA:0,(anonymous_7)
FNDA:0,(anonymous_8)
FNDA:0,(anonymous_9)
FNDA:0,(anonymous_10)
FNDA:0,(anonymous_11)
FNDA:0,(anonymous_12)
FNDA:0,(anonymous_13)
FNDA:0,(anonymous_14)
FNDA:0,(anonymous_15)
FNDA:0,(anonymous_16)
FNDA:0,(anonymous_17)
DA:1,0
DA:10,0
DA:11,0
DA:12,0
DA:16,0
DA:18,0
DA:22,0
DA:29,0
DA:30,0
DA:37,0
DA:40,0
DA:61,0
DA:65,0
DA:66,0
DA:71,0
DA:73,0
DA:85,0
DA:91,0
DA:92,0
DA:100,0
DA:101,0
DA:102,0
DA:105,0
DA:119,0
DA:124,0
DA:125,0
DA:131,0
DA:133,0
DA:142,0
DA:147,0
DA:148,0
DA:154,0
DA:157,0
DA:175,0
DA:180,0
DA:181,0
DA:187,0
DA:190,0
DA:208,0
DA:213,0
DA:214,0
DA:220,0
DA:223,0
LF:43
LH:0
BRDA:45,0,0,0
BRDA:45,0,1,0
BRDA:46,1,0,0
BRDA:46,1,1,0
BRDA:87,2,0,0
BRDA:95,3,0,0
BRDA:95,3,1,0
BRDA:96,4,0,0
BRDA:96,4,1,0
BRDA:121,5,0,0
BRDA:26,6,0,0
BRDA:26,6,1,0
BRDA:26,7,0,0
BRDA:26,7,1,0
BRDA:26,8,0,0
BRDA:26,8,1,0
BRDA:26,9,0,0
BRDA:26,9,1,0
BRDA:87,10,0,0
BRDA:87,10,1,0
BRDA:87,11,0,0
BRDA:87,11,1,0
BRDA:121,12,0,0
BRDA:121,12,1,0
BRDA:121,13,0,0
BRDA:121,13,1,0
BRDA:18,14,0,0
BRDA:18,14,1,0
BRDA:18,15,0,0
BRDA:18,15,1,0
BRF:30
BRH:0
end_of_record
TN:
SF:src/presentation/dtos/index.ts
FNF:0
FNH:0
DA:1,0
LF:1
LH:0
BRF:0
BRH:0
end_of_record
TN:
SF:src/presentation/dtos/tap.dto.ts
FNF:0
FNH:0
DA:1,0
DA:3,0
DA:7,0
DA:11,0
DA:14,0
DA:17,0
LF:6
LH:0
BRF:0
BRH:0
end_of_record
TN:
SF:src/shared/utils/bigint.transformer.ts
FN:4,(anonymous_0)
FN:10,(anonymous_1)
FN:19,(anonymous_2)
FN:25,(anonymous_3)
FNF:4
FNH:0
FNDA:0,(anonymous_0)
FNDA:0,(anonymous_1)
FNDA:0,(anonymous_2)
FNDA:0,(anonymous_3)
DA:3,9
DA:5,0
DA:6,0
DA:8,0
DA:11,0
DA:12,0
DA:14,0
DA:18,9
DA:20,0
DA:21,0
DA:23,0
DA:26,0
DA:27,0
DA:29,0
LF:14
LH:2
BRDA:5,0,0,0
BRDA:5,0,1,0
BRDA:5,1,0,0
BRDA:5,1,1,0
BRDA:11,2,0,0
BRDA:11,2,1,0
BRDA:11,3,0,0
BRDA:11,3,1,0
BRDA:20,4,0,0
BRDA:20,4,1,0
BRDA:20,5,0,0
BRDA:20,5,1,0
BRDA:26,6,0,0
BRDA:26,6,1,0
BRDA:26,7,0,0
BRDA:26,7,1,0
BRF:16
BRH:0
end_of_record
TN:
SF:src/shared/utils/index.ts
FNF:0
FNH:0
DA:1,0
LF:1
LH:0
BRF:0
BRH:0
end_of_record
TN:
SF:src/use-cases/blockchain/claim-tokens.use-case.ts
FN:15,(anonymous_4)
FN:22,(anonymous_5)
FN:36,(anonymous_6)
FN:68,(anonymous_7)
FN:103,(anonymous_8)
FN:125,(anonymous_9)
FN:132,(anonymous_10)
FN:141,(anonymous_11)
FN:145,(anonymous_12)
FNF:9
FNH:0
FNDA:0,(anonymous_4)
FNDA:0,(anonymous_5)
FNDA:0,(anonymous_6)
FNDA:0,(anonymous_7)
FNDA:0,(anonymous_8)
FNDA:0,(anonymous_9)
FNDA:0,(anonymous_10)
FNDA:0,(anonymous_11)
FNDA:0,(anonymous_12)
DA:1,0
DA:2,0
DA:3,0
DA:4,0
DA:5,0
DA:6,0
DA:11,0
DA:14,0
DA:16,0
DA:17,0
DA:19,0
DA:28,0
DA:29,0
DA:30,0
DA:34,0
DA:35,0
DA:36,0
DA:39,0
DA:40,0
DA:43,0
DA:44,0
DA:45,0
DA:47,0
DA:48,0
DA:52,0
DA:53,0
DA:55,0
DA:58,0
DA:61,0
DA:72,0
DA:76,0
DA:77,0
DA:80,0
DA:81,0
DA:84,0
DA:85,0
DA:89,0
DA:90,0
DA:91,0
DA:95,0
DA:100,0
DA:108,0
DA:112,0
DA:113,0
DA:116,0
DA:118,0
DA:129,0
DA:138,0
DA:142,0
DA:146,0
LF:50
LH:0
BRDA:29,0,0,0
BRDA:29,0,1,0
BRDA:39,1,0,0
BRDA:39,1,1,0
BRDA:52,2,0,0
BRDA:52,2,1,0
BRDA:76,3,0,0
BRDA:76,3,1,0
BRDA:80,4,0,0
BRDA:80,4,1,0
BRDA:84,5,0,0
BRDA:84,5,1,0
BRDA:90,6,0,0
BRDA:90,6,1,0
BRDA:112,7,0,0
BRDA:112,7,1,0
BRDA:127,8,0,0
BRDA:16,9,0,0
BRDA:16,9,1,0
BRDA:16,10,0,0
BRDA:16,10,1,0
BRDA:16,11,0,0
BRDA:16,11,1,0
BRDA:16,12,0,0
BRDA:16,12,1,0
BRDA:17,13,0,0
BRDA:17,13,1,0
BRDA:17,14,0,0
BRDA:17,14,1,0
BRF:29
BRH:0
end_of_record
TN:
SF:src/use-cases/blockchain/connect-wallet.use-case.ts
FN:23,(anonymous_2)
FN:28,(anonymous_3)
FN:35,(anonymous_4)
FN:54,(anonymous_5)
FN:64,(anonymous_6)
FN:68,(anonymous_7)
FN:72,(anonymous_8)
FN:76,(anonymous_9)
FN:80,(anonymous_10)
FNF:9
FNH:7
FNDA:8,(anonymous_2)
FNDA:1,(anonymous_3)
FNDA:2,(anonymous_4)
FNDA:1,(anonymous_5)
FNDA:1,(anonymous_6)
FNDA:2,(anonymous_7)
FNDA:0,(anonymous_8)
FNDA:0,(anonymous_9)
FNDA:1,(anonymous_10)
DA:1,1
DA:2,1
DA:3,1
DA:22,1
DA:24,8
DA:25,8
DA:29,1
DA:30,1
DA:32,1
DA:36,2
DA:37,2
DA:40,1
DA:46,1
DA:48,1
DA:55,1
DA:58,1
DA:65,1
DA:69,2
DA:73,0
DA:77,0
DA:81,1
LF:21
LH:19
BRDA:49,0,0,1
BRDA:49,0,1,0
BRDA:24,1,0,1
BRDA:24,1,1,0
BRDA:24,2,0,1
BRDA:24,2,1,1
BRDA:24,3,0,1
BRDA:24,3,1,0
BRDA:24,4,0,1
BRDA:24,4,1,1
BRF:10
BRH:7
end_of_record
TN:
SF:src/use-cases/challenge/accept-challenge.use-case.ts
FN:15,(anonymous_4)
FN:23,(anonymous_5)
FN:89,(anonymous_6)
FN:118,(anonymous_7)
FN:152,(anonymous_8)
FN:186,(anonymous_9)
FNF:6
FNH:0
FNDA:0,(anonymous_4)
FNDA:0,(anonymous_5)
FNDA:0,(anonymous_6)
FNDA:0,(anonymous_7)
FNDA:0,(anonymous_8)
FNDA:0,(anonymous_9)
DA:1,0
DA:7,0
DA:8,0
DA:9,0
DA:10,0
DA:11,0
DA:14,0
DA:17,0
DA:19,0
DA:20,0
DA:24,0
DA:29,0
DA:30,0
DA:34,0
DA:35,0
DA:39,0
DA:40,0
DA:42,0
DA:43,0
DA:46,0
DA:48,0
DA:50,0
DA:54,0
DA:58,0
DA:59,0
DA:62,0
DA:63,0
DA:66,0
DA:67,0
DA:71,0
DA:72,0
DA:75,0
DA:76,0
DA:79,0
DA:86,0
DA:90,0
DA:94,0
DA:95,0
DA:98,0
DA:99,0
DA:102,0
DA:103,0
DA:104,0
DA:107,0
DA:115,0
DA:119,0
DA:123,0
DA:124,0
DA:127,0
DA:128,0
DA:131,0
DA:132,0
DA:136,0
DA:137,0
DA:140,0
DA:143,0
DA:149,0
DA:153,0
DA:157,0
DA:158,0
DA:161,0
DA:162,0
DA:165,0
DA:166,0
DA:170,0
DA:171,0
DA:174,0
DA:177,0
DA:183,0
DA:187,0
DA:191,0
DA:192,0
DA:193,0
LF:73
LH:0
BRDA:29,0,0,0
BRDA:29,0,1,0
BRDA:34,1,0,0
BRDA:34,1,1,0
BRDA:39,2,0,0
BRDA:39,2,1,0
BRDA:40,3,0,0
BRDA:40,3,1,0
BRDA:40,4,0,0
BRDA:40,4,1,0
BRDA:58,5,0,0
BRDA:58,5,1,0
BRDA:62,6,0,0
BRDA:62,6,1,0
BRDA:66,7,0,0
BRDA:66,7,1,0
BRDA:94,8,0,0
BRDA:94,8,1,0
BRDA:98,9,0,0
BRDA:98,9,1,0
BRDA:123,10,0,0
BRDA:123,10,1,0
BRDA:127,11,0,0
BRDA:127,11,1,0
BRDA:131,12,0,0
BRDA:131,12,1,0
BRDA:157,13,0,0
BRDA:157,13,1,0
BRDA:161,14,0,0
BRDA:161,14,1,0
BRDA:165,15,0,0
BRDA:165,15,1,0
BRDA:191,16,0,0
BRDA:191,16,1,0
BRDA:17,17,0,0
BRDA:17,17,1,0
BRDA:17,18,0,0
BRDA:17,18,1,0
BRDA:17,19,0,0
BRDA:17,19,1,0
BRDA:17,20,0,0
BRDA:17,20,1,0
BRDA:19,21,0,0
BRDA:19,21,1,0
BRDA:19,22,0,0
BRDA:19,22,1,0
BRF:46
BRH:0
end_of_record
TN:
SF:src/use-cases/challenge/complete-challenge.use-case.ts
FN:31,(anonymous_4)
FN:39,(anonymous_5)
FN:93,(anonymous_6)
FN:140,(anonymous_7)
FN:190,(anonymous_8)
FN:205,(anonymous_9)
FNF:6
FNH:0
FNDA:0,(anonymous_4)
FNDA:0,(anonymous_5)
FNDA:0,(anonymous_6)
FNDA:0,(anonymous_7)
FNDA:0,(anonymous_8)
FNDA:0,(anonymous_9)
DA:1,0
DA:6,0
DA:7,0
DA:8,0
DA:9,0
DA:14,0
DA:28,0
DA:29,0
DA:33,0
DA:35,0
DA:36,0
DA:43,0
DA:45,0
DA:49,0
DA:50,0
DA:53,0
DA:54,0
DA:57,0
DA:58,0
DA:62,0
DA:63,0
DA:64,0
DA:65,0
DA:69,0
DA:70,0
DA:72,0
DA:76,0
DA:78,0
DA:85,0
DA:87,0
DA:90,0
DA:99,0
DA:100,0
DA:101,0
DA:102,0
DA:103,0
DA:108,0
DA:118,0
DA:119,0
DA:120,0
DA:121,0
DA:124,0
DA:127,0
DA:137,0
DA:144,0
DA:146,0
DA:150,0
DA:151,0
DA:152,0
DA:154,0
DA:163,0
DA:166,0
DA:171,0
DA:172,0
DA:173,0
DA:176,0
DA:177,0
DA:178,0
DA:181,0
DA:194,0
DA:214,0
DA:221,0
DA:222,0
DA:223,0
DA:224,0
DA:225,0
DA:227,0
DA:228,0
DA:230,0
DA:231,0
DA:232,0
DA:233,0
DA:234,0
DA:236,0
DA:237,0
DA:241,0
DA:242,0
DA:244,0
LF:78
LH:0
BRDA:49,0,0,0
BRDA:49,0,1,0
BRDA:53,1,0,0
BRDA:53,1,1,0
BRDA:57,2,0,0
BRDA:57,2,1,0
BRDA:63,3,0,0
BRDA:63,3,1,0
BRDA:69,4,0,0
BRDA:69,4,1,0
BRDA:76,5,0,0
BRDA:76,5,1,0
BRDA:76,6,0,0
BRDA:76,6,1,0
BRDA:100,7,0,0
BRDA:100,7,1,0
BRDA:102,8,0,0
BRDA:102,8,1,0
BRDA:144,9,0,0
BRDA:144,9,1,0
BRDA:150,10,0,0
BRDA:150,10,1,0
BRDA:171,11,0,0
BRDA:171,11,1,0
BRDA:176,12,0,0
BRDA:176,12,1,0
BRDA:192,13,0,0
BRDA:228,14,0,0
BRDA:228,14,1,0
BRDA:230,15,0,0
BRDA:230,15,1,0
BRDA:233,16,0,0
BRDA:233,16,1,0
BRDA:242,17,0,0
BRDA:242,17,1,0
BRDA:33,18,0,0
BRDA:33,18,1,0
BRDA:33,19,0,0
BRDA:33,19,1,0
BRDA:33,20,0,0
BRDA:33,20,1,0
BRDA:33,21,0,0
BRDA:33,21,1,0
BRDA:35,22,0,0
BRDA:35,22,1,0
BRDA:35,23,0,0
BRDA:35,23,1,0
BRF:47
BRH:0
end_of_record
TN:
SF:src/use-cases/challenge/create-challenge.use-case.ts
FN:33,(anonymous_4)
FN:41,(anonymous_5)
FN:154,(anonymous_6)
FN:167,(anonymous_7)
FNF:4
FNH:3
FNDA:8,(anonymous_4)
FNDA:7,(anonymous_5)
FNDA:1,(anonymous_6)
FNDA:0,(anonymous_7)
DA:1,1
DA:2,1
DA:3,1
DA:4,1
DA:5,1
DA:11,1
DA:23,1
DA:24,8
DA:25,8
DA:35,8
DA:37,8
DA:38,8
DA:49,7
DA:52,7
DA:56,7
DA:57,1
DA:60,6
DA:61,1
DA:65,5
DA:69,5
DA:70,1
DA:73,4
DA:74,0
DA:78,4
DA:79,1
DA:83,3
DA:84,0
DA:87,3
DA:88,1
DA:92,2
DA:107,2
DA:108,1
DA:112,1
DA:113,1
DA:116,1
DA:119,1
DA:120,1
DA:123,1
DA:129,1
DA:140,1
DA:143,1
DA:151,1
DA:155,1
DA:157,1
DA:168,0
LF:45
LH:42
BRDA:48,0,0,7
BRDA:56,1,0,1
BRDA:56,1,1,6
BRDA:60,2,0,1
BRDA:60,2,1,5
BRDA:69,3,0,1
BRDA:69,3,1,4
BRDA:73,4,0,0
BRDA:73,4,1,4
BRDA:78,5,0,1
BRDA:78,5,1,3
BRDA:83,6,0,0
BRDA:83,6,1,3
BRDA:87,7,0,1
BRDA:87,7,1,2
BRDA:107,8,0,1
BRDA:107,8,1,1
BRDA:35,9,0,1
BRDA:35,9,1,0
BRDA:35,10,0,1
BRDA:35,10,1,1
BRDA:35,11,0,1
BRDA:35,11,1,0
BRDA:35,12,0,1
BRDA:35,12,1,1
BRDA:37,13,0,1
BRDA:37,13,1,0
BRDA:37,14,0,1
BRDA:37,14,1,1
BRF:29
BRH:24
end_of_record
TN:
SF:src/use-cases/game/buy-upgrade.use-case.ts
FN:21,(anonymous_4)
FN:33,(anonymous_5)
FNF:2
FNH:0
FNDA:0,(anonymous_4)
FNDA:0,(anonymous_5)
DA:1,0
DA:2,0
DA:3,0
DA:4,0
DA:5,0
DA:6,0
DA:7,0
DA:8,0
DA:20,0
DA:23,0
DA:25,0
DA:27,0
DA:28,0
DA:29,0
DA:30,0
DA:34,0
DA:35,0
DA:36,0
DA:38,0
DA:39,0
DA:42,0
DA:46,0
DA:47,0
DA:50,0
DA:51,0
DA:54,0
DA:55,0
DA:60,0
DA:64,0
DA:66,0
DA:67,0
DA:70,0
DA:71,0
DA:73,0
DA:74,0
DA:80,0
DA:83,0
DA:85,0
DA:86,0
DA:88,0
DA:89,0
DA:91,0
DA:92,0
DA:94,0
DA:95,0
DA:98,0
DA:100,0
DA:101,0
DA:102,0
DA:104,0
DA:109,0
DA:112,0
DA:115,0
DA:122,0
DA:131,0
DA:140,0
DA:141,0
DA:143,0
LF:58
LH:0
BRDA:46,0,0,0
BRDA:46,0,1,0
BRDA:46,1,0,0
BRDA:46,1,1,0
BRDA:50,2,0,0
BRDA:50,2,1,0
BRDA:54,3,0,0
BRDA:54,3,1,0
BRDA:64,4,0,0
BRDA:64,4,1,0
BRDA:66,5,0,0
BRDA:66,5,1,0
BRDA:73,6,0,0
BRDA:73,6,1,0
BRDA:83,7,0,0
BRDA:83,7,1,0
BRDA:83,7,2,0
BRDA:83,7,3,0
BRDA:100,8,0,0
BRDA:100,8,1,0
BRDA:23,9,0,0
BRDA:23,9,1,0
BRDA:23,10,0,0
BRDA:23,10,1,0
BRDA:23,11,0,0
BRDA:23,11,1,0
BRDA:23,12,0,0
BRDA:23,12,1,0
BRDA:25,13,0,0
BRDA:25,13,1,0
BRDA:25,14,0,0
BRDA:25,14,1,0
BRDA:27,15,0,0
BRDA:27,15,1,0
BRDA:27,16,0,0
BRDA:27,16,1,0
BRDA:28,17,0,0
BRDA:28,17,1,0
BRDA:28,18,0,0
BRDA:28,18,1,0
BRDA:29,19,0,0
BRDA:29,19,1,0
BRDA:29,20,0,0
BRDA:29,20,1,0
BRF:44
BRH:0
end_of_record
TN:
SF:src/use-cases/game/check-level-up.use-case.ts
FN:10,(anonymous_4)
FN:17,(anonymous_5)
FNF:2
FNH:0
FNDA:0,(anonymous_4)
FNDA:0,(anonymous_5)
DA:1,0
DA:2,0
DA:3,0
DA:4,0
DA:5,0
DA:6,0
DA:9,0
DA:12,0
DA:13,0
DA:14,0
DA:18,0
DA:19,0
DA:20,0
DA:23,0
DA:25,0
DA:27,0
DA:28,0
DA:29,0
DA:30,0
DA:31,0
DA:33,0
DA:36,0
DA:44,0
LF:23
LH:0
BRDA:19,0,0,0
BRDA:19,0,1,0
BRDA:25,1,0,0
BRDA:25,1,1,0
BRDA:25,2,0,0
BRDA:25,2,1,0
BRDA:12,3,0,0
BRDA:12,3,1,0
BRDA:12,4,0,0
BRDA:12,4,1,0
BRDA:12,5,0,0
BRDA:12,5,1,0
BRDA:12,6,0,0
BRDA:12,6,1,0
BRDA:13,7,0,0
BRDA:13,7,1,0
BRDA:13,8,0,0
BRDA:13,8,1,0
BRF:18
BRH:0
end_of_record
TN:
SF:src/use-cases/game/collect-passive-income.use-case.ts
FN:18,(anonymous_4)
FN:26,(anonymous_5)
FNF:2
FNH:0
FNDA:0,(anonymous_4)
FNDA:0,(anonymous_5)
DA:1,0
DA:2,0
DA:3,0
DA:4,0
DA:5,0
DA:6,0
DA:10,0
DA:17,0
DA:20,0
DA:21,0
DA:22,0
DA:23,0
DA:27,0
DA:28,0
DA:29,0
DA:32,0
DA:34,0
DA:36,0
DA:37,0
DA:39,0
DA:42,0
DA:49,0
DA:56,0
DA:57,0
DA:60,0
LF:25
LH:0
BRDA:28,0,0,0
BRDA:28,0,1,0
BRDA:34,1,0,0
BRDA:34,1,1,0
BRDA:20,2,0,0
BRDA:20,2,1,0
BRDA:20,3,0,0
BRDA:20,3,1,0
BRDA:20,4,0,0
BRDA:20,4,1,0
BRDA:20,5,0,0
BRDA:20,5,1,0
BRDA:21,6,0,0
BRDA:21,6,1,0
BRDA:21,7,0,0
BRDA:21,7,1,0
BRDA:22,8,0,0
BRDA:22,8,1,0
BRDA:22,9,0,0
BRDA:22,9,1,0
BRF:20
BRH:0
end_of_record
TN:
SF:src/use-cases/game/get-leaderboard.use-case.ts
FN:21,(anonymous_4)
FN:27,(anonymous_5)
FN:42,(anonymous_6)
FN:57,(anonymous_7)
FN:59,(anonymous_8)
FN:79,(anonymous_9)
FN:105,(anonymous_10)
FN:118,(anonymous_11)
FN:123,(anonymous_12)
FN:131,(anonymous_13)
FNF:10
FNH:0
FNDA:0,(anonymous_4)
FNDA:0,(anonymous_5)
FNDA:0,(anonymous_6)
FNDA:0,(anonymous_7)
FNDA:0,(anonymous_8)
FNDA:0,(anonymous_9)
FNDA:0,(anonymous_10)
FNDA:0,(anonymous_11)
FNDA:0,(anonymous_12)
FNDA:0,(anonymous_13)
DA:1,0
DA:2,0
DA:3,0
DA:4,0
DA:5,0
DA:20,0
DA:23,0
DA:24,0
DA:31,0
DA:34,0
DA:40,0
DA:42,0
DA:43,0
DA:57,0
DA:59,0
DA:60,0
DA:61,0
DA:76,0
DA:80,0
DA:97,0
DA:98,0
DA:105,0
DA:119,0
DA:120,0
DA:124,0
DA:133,0
DA:136,0
DA:143,0
DA:144,0
DA:145,0
DA:147,0
LF:31
LH:0
BRDA:28,0,0,0
BRDA:29,1,0,0
BRDA:40,2,0,0
BRDA:40,2,1,0
BRDA:64,3,0,0
BRDA:64,3,1,0
BRDA:65,4,0,0
BRDA:65,4,1,0
BRDA:66,5,0,0
BRDA:66,5,1,0
BRDA:67,6,0,0
BRDA:67,6,1,0
BRDA:68,7,0,0
BRDA:68,7,1,0
BRDA:69,8,0,0
BRDA:69,8,1,0
BRDA:70,9,0,0
BRDA:70,9,1,0
BRDA:79,10,0,0
BRDA:120,11,0,0
BRDA:120,11,1,0
BRDA:23,12,0,0
BRDA:23,12,1,0
BRDA:23,13,0,0
BRDA:23,13,1,0
BRDA:23,14,0,0
BRDA:23,14,1,0
BRDA:23,15,0,0
BRDA:23,15,1,0
BRF:29
BRH:0
end_of_record
TN:
SF:src/use-cases/game/get-upgrades.use-case.ts
FN:34,(anonymous_4)
FN:41,(anonymous_5)
FN:58,(anonymous_6)
FN:71,(anonymous_7)
FN:74,(anonymous_8)
FN:103,(anonymous_9)
FN:110,(anonymous_10)
FNF:7
FNH:0
FNDA:0,(anonymous_4)
FNDA:0,(anonymous_5)
FNDA:0,(anonymous_6)
FNDA:0,(anonymous_7)
FNDA:0,(anonymous_8)
FNDA:0,(anonymous_9)
FNDA:0,(anonymous_10)
DA:1,0
DA:2,0
DA:3,0
DA:4,0
DA:8,0
DA:33,0
DA:36,0
DA:38,0
DA:42,0
DA:44,0
DA:45,0
DA:48,0
DA:63,0
DA:66,0
DA:70,0
DA:71,0
DA:74,0
DA:75,0
DA:76,0
DA:77,0
DA:79,0
DA:104,0
DA:111,0
LF:23
LH:0
BRDA:44,0,0,0
BRDA:44,0,1,0
BRDA:44,1,0,0
BRDA:44,1,1,0
BRDA:75,2,0,0
BRDA:75,2,1,0
BRDA:98,3,0,0
BRDA:98,3,1,0
BRDA:36,4,0,0
BRDA:36,4,1,0
BRDA:36,5,0,0
BRDA:36,5,1,0
BRDA:36,6,0,0
BRDA:36,6,1,0
BRDA:36,7,0,0
BRDA:36,7,1,0
BRF:16
BRH:0
end_of_record
TN:
SF:src/use-cases/game/tap.use-case.ts
FN:18,(anonymous_4)
FN:41,(anonymous_5)
FN:119,(anonymous_6)
FN:166,(anonymous_7)
FNF:4
FNH:0
FNDA:0,(anonymous_4)
FNDA:0,(anonymous_5)
FNDA:0,(anonymous_6)
FNDA:0,(anonymous_7)
DA:1,0
DA:2,0
DA:3,0
DA:4,0
DA:5,0
DA:6,0
DA:7,0
DA:8,0
DA:9,0
DA:13,0
DA:20,0
DA:21,0
DA:22,0
DA:23,0
DA:24,0
DA:25,0
DA:27,0
DA:31,0
DA:35,0
DA:42,0
DA:45,0
DA:46,0
DA:51,0
DA:52,0
DA:53,0
DA:56,0
DA:57,0
DA:61,0
DA:63,0
DA:64,0
DA:70,0
DA:71,0
DA:72,0
DA:74,0
DA:75,0
DA:76,0
DA:77,0
DA:79,0
DA:82,0
DA:86,0
DA:92,0
DA:93,0
DA:94,0
DA:97,0
DA:98,0
DA:99,0
DA:100,0
DA:101,0
DA:102,0
DA:105,0
DA:106,0
DA:107,0
DA:108,0
DA:109,0
DA:110,0
DA:111,0
DA:114,0
DA:117,0
DA:119,0
DA:122,0
DA:131,0
DA:132,0
DA:140,0
DA:151,0
DA:152,0
DA:162,0
DA:167,0
LF:67
LH:0
BRDA:42,0,0,0
BRDA:42,0,1,0
BRDA:45,1,0,0
BRDA:45,1,1,0
BRDA:45,2,0,0
BRDA:45,2,1,0
BRDA:52,3,0,0
BRDA:52,3,1,0
BRDA:56,4,0,0
BRDA:56,4,1,0
BRDA:63,5,0,0
BRDA:63,5,1,0
BRDA:71,6,0,0
BRDA:71,6,1,0
BRDA:74,7,0,0
BRDA:74,7,1,0
BRDA:76,8,0,0
BRDA:76,8,1,0
BRDA:106,9,0,0
BRDA:106,9,1,0
BRDA:106,10,0,0
BRDA:106,10,1,0
BRDA:131,11,0,0
BRDA:131,11,1,0
BRDA:151,12,0,0
BRDA:151,12,1,0
BRDA:151,13,0,0
BRDA:151,13,1,0
BRDA:20,14,0,0
BRDA:20,14,1,0
BRDA:20,15,0,0
BRDA:20,15,1,0
BRDA:20,16,0,0
BRDA:20,16,1,0
BRDA:20,17,0,0
BRDA:20,17,1,0
BRDA:21,18,0,0
BRDA:21,18,1,0
BRDA:21,19,0,0
BRDA:21,19,1,0
BRDA:22,20,0,0
BRDA:22,20,1,0
BRDA:22,21,0,0
BRDA:22,21,1,0
BRDA:23,22,0,0
BRDA:23,22,1,0
BRDA:23,23,0,0
BRDA:23,23,1,0
BRDA:24,24,0,0
BRDA:24,24,1,0
BRDA:24,25,0,0
BRDA:24,25,1,0
BRF:52
BRH:0
end_of_record
TN:
SF:src/use-cases/minigame/get-minigame-leaderboard.use-case.ts
FN:31,(anonymous_4)
FN:38,(anonymous_5)
FN:81,(anonymous_6)
FN:128,(anonymous_7)
FN:139,(anonymous_8)
FN:141,(anonymous_9)
FN:144,(anonymous_10)
FN:145,(anonymous_11)
FN:161,(anonymous_12)
FN:169,(anonymous_13)
FNF:10
FNH:0
FNDA:0,(anonymous_4)
FNDA:0,(anonymous_5)
FNDA:0,(anonymous_6)
FNDA:0,(anonymous_7)
FNDA:0,(anonymous_8)
FNDA:0,(anonymous_9)
FNDA:0,(anonymous_10)
FNDA:0,(anonymous_11)
FNDA:0,(anonymous_12)
FNDA:0,(anonymous_13)
DA:1,0
DA:2,0
DA:3,0
DA:4,0
DA:9,0
DA:30,0
DA:33,0
DA:35,0
DA:43,0
DA:53,0
DA:54,0
DA:57,0
DA:60,0
DA:61,0
DA:63,0
DA:64,0
DA:69,0
DA:78,0
DA:87,0
DA:93,0
DA:94,0
DA:97,0
DA:98,0
DA:101,0
DA:106,0
DA:107,0
DA:111,0
DA:120,0
DA:121,0
DA:124,0
DA:125,0
DA:129,0
DA:131,0
DA:132,0
DA:137,0
DA:139,0
DA:140,0
DA:141,0
DA:144,0
DA:145,0
DA:147,0
DA:158,0
DA:162,0
DA:176,0
DA:179,0
DA:185,0
DA:195,0
DA:201,0
LF:48
LH:0
BRDA:41,0,0,0
BRDA:53,1,0,0
BRDA:53,1,1,0
BRDA:71,2,0,0
BRDA:71,2,1,0
BRDA:93,3,0,0
BRDA:93,3,1,0
BRDA:98,4,0,0
BRDA:98,4,1,0
BRDA:106,5,0,0
BRDA:106,5,1,0
BRDA:120,6,0,0
BRDA:120,6,1,0
BRDA:137,7,0,0
BRDA:137,7,1,0
BRDA:154,8,0,0
BRDA:154,8,1,0
BRDA:161,9,0,0
BRDA:203,10,0,0
BRDA:203,10,1,0
BRDA:204,11,0,0
BRDA:204,11,1,0
BRDA:205,12,0,0
BRDA:205,12,1,0
BRDA:33,13,0,0
BRDA:33,13,1,0
BRDA:33,14,0,0
BRDA:33,14,1,0
BRDA:33,15,0,0
BRDA:33,15,1,0
BRDA:33,16,0,0
BRDA:33,16,1,0
BRF:32
BRH:0
end_of_record
TN:
SF:src/use-cases/minigame/submit-minigame-score.use-case.ts
FN:46,(anonymous_4)
FN:54,(anonymous_5)
FN:127,(anonymous_6)
FN:138,(anonymous_7)
FNF:4
FNH:4
FNDA:6,(anonymous_4)
FNDA:7,(anonymous_5)
FNDA:4,(anonymous_6)
FNDA:4,(anonymous_7)
DA:1,1
DA:2,1
DA:3,1
DA:4,1
DA:5,1
DA:11,1
DA:29,1
DA:31,6
DA:38,6
DA:48,6
DA:50,6
DA:51,6
DA:58,7
DA:61,7
DA:65,7
DA:66,1
DA:69,6
DA:70,1
DA:74,5
DA:75,1
DA:79,4
DA:80,4
DA:83,4
DA:86,4
DA:98,4
DA:101,4
DA:102,4
DA:103,4
DA:106,4
DA:115,4
DA:116,4
DA:124,4
DA:128,4
DA:135,4
DA:144,4
DA:145,4
DA:146,4
DA:147,4
DA:149,4
DA:155,4
DA:159,4
LF:41
LH:41
BRDA:65,0,0,1
BRDA:65,0,1,6
BRDA:69,1,0,1
BRDA:69,1,1,5
BRDA:74,2,0,1
BRDA:74,2,1,4
BRDA:91,3,0,4
BRDA:91,3,1,0
BRDA:115,4,0,4
BRDA:115,4,1,0
BRDA:135,5,0,4
BRDA:135,5,1,0
BRDA:147,6,0,4
BRDA:147,6,1,0
BRDA:155,7,0,4
BRDA:155,7,1,0
BRDA:48,8,0,1
BRDA:48,8,1,0
BRDA:48,9,0,1
BRDA:48,9,1,1
BRDA:48,10,0,1
BRDA:48,10,1,0
BRDA:48,11,0,1
BRDA:48,11,1,1
BRDA:50,12,0,1
BRDA:50,12,1,0
BRDA:50,13,0,1
BRDA:50,13,1,1
BRF:28
BRH:20
end_of_record
TN:
SF:src/use-cases/mission/claim-mission-reward.use-case.ts
FN:30,(anonymous_4)
FN:42,(anonymous_5)
FN:153,(anonymous_6)
FNF:3
FNH:0
FNDA:0,(anonymous_4)
FNDA:0,(anonymous_5)
FNDA:0,(anonymous_6)
DA:1,0
DA:2,0
DA:3,0
DA:4,0
DA:5,0
DA:6,0
DA:7,0
DA:8,0
DA:29,0
DA:32,0
DA:34,0
DA:36,0
DA:37,0
DA:38,0
DA:39,0
DA:43,0
DA:44,0
DA:45,0
DA:47,0
DA:48,0
DA:52,0
DA:53,0
DA:56,0
DA:60,0
DA:61,0
DA:64,0
DA:65,0
DA:68,0
DA:69,0
DA:73,0
DA:74,0
DA:77,0
DA:81,0
DA:82,0
DA:86,0
DA:87,0
DA:89,0
DA:90,0
DA:91,0
DA:94,0
DA:95,0
DA:96,0
DA:99,0
DA:100,0
DA:101,0
DA:104,0
DA:105,0
DA:106,0
DA:110,0
DA:111,0
DA:113,0
DA:114,0
DA:116,0
DA:119,0
DA:126,0
DA:133,0
DA:146,0
DA:147,0
DA:149,0
DA:154,0
DA:163,0
DA:165,0
DA:167,0
DA:168,0
DA:171,0
DA:172,0
DA:173,0
DA:176,0
DA:180,0
LF:69
LH:0
BRDA:52,0,0,0
BRDA:52,0,1,0
BRDA:60,1,0,0
BRDA:60,1,1,0
BRDA:64,2,0,0
BRDA:64,2,1,0
BRDA:68,3,0,0
BRDA:68,3,1,0
BRDA:73,4,0,0
BRDA:73,4,1,0
BRDA:73,5,0,0
BRDA:73,5,1,0
BRDA:81,6,0,0
BRDA:81,6,1,0
BRDA:89,7,0,0
BRDA:89,7,1,0
BRDA:94,8,0,0
BRDA:94,8,1,0
BRDA:99,9,0,0
BRDA:99,9,1,0
BRDA:104,10,0,0
BRDA:104,10,1,0
BRDA:167,11,0,0
BRDA:167,11,1,0
BRDA:167,12,0,0
BRDA:167,12,1,0
BRDA:32,13,0,0
BRDA:32,13,1,0
BRDA:32,14,0,0
BRDA:32,14,1,0
BRDA:32,15,0,0
BRDA:32,15,1,0
BRDA:32,16,0,0
BRDA:32,16,1,0
BRDA:34,17,0,0
BRDA:34,17,1,0
BRDA:34,18,0,0
BRDA:34,18,1,0
BRDA:36,19,0,0
BRDA:36,19,1,0
BRDA:36,20,0,0
BRDA:36,20,1,0
BRDA:37,21,0,0
BRDA:37,21,1,0
BRDA:37,22,0,0
BRDA:37,22,1,0
BRDA:38,23,0,0
BRDA:38,23,1,0
BRDA:38,24,0,0
BRDA:38,24,1,0
BRF:50
BRH:0
end_of_record
TN:
SF:src/use-cases/mission/get-missions.use-case.ts
FN:26,(anonymous_4)
FN:35,(anonymous_5)
FN:76,(anonymous_6)
FN:97,(anonymous_7)
FN:101,(anonymous_8)
FN:105,(anonymous_9)
FN:109,(anonymous_10)
FN:115,(anonymous_11)
FNF:8
FNH:0
FNDA:0,(anonymous_4)
FNDA:0,(anonymous_5)
FNDA:0,(anonymous_6)
FNDA:0,(anonymous_7)
FNDA:0,(anonymous_8)
FNDA:0,(anonymous_9)
FNDA:0,(anonymous_10)
FNDA:0,(anonymous_11)
DA:1,0
DA:2,0
DA:3,0
DA:4,0
DA:5,0
DA:6,0
DA:25,0
DA:28,0
DA:30,0
DA:32,0
DA:39,0
DA:40,0
DA:41,0
DA:45,0
DA:50,0
DA:51,0
DA:54,0
DA:60,0
DA:61,0
DA:63,0
DA:67,0
DA:68,0
DA:70,0
DA:71,0
DA:73,0
DA:76,0
DA:77,0
DA:79,0
DA:98,0
DA:102,0
DA:106,0
DA:110,0
DA:111,0
DA:112,0
DA:116,0
DA:118,0
DA:120,0
DA:121,0
DA:123,0
DA:124,0
DA:126,0
LF:41
LH:0
BRDA:40,0,0,0
BRDA:40,0,1,0
BRDA:50,1,0,0
BRDA:50,1,1,0
BRDA:70,2,0,0
BRDA:70,2,1,0
BRDA:70,3,0,0
BRDA:70,3,1,0
BRDA:87,4,0,0
BRDA:87,4,1,0
BRDA:89,5,0,0
BRDA:89,5,1,0
BRDA:90,6,0,0
BRDA:90,6,1,0
BRDA:91,7,0,0
BRDA:91,7,1,0
BRDA:118,8,0,0
BRDA:118,8,1,0
BRDA:118,8,2,0
BRDA:28,9,0,0
BRDA:28,9,1,0
BRDA:28,10,0,0
BRDA:28,10,1,0
BRDA:28,11,0,0
BRDA:28,11,1,0
BRDA:28,12,0,0
BRDA:28,12,1,0
BRDA:30,13,0,0
BRDA:30,13,1,0
BRDA:30,14,0,0
BRDA:30,14,1,0
BRF:31
BRH:0
end_of_record
TN:
SF:src/use-cases/mission/update-mission-progress.use-case.ts
FN:23,(anonymous_4)
FN:31,(anonymous_5)
FN:114,(anonymous_6)
FN:146,(anonymous_7)
FN:169,(anonymous_8)
FN:183,(anonymous_9)
FNF:6
FNH:0
FNDA:0,(anonymous_4)
FNDA:0,(anonymous_5)
FNDA:0,(anonymous_6)
FNDA:0,(anonymous_7)
FNDA:0,(anonymous_8)
FNDA:0,(anonymous_9)
DA:1,0
DA:2,0
DA:3,0
DA:4,0
DA:5,0
DA:10,0
DA:22,0
DA:25,0
DA:27,0
DA:28,0
DA:38,0
DA:44,0
DA:45,0
DA:48,0
DA:49,0
DA:51,0
DA:53,0
DA:60,0
DA:61,0
DA:65,0
DA:67,0
DA:70,0
DA:71,0
DA:74,0
DA:75,0
DA:77,0
DA:84,0
DA:86,0
DA:87,0
DA:88,0
DA:91,0
DA:99,0
DA:101,0
DA:111,0
DA:119,0
DA:120,0
DA:122,0
DA:130,0
DA:131,0
DA:140,0
DA:143,0
DA:151,0
DA:152,0
DA:155,0
DA:165,0
DA:166,0
DA:170,0
DA:171,0
DA:173,0
DA:175,0
DA:176,0
DA:177,0
DA:180,0
DA:184,0
DA:185,0
DA:188,0
DA:190,0
DA:192,0
DA:193,0
DA:195,0
DA:196,0
DA:199,0
LF:62
LH:0
BRDA:34,0,0,0
BRDA:44,1,0,0
BRDA:44,1,1,0
BRDA:60,2,0,0
BRDA:60,2,1,0
BRDA:60,3,0,0
BRDA:60,3,1,0
BRDA:65,4,0,0
BRDA:65,4,1,0
BRDA:65,5,0,0
BRDA:65,5,1,0
BRDA:74,6,0,0
BRDA:74,6,1,0
BRDA:84,7,0,0
BRDA:84,7,1,0
BRDA:86,8,0,0
BRDA:86,8,1,0
BRDA:130,9,0,0
BRDA:130,9,1,0
BRDA:138,10,0,0
BRDA:138,10,1,0
BRDA:162,11,0,0
BRDA:162,11,1,0
BRDA:173,12,0,0
BRDA:173,12,1,0
BRDA:176,13,0,0
BRDA:176,13,1,0
BRDA:184,14,0,0
BRDA:184,14,1,0
BRDA:190,15,0,0
BRDA:190,15,1,0
BRDA:25,16,0,0
BRDA:25,16,1,0
BRDA:25,17,0,0
BRDA:25,17,1,0
BRDA:25,18,0,0
BRDA:25,18,1,0
BRDA:25,19,0,0
BRDA:25,19,1,0
BRDA:27,20,0,0
BRDA:27,20,1,0
BRDA:27,21,0,0
BRDA:27,21,1,0
BRF:43
BRH:0
end_of_record
TN:
SF:src/use-cases/notification/create-notification.use-case.ts
FN:21,(anonymous_4)
FN:26,(anonymous_5)
FN:41,(anonymous_6)
FN:56,(anonymous_7)
FN:72,(anonymous_8)
FN:88,(anonymous_9)
FN:98,(anonymous_10)
FN:113,(anonymous_11)
FN:127,(anonymous_12)
FN:134,(anonymous_13)
FNF:10
FNH:0
FNDA:0,(anonymous_4)
FNDA:0,(anonymous_5)
FNDA:0,(anonymous_6)
FNDA:0,(anonymous_7)
FNDA:0,(anonymous_8)
FNDA:0,(anonymous_9)
FNDA:0,(anonymous_10)
FNDA:0,(anonymous_11)
FNDA:0,(anonymous_12)
FNDA:0,(anonymous_13)
DA:1,0
DA:2,0
DA:3,0
DA:4,0
DA:20,0
DA:23,0
DA:27,0
DA:38,0
DA:46,0
DA:61,0
DA:77,0
DA:89,0
DA:103,0
DA:118,0
DA:134,0
DA:135,0
DA:145,0
LF:17
LH:0
BRDA:81,0,0,0
BRDA:81,0,1,0
BRDA:23,1,0,0
BRDA:23,1,1,0
BRDA:23,2,0,0
BRDA:23,2,1,0
BRF:6
BRH:0
end_of_record
TN:
SF:src/use-cases/notification/get-notifications.use-case.ts
FN:32,(anonymous_4)
FN:37,(anonymous_5)
FN:60,(anonymous_6)
FN:76,(anonymous_7)
FN:82,(anonymous_8)
FNF:5
FNH:0
FNDA:0,(anonymous_4)
FNDA:0,(anonymous_5)
FNDA:0,(anonymous_6)
FNDA:0,(anonymous_7)
FNDA:0,(anonymous_8)
DA:1,0
DA:2,0
DA:3,0
DA:4,0
DA:31,0
DA:34,0
DA:41,0
DA:43,0
DA:44,0
DA:45,0
DA:48,0
DA:55,0
DA:59,0
DA:60,0
DA:77,0
DA:83,0
DA:84,0
DA:86,0
DA:91,0
LF:19
LH:0
BRDA:39,0,0,0
BRDA:41,1,0,0
BRDA:41,2,0,0
BRDA:41,3,0,0
BRDA:44,4,0,0
BRDA:44,4,1,0
BRDA:82,5,0,0
BRDA:91,6,0,0
BRDA:91,6,1,0
BRDA:34,7,0,0
BRDA:34,7,1,0
BRDA:34,8,0,0
BRDA:34,8,1,0
BRF:13
BRH:0
end_of_record
TN:
SF:src/use-cases/notification/mark-as-read.use-case.ts
FN:8,(anonymous_4)
FN:13,(anonymous_5)
FN:32,(anonymous_6)
FN:51,(anonymous_7)
FNF:4
FNH:0
FNDA:0,(anonymous_4)
FNDA:0,(anonymous_5)
FNDA:0,(anonymous_6)
FNDA:0,(anonymous_7)
DA:1,0
DA:2,0
DA:3,0
DA:4,0
DA:7,0
DA:10,0
DA:14,0
DA:18,0
DA:19,0
DA:22,0
DA:23,0
DA:26,0
DA:27,0
DA:29,0
DA:36,0
DA:48,0
DA:52,0
DA:63,0
LF:18
LH:0
BRDA:18,0,0,0
BRDA:18,0,1,0
BRDA:22,1,0,0
BRDA:22,1,1,0
BRDA:48,2,0,0
BRDA:48,2,1,0
BRDA:63,3,0,0
BRDA:63,3,1,0
BRDA:10,4,0,0
BRDA:10,4,1,0
BRDA:10,5,0,0
BRDA:10,5,1,0
BRF:12
BRH:0
end_of_record
TN:
SF:src/use-cases/referral/get-referral-link.use-case.ts
FN:17,(anonymous_4)
FN:28,(anonymous_5)
FN:47,(anonymous_6)
FNF:3
FNH:0
FNDA:0,(anonymous_4)
FNDA:0,(anonymous_5)
FNDA:0,(anonymous_6)
DA:1,0
DA:2,0
DA:3,0
DA:4,0
DA:5,0
DA:14,0
DA:19,0
DA:20,0
DA:22,0
DA:29,0
DA:30,0
DA:31,0
DA:35,0
DA:38,0
DA:40,0
DA:50,0
DA:51,0
LF:17
LH:0
BRDA:30,0,0,0
BRDA:30,0,1,0
BRDA:19,1,0,0
BRDA:19,1,1,0
BRDA:19,2,0,0
BRDA:19,2,1,0
BRDA:19,3,0,0
BRDA:19,3,1,0
BRDA:19,4,0,0
BRDA:19,4,1,0
BRF:10
BRH:0
end_of_record
TN:
SF:src/use-cases/referral/get-referral-stats.use-case.ts
FN:39,(anonymous_4)
FN:46,(anonymous_5)
FN:71,(anonymous_6)
FN:84,(anonymous_7)
FN:97,(anonymous_8)
FN:99,(anonymous_9)
FN:101,(anonymous_10)
FNF:7
FNH:0
FNDA:0,(anonymous_4)
FNDA:0,(anonymous_5)
FNDA:0,(anonymous_6)
FNDA:0,(anonymous_7)
FNDA:0,(anonymous_8)
FNDA:0,(anonymous_9)
FNDA:0,(anonymous_10)
DA:1,0
DA:2,0
DA:3,0
DA:4,0
DA:5,0
DA:30,0
DA:31,0
DA:41,0
DA:43,0
DA:47,0
DA:53,0
DA:54,0
DA:56,0
DA:58,0
DA:59,0
DA:61,0
DA:71,0
DA:76,0
DA:87,0
DA:97,0
DA:98,0
DA:99,0
DA:101,0
LF:23
LH:0
BRDA:63,0,0,0
BRDA:63,0,1,0
BRDA:64,1,0,0
BRDA:64,1,1,0
BRDA:65,2,0,0
BRDA:65,2,1,0
BRDA:85,3,0,0
BRDA:104,4,0,0
BRDA:104,4,1,0
BRDA:41,5,0,0
BRDA:41,5,1,0
BRDA:41,6,0,0
BRDA:41,6,1,0
BRDA:41,7,0,0
BRDA:41,7,1,0
BRDA:41,8,0,0
BRDA:41,8,1,0
BRF:17
BRH:0
end_of_record
TN:
SF:src/use-cases/referral/process-referral.use-case.ts
FN:21,(anonymous_4)
FN:31,(anonymous_5)
FN:130,(anonymous_6)
FNF:3
FNH:0
FNDA:0,(anonymous_4)
FNDA:0,(anonymous_5)
FNDA:0,(anonymous_6)
DA:1,0
DA:2,0
DA:3,0
DA:4,0
DA:5,0
DA:6,0
DA:7,0
DA:17,0
DA:18,0
DA:19,0
DA:23,0
DA:25,0
DA:26,0
DA:27,0
DA:28,0
DA:36,0
DA:37,0
DA:38,0
DA:42,0
DA:45,0
DA:46,0
DA:50,0
DA:51,0
DA:55,0
DA:56,0
DA:60,0
DA:63,0
DA:64,0
DA:67,0
DA:68,0
DA:69,0
DA:71,0
DA:73,0
DA:79,0
DA:82,0
DA:83,0
DA:86,0
DA:87,0
DA:88,0
DA:90,0
DA:93,0
DA:98,0
DA:105,0
DA:110,0
DA:116,0
DA:123,0
DA:124,0
DA:126,0
DA:132,0
DA:133,0
DA:134,0
DA:136,0
LF:52
LH:0
BRDA:37,0,0,0
BRDA:37,0,1,0
BRDA:45,1,0,0
BRDA:45,1,1,0
BRDA:50,2,0,0
BRDA:50,2,1,0
BRDA:55,3,0,0
BRDA:55,3,1,0
BRDA:63,4,0,0
BRDA:63,4,1,0
BRDA:23,5,0,0
BRDA:23,5,1,0
BRDA:23,6,0,0
BRDA:23,6,1,0
BRDA:23,7,0,0
BRDA:23,7,1,0
BRDA:23,8,0,0
BRDA:23,8,1,0
BRDA:25,9,0,0
BRDA:25,9,1,0
BRDA:25,10,0,0
BRDA:25,10,1,0
BRDA:26,11,0,0
BRDA:26,11,1,0
BRDA:26,12,0,0
BRDA:26,12,1,0
BRDA:27,13,0,0
BRDA:27,13,1,0
BRDA:27,14,0,0
BRDA:27,14,1,0
BRF:30
BRH:0
end_of_record
TN:
SF:src/use-cases/season/calculate-season-rewards.use-case.ts
FN:39,(anonymous_4)
FN:48,(anonymous_5)
FN:93,(anonymous_6)
FN:126,(anonymous_7)
FN:159,(anonymous_8)
FN:167,(anonymous_9)
FN:191,(anonymous_10)
FN:193,(anonymous_11)
FN:200,(anonymous_12)
FN:211,(anonymous_13)
FN:228,(anonymous_14)
FN:237,(anonymous_15)
FN:253,(anonymous_16)
FNF:13
FNH:0
FNDA:0,(anonymous_4)
FNDA:0,(anonymous_5)
FNDA:0,(anonymous_6)
FNDA:0,(anonymous_7)
FNDA:0,(anonymous_8)
FNDA:0,(anonymous_9)
FNDA:0,(anonymous_10)
FNDA:0,(anonymous_11)
FNDA:0,(anonymous_12)
FNDA:0,(anonymous_13)
FNDA:0,(anonymous_14)
FNDA:0,(anonymous_15)
FNDA:0,(anonymous_16)
DA:1,0
DA:2,0
DA:3,0
DA:4,0
DA:5,0
DA:10,0
DA:11,0
DA:38,0
DA:41,0
DA:43,0
DA:44,0
DA:45,0
DA:49,0
DA:53,0
DA:54,0
DA:57,0
DA:58,0
DA:61,0
DA:62,0
DA:66,0
DA:68,0
DA:69,0
DA:79,0
DA:84,0
DA:94,0
DA:96,0
DA:97,0
DA:101,0
DA:102,0
DA:105,0
DA:118,0
DA:123,0
DA:128,0
DA:129,0
DA:131,0
DA:132,0
DA:133,0
DA:134,0
DA:135,0
DA:140,0
DA:141,0
DA:149,0
DA:153,0
DA:159,0
DA:171,0
DA:173,0
DA:174,0
DA:176,0
DA:177,0
DA:188,0
DA:193,0
DA:194,0
DA:195,0
DA:199,0
DA:201,0
DA:208,0
DA:212,0
DA:216,0
DA:217,0
DA:221,0
DA:222,0
DA:223,0
DA:225,0
DA:229,0
DA:233,0
DA:234,0
DA:242,0
DA:244,0
DA:245,0
DA:252,0
DA:253,0
DA:257,0
LF:72
LH:0
BRDA:53,0,0,0
BRDA:53,0,1,0
BRDA:57,1,0,0
BRDA:57,1,1,0
BRDA:61,2,0,0
BRDA:61,2,1,0
BRDA:68,3,0,0
BRDA:68,3,1,0
BRDA:96,4,0,0
BRDA:96,4,1,0
BRDA:131,5,0,0
BRDA:131,5,1,0
BRDA:140,6,0,0
BRDA:140,6,1,0
BRDA:143,7,0,0
BRDA:143,7,1,0
BRDA:161,8,0,0
BRDA:161,8,1,0
BRDA:176,9,0,0
BRDA:176,9,1,0
BRDA:194,10,0,0
BRDA:194,10,1,0
BRDA:201,11,0,0
BRDA:201,11,1,0
BRDA:201,11,2,0
BRDA:201,11,3,0
BRDA:201,11,4,0
BRDA:208,12,0,0
BRDA:208,12,1,0
BRDA:216,13,0,0
BRDA:216,13,1,0
BRDA:229,14,0,0
BRDA:229,14,1,0
BRDA:234,15,0,0
BRDA:234,15,1,0
BRDA:244,16,0,0
BRDA:244,16,1,0
BRDA:41,17,0,0
BRDA:41,17,1,0
BRDA:41,18,0,0
BRDA:41,18,1,0
BRDA:41,19,0,0
BRDA:41,19,1,0
BRDA:41,20,0,0
BRDA:41,20,1,0
BRDA:43,21,0,0
BRDA:43,21,1,0
BRDA:43,22,0,0
BRDA:43,22,1,0
BRDA:44,23,0,0
BRDA:44,23,1,0
BRDA:44,24,0,0
BRDA:44,24,1,0
BRF:53
BRH:0
end_of_record
TN:
SF:src/use-cases/season/get-current-season.use-case.ts
FN:15,(anonymous_4)
FN:20,(anonymous_5)
FN:56,(anonymous_6)
FN:62,(anonymous_7)
FN:68,(anonymous_8)
FNF:5
FNH:5
FNDA:7,(anonymous_4)
FNDA:3,(anonymous_5)
FNDA:1,(anonymous_6)
FNDA:2,(anonymous_7)
FNDA:1,(anonymous_8)
DA:1,1
DA:2,1
DA:3,1
DA:4,1
DA:14,1
DA:17,7
DA:21,3
DA:24,3
DA:34,3
DA:35,2
DA:44,3
DA:45,1
DA:48,2
DA:57,1
DA:63,2
DA:69,1
LF:16
LH:16
BRDA:34,0,0,2
BRDA:34,0,1,1
BRDA:44,1,0,1
BRDA:44,1,1,2
BRDA:17,2,0,1
BRDA:17,2,1,0
BRDA:17,3,0,1
BRDA:17,3,1,1
BRF:8
BRH:7
end_of_record
TN:
SF:src/use-cases/shop/get-products.use-case.ts
FN:15,(anonymous_4)
FN:22,(anonymous_5)
FN:74,(anonymous_6)
FN:80,(anonymous_7)
FN:88,(anonymous_8)
FN:95,(anonymous_9)
FN:102,(anonymous_10)
FN:105,(anonymous_11)
FN:118,(anonymous_12)
FN:127,(anonymous_13)
FNF:10
FNH:0
FNDA:0,(anonymous_4)
FNDA:0,(anonymous_5)
FNDA:0,(anonymous_6)
FNDA:0,(anonymous_7)
FNDA:0,(anonymous_8)
FNDA:0,(anonymous_9)
FNDA:0,(anonymous_10)
FNDA:0,(anonymous_11)
FNDA:0,(anonymous_12)
FNDA:0,(anonymous_13)
DA:1,0
DA:2,0
DA:3,0
DA:4,0
DA:5,0
DA:14,0
DA:17,0
DA:19,0
DA:27,0
DA:33,0
DA:34,0
DA:37,0
DA:38,0
DA:41,0
DA:44,0
DA:46,0
DA:47,0
DA:49,0
DA:51,0
DA:52,0
DA:56,0
DA:57,0
DA:60,0
DA:63,0
DA:64,0
DA:68,0
DA:71,0
DA:75,0
DA:81,0
DA:89,0
DA:96,0
DA:102,0
DA:109,0
DA:119,0
DA:127,0
LF:35
LH:0
BRDA:33,0,0,0
BRDA:33,0,1,0
BRDA:37,1,0,0
BRDA:37,1,1,0
BRDA:47,2,0,0
BRDA:47,2,1,0
BRDA:51,3,0,0
BRDA:51,3,1,0
BRDA:51,4,0,0
BRDA:51,4,1,0
BRDA:63,5,0,0
BRDA:63,5,1,0
BRDA:17,6,0,0
BRDA:17,6,1,0
BRDA:17,7,0,0
BRDA:17,7,1,0
BRDA:17,8,0,0
BRDA:17,8,1,0
BRDA:17,9,0,0
BRDA:17,9,1,0
BRF:20
BRH:0
end_of_record
TN:
SF:src/use-cases/shop/process-purchase.use-case.ts
FN:42,(anonymous_4)
FN:54,(anonymous_5)
FN:142,(anonymous_6)
FN:173,(anonymous_7)
FN:251,(anonymous_8)
FN:263,(anonymous_9)
FN:270,(anonymous_10)
FN:273,(anonymous_11)
FNF:8
FNH:7
FNDA:11,(anonymous_4)
FNDA:7,(anonymous_5)
FNDA:3,(anonymous_6)
FNDA:2,(anonymous_7)
FNDA:0,(anonymous_8)
FNDA:2,(anonymous_9)
FNDA:2,(anonymous_10)
FNDA:2,(anonymous_11)
DA:1,1
DA:6,1
DA:7,1
DA:8,1
DA:9,1
DA:15,1
DA:16,1
DA:17,1
DA:41,1
DA:44,11
DA:46,11
DA:48,11
DA:50,11
DA:51,11
DA:55,7
DA:58,7
DA:62,7
DA:63,1
DA:66,6
DA:67,1
DA:71,5
DA:75,5
DA:76,1
DA:79,4
DA:80,1
DA:84,3
DA:85,0
DA:89,0
DA:90,0
DA:95,3
DA:98,2
DA:113,2
DA:116,2
DA:119,2
DA:120,2
DA:123,2
DA:124,2
DA:127,2
DA:136,2
DA:146,3
DA:148,2
DA:149,1
DA:151,1
DA:152,1
DA:153,1
DA:156,0
DA:157,0
DA:159,0
DA:160,0
DA:161,0
DA:166,1
DA:169,0
DA:178,2
DA:179,2
DA:182,2
DA:183,1
DA:184,1
DA:188,2
DA:189,1
DA:190,1
DA:191,1
DA:195,2
DA:196,0
DA:197,0
DA:201,2
DA:204,2
DA:205,0
DA:206,0
DA:209,0
DA:217,0
DA:219,0
DA:223,0
DA:224,0
DA:231,0
DA:239,0
DA:240,0
DA:248,2
DA:255,0
DA:264,2
DA:270,2
DA:277,2
DA:281,2
DA:282,1
DA:285,1
LF:84
LH:62
BRDA:62,0,0,1
BRDA:62,0,1,6
BRDA:66,1,0,1
BRDA:66,1,1,5
BRDA:75,2,0,1
BRDA:75,2,1,4
BRDA:79,3,0,1
BRDA:79,3,1,3
BRDA:84,4,0,0
BRDA:84,4,1,3
BRDA:89,5,0,0
BRDA:89,5,1,0
BRDA:146,6,0,2
BRDA:146,6,1,0
BRDA:146,6,2,1
BRDA:146,6,3,0
BRDA:148,7,0,1
BRDA:148,7,1,1
BRDA:156,8,0,0
BRDA:156,8,1,0
BRDA:182,9,0,1
BRDA:182,9,1,1
BRDA:188,10,0,1
BRDA:188,10,1,1
BRDA:195,11,0,0
BRDA:195,11,1,2
BRDA:204,12,0,0
BRDA:204,12,1,2
BRDA:204,13,0,2
BRDA:204,13,1,0
BRDA:217,14,0,0
BRDA:217,14,1,0
BRDA:217,15,0,0
BRDA:217,15,1,0
BRDA:234,16,0,0
BRDA:234,16,1,0
BRDA:253,17,0,0
BRDA:281,18,0,1
BRDA:281,18,1,1
BRDA:281,19,0,2
BRDA:281,19,1,1
BRDA:44,20,0,1
BRDA:44,20,1,0
BRDA:44,21,0,1
BRDA:44,21,1,1
BRDA:44,22,0,1
BRDA:44,22,1,0
BRDA:44,23,0,1
BRDA:44,23,1,1
BRDA:46,24,0,1
BRDA:46,24,1,0
BRDA:46,25,0,1
BRDA:46,25,1,1
BRDA:48,26,0,1
BRDA:48,26,1,0
BRDA:48,27,0,1
BRDA:48,27,1,1
BRDA:50,28,0,1
BRDA:50,28,1,0
BRDA:50,29,0,1
BRDA:50,29,1,1
BRF:61
BRH:39
end_of_record
TN:
SF:src/use-cases/transaction/create-transaction.use-case.ts
FN:15,(anonymous_2)
FN:17,(anonymous_3)
FN:21,(anonymous_4)
FN:38,(anonymous_5)
FN:55,(anonymous_6)
FN:74,(anonymous_7)
FN:94,(anonymous_8)
FN:133,(anonymous_9)
FN:152,(anonymous_10)
FN:207,(anonymous_11)
FNF:10
FNH:10
FNDA:11,(anonymous_2)
FNDA:15,(anonymous_3)
FNDA:1,(anonymous_4)
FNDA:1,(anonymous_5)
FNDA:1,(anonymous_6)
FNDA:1,(anonymous_7)
FNDA:3,(anonymous_8)
FNDA:1,(anonymous_9)
FNDA:1,(anonymous_10)
FNDA:1,(anonymous_11)
DA:1,1
DA:2,1
DA:6,1
DA:14,1
DA:15,11
DA:18,15
DA:26,1
DA:43,1
DA:61,1
DA:81,1
DA:101,3
DA:102,3
DA:108,3
DA:109,2
DA:116,2
DA:119,3
DA:120,2
DA:127,2
DA:130,3
DA:139,1
DA:161,1
DA:162,1
DA:168,1
DA:169,1
DA:177,1
DA:180,1
DA:181,1
DA:189,1
DA:192,1
DA:193,1
DA:201,1
DA:204,1
DA:212,1
DA:216,1
DA:224,1
DA:232,1
LF:36
LH:36
BRDA:108,0,0,2
BRDA:108,0,1,1
BRDA:119,1,0,2
BRDA:119,1,1,1
BRDA:168,2,0,1
BRDA:168,2,1,0
BRDA:180,3,0,1
BRDA:180,3,1,0
BRDA:192,4,0,1
BRDA:192,4,1,0
BRDA:15,5,0,1
BRDA:15,5,1,0
BRDA:15,6,0,1
BRDA:15,6,1,1
BRF:14
BRH:10
end_of_record
TN:
SF:src/use-cases/transaction/get-transaction-history.use-case.ts
FN:29,(anonymous_2)
FN:31,(anonymous_3)
FN:60,(anonymous_4)
FN:74,(anonymous_5)
FN:82,(anonymous_6)
FN:93,(anonymous_7)
FN:102,(anonymous_8)
FN:110,(anonymous_9)
FN:118,(anonymous_10)
FNF:9
FNH:0
FNDA:0,(anonymous_2)
FNDA:0,(anonymous_3)
FNDA:0,(anonymous_4)
FNDA:0,(anonymous_5)
FNDA:0,(anonymous_6)
FNDA:0,(anonymous_7)
FNDA:0,(anonymous_8)
FNDA:0,(anonymous_9)
FNDA:0,(anonymous_10)
DA:1,0
DA:2,0
DA:6,0
DA:28,0
DA:29,0
DA:37,0
DA:39,0
DA:51,0
DA:66,0
DA:79,0
DA:86,0
DA:90,0
DA:99,0
DA:107,0
DA:115,0
DA:123,0
LF:16
LH:0
BRDA:33,0,0,0
BRDA:34,1,0,0
BRDA:35,2,0,0
BRDA:77,3,0,0
BRDA:84,4,0,0
BRDA:96,5,0,0
BRDA:97,6,0,0
BRDA:104,7,0,0
BRDA:105,8,0,0
BRDA:112,9,0,0
BRDA:113,10,0,0
BRDA:120,11,0,0
BRDA:121,12,0,0
BRDA:29,13,0,0
BRDA:29,13,1,0
BRDA:29,14,0,0
BRDA:29,14,1,0
BRF:17
BRH:0
end_of_record
